<?xml version="1.0" encoding="UTF-8"?>
<coverage generated="1678899387051" clover="3.2.0">
  <project timestamp="1678899387051" name="All files">
    <metrics statements="450" coveredstatements="371" conditionals="75" coveredconditionals="54" methods="145" coveredmethods="117" elements="670" coveredelements="542" complexity="0" loc="450" ncloc="450" packages="2" files="15" classes="15"/>
    <package name="src">
      <metrics statements="2" coveredstatements="0" conditionals="0" coveredconditionals="0" methods="0" coveredmethods="0"/>
      <file name="index.js" path="/Users/constantinoslambrou/sh15-main/brewdog_project/frontend/src/index.js">
        <metrics statements="2" coveredstatements="0" conditionals="0" coveredconditionals="0" methods="0" coveredmethods="0"/>
        <line num="8" count="0" type="stmt"/>
        <line num="9" count="0" type="stmt"/>
      </file>
    </package>
    <package name="src.components">
      <metrics statements="448" coveredstatements="371" conditionals="75" coveredconditionals="54" methods="145" coveredmethods="117"/>
      <file name="App.js" path="/Users/constantinoslambrou/sh15-main/brewdog_project/frontend/src/components/App.js">
        <metrics statements="2" coveredstatements="2" conditionals="0" coveredconditionals="0" methods="2" coveredmethods="2"/>
        <line num="19" count="1" type="stmt"/>
        <line num="23" count="1" type="stmt"/>
      </file>
      <file name="Blog.js" path="/Users/constantinoslambrou/sh15-main/brewdog_project/frontend/src/components/Blog.js">
        <metrics statements="2" coveredstatements="2" conditionals="0" coveredconditionals="0" methods="2" coveredmethods="2"/>
        <line num="5" count="1" type="stmt"/>
        <line num="9" count="1" type="stmt"/>
      </file>
      <file name="CarbonCalculator.js" path="/Users/constantinoslambrou/sh15-main/brewdog_project/frontend/src/components/CarbonCalculator.js">
        <metrics statements="228" coveredstatements="199" conditionals="19" coveredconditionals="13" methods="68" coveredmethods="63"/>
        <line num="7" count="2" type="stmt"/>
        <line num="8" count="146" type="stmt"/>
        <line num="11" count="146" type="stmt"/>
        <line num="14" count="146" type="stmt"/>
        <line num="17" count="146" type="stmt"/>
        <line num="18" count="146" type="stmt"/>
        <line num="19" count="146" type="stmt"/>
        <line num="22" count="146" type="stmt"/>
        <line num="23" count="146" type="stmt"/>
        <line num="26" count="146" type="stmt"/>
        <line num="27" count="146" type="stmt"/>
        <line num="28" count="146" type="stmt"/>
        <line num="31" count="146" type="stmt"/>
        <line num="32" count="146" type="stmt"/>
        <line num="33" count="146" type="stmt"/>
        <line num="34" count="146" type="stmt"/>
        <line num="35" count="146" type="stmt"/>
        <line num="36" count="146" type="stmt"/>
        <line num="37" count="146" type="stmt"/>
        <line num="38" count="146" type="stmt"/>
        <line num="39" count="146" type="stmt"/>
        <line num="40" count="146" type="stmt"/>
        <line num="41" count="146" type="stmt"/>
        <line num="42" count="146" type="stmt"/>
        <line num="43" count="146" type="stmt"/>
        <line num="44" count="146" type="stmt"/>
        <line num="45" count="146" type="stmt"/>
        <line num="47" count="146" type="stmt"/>
        <line num="48" count="146" type="stmt"/>
        <line num="49" count="146" type="stmt"/>
        <line num="50" count="146" type="stmt"/>
        <line num="51" count="146" type="stmt"/>
        <line num="52" count="146" type="stmt"/>
        <line num="53" count="146" type="stmt"/>
        <line num="54" count="146" type="stmt"/>
        <line num="55" count="146" type="stmt"/>
        <line num="56" count="146" type="stmt"/>
        <line num="57" count="146" type="stmt"/>
        <line num="58" count="146" type="stmt"/>
        <line num="59" count="146" type="stmt"/>
        <line num="60" count="146" type="stmt"/>
        <line num="61" count="146" type="stmt"/>
        <line num="62" count="146" type="stmt"/>
        <line num="63" count="146" type="stmt"/>
        <line num="64" count="146" type="stmt"/>
        <line num="65" count="146" type="stmt"/>
        <line num="66" count="146" type="stmt"/>
        <line num="67" count="146" type="stmt"/>
        <line num="68" count="146" type="stmt"/>
        <line num="69" count="146" type="stmt"/>
        <line num="70" count="146" type="stmt"/>
        <line num="71" count="146" type="stmt"/>
        <line num="72" count="146" type="stmt"/>
        <line num="73" count="146" type="stmt"/>
        <line num="74" count="146" type="stmt"/>
        <line num="75" count="146" type="stmt"/>
        <line num="76" count="146" type="stmt"/>
        <line num="79" count="146" type="stmt"/>
        <line num="80" count="146" type="stmt"/>
        <line num="81" count="146" type="stmt"/>
        <line num="82" count="146" type="stmt"/>
        <line num="83" count="146" type="stmt"/>
        <line num="84" count="146" type="stmt"/>
        <line num="85" count="146" type="stmt"/>
        <line num="86" count="146" type="stmt"/>
        <line num="87" count="146" type="stmt"/>
        <line num="88" count="146" type="stmt"/>
        <line num="89" count="146" type="stmt"/>
        <line num="90" count="146" type="stmt"/>
        <line num="91" count="146" type="stmt"/>
        <line num="92" count="146" type="stmt"/>
        <line num="93" count="146" type="stmt"/>
        <line num="95" count="146" type="stmt"/>
        <line num="96" count="146" type="stmt"/>
        <line num="97" count="146" type="stmt"/>
        <line num="98" count="146" type="stmt"/>
        <line num="99" count="146" type="stmt"/>
        <line num="100" count="146" type="stmt"/>
        <line num="101" count="146" type="stmt"/>
        <line num="102" count="146" type="stmt"/>
        <line num="103" count="146" type="stmt"/>
        <line num="104" count="146" type="stmt"/>
        <line num="105" count="146" type="stmt"/>
        <line num="106" count="146" type="stmt"/>
        <line num="107" count="146" type="stmt"/>
        <line num="108" count="146" type="stmt"/>
        <line num="109" count="146" type="stmt"/>
        <line num="110" count="146" type="stmt"/>
        <line num="111" count="146" type="stmt"/>
        <line num="112" count="146" type="stmt"/>
        <line num="113" count="146" type="stmt"/>
        <line num="114" count="146" type="stmt"/>
        <line num="115" count="146" type="stmt"/>
        <line num="116" count="146" type="stmt"/>
        <line num="117" count="146" type="stmt"/>
        <line num="118" count="146" type="stmt"/>
        <line num="119" count="146" type="stmt"/>
        <line num="120" count="146" type="stmt"/>
        <line num="121" count="146" type="stmt"/>
        <line num="122" count="146" type="stmt"/>
        <line num="123" count="146" type="stmt"/>
        <line num="124" count="146" type="stmt"/>
        <line num="129" count="146" type="stmt"/>
        <line num="130" count="13" type="stmt"/>
        <line num="131" count="13" type="stmt"/>
        <line num="133" count="13" type="stmt"/>
        <line num="134" count="13" type="stmt"/>
        <line num="137" count="0" type="stmt"/>
        <line num="138" count="0" type="stmt"/>
        <line num="141" count="13" type="cond" truecount="1" falsecount="1"/>
        <line num="142" count="13" type="stmt"/>
        <line num="144" count="0" type="stmt"/>
        <line num="147" count="13" type="stmt"/>
        <line num="151" count="146" type="stmt"/>
        <line num="152" count="30" type="stmt"/>
        <line num="156" count="146" type="stmt"/>
        <line num="157" count="30" type="stmt"/>
        <line num="163" count="146" type="stmt"/>
        <line num="164" count="31" type="stmt"/>
        <line num="170" count="146" type="stmt"/>
        <line num="171" count="31" type="stmt"/>
        <line num="175" count="146" type="stmt"/>
        <line num="176" count="25" type="stmt"/>
        <line num="182" count="146" type="stmt"/>
        <line num="183" count="25" type="stmt"/>
        <line num="189" count="146" type="stmt"/>
        <line num="190" count="7" type="stmt"/>
        <line num="191" count="7" type="stmt"/>
        <line num="192" count="7" type="stmt"/>
        <line num="193" count="7" type="stmt"/>
        <line num="194" count="112" type="stmt"/>
        <line num="196" count="7" type="stmt"/>
        <line num="197" count="7" type="stmt"/>
        <line num="198" count="7" type="stmt"/>
        <line num="199" count="7" type="stmt"/>
        <line num="205" count="146" type="stmt"/>
        <line num="206" count="4" type="stmt"/>
        <line num="207" count="4" type="stmt"/>
        <line num="208" count="4" type="stmt"/>
        <line num="209" count="4" type="stmt"/>
        <line num="210" count="76" type="stmt"/>
        <line num="212" count="4" type="stmt"/>
        <line num="213" count="4" type="stmt"/>
        <line num="214" count="4" type="stmt"/>
        <line num="215" count="4" type="stmt"/>
        <line num="219" count="146" type="stmt"/>
        <line num="220" count="1" type="stmt"/>
        <line num="223" count="1" type="cond" truecount="4" falsecount="1"/>
        <line num="224" count="1" type="stmt"/>
        <line num="225" count="1" type="stmt"/>
        <line num="229" count="0" type="cond" truecount="0" falsecount="2"/>
        <line num="230" count="0" type="stmt"/>
        <line num="232" count="0" type="stmt"/>
        <line num="234" count="0" type="stmt"/>
        <line num="236" count="0" type="stmt"/>
        <line num="237" count="0" type="stmt"/>
        <line num="238" count="0" type="stmt"/>
        <line num="242" count="0" type="stmt"/>
        <line num="243" count="0" type="stmt"/>
        <line num="247" count="0" type="stmt"/>
        <line num="248" count="0" type="stmt"/>
        <line num="252" count="0" type="stmt"/>
        <line num="254" count="0" type="stmt"/>
        <line num="260" count="0" type="cond" truecount="0" falsecount="2"/>
        <line num="261" count="0" type="stmt"/>
        <line num="262" count="0" type="stmt"/>
        <line num="263" count="0" type="stmt"/>
        <line num="265" count="0" type="stmt"/>
        <line num="266" count="0" type="stmt"/>
        <line num="267" count="0" type="stmt"/>
        <line num="268" count="0" type="stmt"/>
        <line num="272" count="0" type="stmt"/>
        <line num="273" count="0" type="stmt"/>
        <line num="274" count="0" type="stmt"/>
        <line num="277" count="0" type="stmt"/>
        <line num="278" count="0" type="stmt"/>
        <line num="282" count="146" type="stmt"/>
        <line num="320" count="3" type="stmt"/>
        <line num="333" count="1" type="stmt"/>
        <line num="347" count="1" type="stmt"/>
        <line num="363" count="1" type="stmt"/>
        <line num="379" count="1" type="stmt"/>
        <line num="395" count="1" type="stmt"/>
        <line num="406" count="1" type="stmt"/>
        <line num="423" count="1" type="stmt"/>
        <line num="437" count="1" type="stmt"/>
        <line num="451" count="1" type="stmt"/>
        <line num="468" count="1" type="stmt"/>
        <line num="482" count="1" type="stmt"/>
        <line num="496" count="1" type="stmt"/>
        <line num="510" count="1" type="stmt"/>
        <line num="524" count="1" type="stmt"/>
        <line num="577" count="1" type="stmt"/>
        <line num="595" count="1" type="stmt"/>
        <line num="611" count="1" type="stmt"/>
        <line num="627" count="1" type="stmt"/>
        <line num="643" count="1" type="stmt"/>
        <line num="659" count="1" type="stmt"/>
        <line num="675" count="1" type="stmt"/>
        <line num="691" count="1" type="stmt"/>
        <line num="707" count="1" type="stmt"/>
        <line num="723" count="1" type="stmt"/>
        <line num="739" count="1" type="stmt"/>
        <line num="755" count="1" type="stmt"/>
        <line num="771" count="1" type="stmt"/>
        <line num="787" count="1" type="stmt"/>
        <line num="803" count="1" type="stmt"/>
        <line num="819" count="1" type="stmt"/>
        <line num="835" count="1" type="stmt"/>
        <line num="851" count="1" type="stmt"/>
        <line num="867" count="1" type="stmt"/>
        <line num="868" count="1" type="stmt"/>
        <line num="869" count="1" type="stmt"/>
        <line num="914" count="1" type="stmt"/>
        <line num="932" count="1" type="stmt"/>
        <line num="948" count="1" type="stmt"/>
        <line num="964" count="1" type="stmt"/>
        <line num="980" count="1" type="stmt"/>
        <line num="996" count="1" type="stmt"/>
        <line num="1015" count="1" type="stmt"/>
        <line num="1031" count="1" type="stmt"/>
        <line num="1047" count="1" type="stmt"/>
        <line num="1063" count="1" type="stmt"/>
        <line num="1079" count="1" type="stmt"/>
        <line num="1095" count="1" type="stmt"/>
        <line num="1111" count="1" type="stmt"/>
        <line num="1112" count="1" type="stmt"/>
        <line num="1113" count="1" type="stmt"/>
      </file>
      <file name="HideIfLoggedInRoutes.js" path="/Users/constantinoslambrou/sh15-main/brewdog_project/frontend/src/components/HideIfLoggedInRoutes.js">
        <metrics statements="7" coveredstatements="2" conditionals="4" coveredconditionals="0" methods="2" coveredmethods="0"/>
        <line num="4" count="1" type="stmt"/>
        <line num="5" count="0" type="cond" truecount="0" falsecount="2"/>
        <line num="6" count="0" type="stmt"/>
        <line num="9" count="1" type="stmt"/>
        <line num="10" count="0" type="stmt"/>
        <line num="11" count="0" type="stmt"/>
        <line num="12" count="0" type="cond" truecount="0" falsecount="2"/>
      </file>
      <file name="HomePage.js" path="/Users/constantinoslambrou/sh15-main/brewdog_project/frontend/src/components/HomePage.js">
        <metrics statements="2" coveredstatements="2" conditionals="0" coveredconditionals="0" methods="2" coveredmethods="2"/>
        <line num="11" count="3" type="stmt"/>
        <line num="15" count="3" type="stmt"/>
      </file>
      <file name="HowItWorks.js" path="/Users/constantinoslambrou/sh15-main/brewdog_project/frontend/src/components/HowItWorks.js">
        <metrics statements="2" coveredstatements="2" conditionals="0" coveredconditionals="0" methods="2" coveredmethods="2"/>
        <line num="14" count="2" type="stmt"/>
        <line num="18" count="2" type="stmt"/>
      </file>
      <file name="IndividualResult.js" path="/Users/constantinoslambrou/sh15-main/brewdog_project/frontend/src/components/IndividualResult.js">
        <metrics statements="35" coveredstatements="34" conditionals="2" coveredconditionals="2" methods="9" coveredmethods="8"/>
        <line num="6" count="2" type="stmt"/>
        <line num="7" count="16" type="stmt"/>
        <line num="9" count="16" type="stmt"/>
        <line num="10" count="16" type="stmt"/>
        <line num="11" count="16" type="stmt"/>
        <line num="12" count="16" type="stmt"/>
        <line num="13" count="16" type="stmt"/>
        <line num="14" count="16" type="stmt"/>
        <line num="15" count="16" type="stmt"/>
        <line num="17" count="16" type="stmt"/>
        <line num="18" count="4" type="stmt"/>
        <line num="23" count="4" type="stmt"/>
        <line num="25" count="4" type="stmt"/>
        <line num="26" count="4" type="stmt"/>
        <line num="29" count="0" type="stmt"/>
        <line num="33" count="16" type="stmt"/>
        <line num="34" count="8" type="stmt"/>
        <line num="37" count="16" type="stmt"/>
        <line num="38" count="8" type="stmt"/>
        <line num="46" count="8" type="stmt"/>
        <line num="47" count="8" type="stmt"/>
        <line num="48" count="8" type="stmt"/>
        <line num="49" count="8" type="stmt"/>
        <line num="50" count="8" type="stmt"/>
        <line num="51" count="8" type="stmt"/>
        <line num="54" count="16" type="stmt"/>
        <line num="75" count="16" type="stmt"/>
        <line num="77" count="16" type="stmt"/>
        <line num="79" count="16" type="stmt"/>
        <line num="80" count="24" type="stmt"/>
        <line num="81" count="24" type="stmt"/>
        <line num="82" count="24" type="stmt"/>
        <line num="83" count="24" type="stmt"/>
        <line num="90" count="16" type="stmt"/>
        <line num="190" count="96" type="stmt"/>
      </file>
      <file name="Login.js" path="/Users/constantinoslambrou/sh15-main/brewdog_project/frontend/src/components/Login.js">
        <metrics statements="22" coveredstatements="18" conditionals="2" coveredconditionals="1" methods="8" coveredmethods="6"/>
        <line num="7" count="2" type="stmt"/>
        <line num="8" count="11" type="stmt"/>
        <line num="9" count="11" type="stmt"/>
        <line num="10" count="11" type="stmt"/>
        <line num="12" count="11" type="stmt"/>
        <line num="13" count="1" type="stmt"/>
        <line num="14" count="1" type="stmt"/>
        <line num="21" count="1" type="cond" truecount="1" falsecount="1"/>
        <line num="22" count="1" type="stmt"/>
        <line num="23" count="1" type="stmt"/>
        <line num="25" count="0" type="stmt"/>
        <line num="26" count="0" type="stmt"/>
        <line num="27" count="0" type="stmt"/>
        <line num="32" count="1" type="stmt"/>
        <line num="33" count="1" type="stmt"/>
        <line num="34" count="1" type="stmt"/>
        <line num="35" count="1" type="stmt"/>
        <line num="36" count="1" type="stmt"/>
        <line num="39" count="0" type="stmt"/>
        <line num="43" count="11" type="stmt"/>
        <line num="52" count="4" type="stmt"/>
        <line num="57" count="2" type="stmt"/>
      </file>
      <file name="MyAccount.js" path="/Users/constantinoslambrou/sh15-main/brewdog_project/frontend/src/components/MyAccount.js">
        <metrics statements="72" coveredstatements="65" conditionals="26" coveredconditionals="24" methods="20" coveredmethods="17"/>
        <line num="6" count="117" type="stmt"/>
        <line num="7" count="116" type="stmt"/>
        <line num="8" count="116" type="stmt"/>
        <line num="9" count="116" type="stmt"/>
        <line num="10" count="116" type="stmt"/>
        <line num="11" count="116" type="stmt"/>
        <line num="12" count="116" type="stmt"/>
        <line num="13" count="116" type="stmt"/>
        <line num="14" count="116" type="stmt"/>
        <line num="15" count="116" type="stmt"/>
        <line num="16" count="116" type="stmt"/>
        <line num="17" count="116" type="stmt"/>
        <line num="18" count="116" type="stmt"/>
        <line num="19" count="116" type="stmt"/>
        <line num="21" count="116" type="stmt"/>
        <line num="22" count="12" type="stmt"/>
        <line num="23" count="12" type="stmt"/>
        <line num="29" count="12" type="cond" truecount="1" falsecount="1"/>
        <line num="30" count="12" type="stmt"/>
        <line num="32" count="0" type="stmt"/>
        <line num="33" count="0" type="stmt"/>
        <line num="37" count="12" type="stmt"/>
        <line num="38" count="12" type="stmt"/>
        <line num="39" count="12" type="stmt"/>
        <line num="40" count="12" type="stmt"/>
        <line num="41" count="12" type="stmt"/>
        <line num="42" count="12" type="stmt"/>
        <line num="43" count="12" type="stmt"/>
        <line num="44" count="12" type="stmt"/>
        <line num="45" count="12" type="stmt"/>
        <line num="46" count="12" type="stmt"/>
        <line num="49" count="0" type="stmt"/>
        <line num="51" count="12" type="stmt"/>
        <line num="54" count="116" type="stmt"/>
        <line num="55" count="7" type="stmt"/>
        <line num="56" count="7" type="cond" truecount="2" falsecount="0"/>
        <line num="57" count="1" type="stmt"/>
        <line num="58" count="1" type="stmt"/>
        <line num="60" count="6" type="cond" truecount="7" falsecount="0"/>
        <line num="61" count="3" type="stmt"/>
        <line num="62" count="3" type="stmt"/>
        <line num="64" count="3" type="cond" truecount="5" falsecount="0"/>
        <line num="65" count="1" type="stmt"/>
        <line num="67" count="3" type="stmt"/>
        <line num="72" count="3" type="stmt"/>
        <line num="73" count="3" type="stmt"/>
        <line num="80" count="3" type="cond" truecount="1" falsecount="1"/>
        <line num="81" count="3" type="stmt"/>
        <line num="82" count="3" type="stmt"/>
        <line num="83" count="3" type="stmt"/>
        <line num="84" count="3" type="stmt"/>
        <line num="85" count="3" type="stmt"/>
        <line num="86" count="3" type="stmt"/>
        <line num="87" count="3" type="stmt"/>
        <line num="88" count="3" type="stmt"/>
        <line num="90" count="0" type="stmt"/>
        <line num="91" count="0" type="stmt"/>
        <line num="92" count="0" type="stmt"/>
        <line num="97" count="3" type="stmt"/>
        <line num="100" count="0" type="stmt"/>
        <line num="104" count="116" type="stmt"/>
        <line num="115" count="1" type="stmt"/>
        <line num="119" count="2" type="stmt"/>
        <line num="123" count="1" type="stmt"/>
        <line num="127" count="1" type="stmt"/>
        <line num="130" count="1" type="stmt"/>
        <line num="143" count="2" type="stmt"/>
        <line num="147" count="2" type="stmt"/>
        <line num="150" count="1" type="stmt"/>
        <line num="162" count="4" type="stmt"/>
        <line num="164" count="3" type="stmt"/>
        <line num="165" count="3" type="stmt"/>
      </file>
      <file name="MyResults.js" path="/Users/constantinoslambrou/sh15-main/brewdog_project/frontend/src/components/MyResults.js">
        <metrics statements="30" coveredstatements="24" conditionals="4" coveredconditionals="2" methods="12" coveredmethods="9"/>
        <line num="9" count="2" type="stmt"/>
        <line num="10" count="8" type="stmt"/>
        <line num="11" count="7" type="stmt"/>
        <line num="13" count="7" type="stmt"/>
        <line num="14" count="7" type="stmt"/>
        <line num="15" count="3" type="stmt"/>
        <line num="20" count="3" type="stmt"/>
        <line num="22" count="3" type="stmt"/>
        <line num="23" count="3" type="stmt"/>
        <line num="26" count="0" type="stmt"/>
        <line num="30" count="7" type="stmt"/>
        <line num="31" count="0" type="stmt"/>
        <line num="32" count="0" type="cond" truecount="0" falsecount="2"/>
        <line num="33" count="0" type="stmt"/>
        <line num="35" count="0" type="stmt"/>
        <line num="39" count="7" type="stmt"/>
        <line num="40" count="16" type="stmt"/>
        <line num="48" count="16" type="stmt"/>
        <line num="49" count="16" type="stmt"/>
        <line num="50" count="96" type="stmt"/>
        <line num="52" count="16" type="stmt"/>
        <line num="55" count="7" type="stmt"/>
        <line num="56" count="8" type="stmt"/>
        <line num="57" count="8" type="stmt"/>
        <line num="64" count="7" type="stmt"/>
        <line num="86" count="8" type="stmt"/>
        <line num="87" count="8" type="stmt"/>
        <line num="92" count="0" type="stmt"/>
        <line num="95" count="1" type="stmt"/>
        <line num="100" count="48" type="stmt"/>
      </file>
      <file name="NavBar.js" path="/Users/constantinoslambrou/sh15-main/brewdog_project/frontend/src/components/NavBar.js">
        <metrics statements="21" coveredstatements="7" conditionals="10" coveredconditionals="9" methods="10" coveredmethods="3"/>
        <line num="9" count="6" type="stmt"/>
        <line num="10" count="6" type="stmt"/>
        <line num="13" count="2" type="cond" truecount="1" falsecount="1"/>
        <line num="15" count="0" type="stmt"/>
        <line num="18" count="0" type="stmt"/>
        <line num="19" count="0" type="stmt"/>
        <line num="23" count="0" type="stmt"/>
        <line num="24" count="0" type="stmt"/>
        <line num="28" count="0" type="stmt"/>
        <line num="29" count="0" type="stmt"/>
        <line num="30" count="0" type="stmt"/>
        <line num="34" count="0" type="stmt"/>
        <line num="35" count="0" type="stmt"/>
        <line num="39" count="0" type="stmt"/>
        <line num="40" count="0" type="stmt"/>
        <line num="44" count="0" type="stmt"/>
        <line num="45" count="0" type="stmt"/>
        <line num="48" count="6" type="stmt"/>
        <line num="55" count="6" type="cond" truecount="2" falsecount="0"/>
        <line num="56" count="3" type="stmt"/>
        <line num="59" count="6" type="stmt"/>
      </file>
      <file name="ProtectedRoutes.js" path="/Users/constantinoslambrou/sh15-main/brewdog_project/frontend/src/components/ProtectedRoutes.js">
        <metrics statements="6" coveredstatements="2" conditionals="4" coveredconditionals="0" methods="2" coveredmethods="0"/>
        <line num="4" count="1" type="stmt"/>
        <line num="5" count="0" type="cond" truecount="0" falsecount="2"/>
        <line num="6" count="0" type="stmt"/>
        <line num="9" count="1" type="stmt"/>
        <line num="10" count="0" type="stmt"/>
        <line num="11" count="0" type="cond" truecount="0" falsecount="2"/>
      </file>
      <file name="SignUp.js" path="/Users/constantinoslambrou/sh15-main/brewdog_project/frontend/src/components/SignUp.js">
        <metrics statements="16" coveredstatements="12" conditionals="4" coveredconditionals="3" methods="5" coveredmethods="3"/>
        <line num="8" count="2" type="stmt"/>
        <line num="9" count="6" type="stmt"/>
        <line num="11" count="6" type="stmt"/>
        <line num="12" count="2" type="stmt"/>
        <line num="13" count="2" type="stmt"/>
        <line num="15" count="2" type="cond" truecount="2" falsecount="0"/>
        <line num="16" count="1" type="stmt"/>
        <line num="17" count="1" type="stmt"/>
        <line num="20" count="1" type="stmt"/>
        <line num="25" count="1" type="cond" truecount="1" falsecount="1"/>
        <line num="26" count="1" type="stmt"/>
        <line num="28" count="0" type="stmt"/>
        <line num="29" count="0" type="stmt"/>
        <line num="30" count="0" type="stmt"/>
        <line num="33" count="0" type="stmt"/>
        <line num="38" count="6" type="stmt"/>
      </file>
      <file name="csrftoken.js" path="/Users/constantinoslambrou/sh15-main/brewdog_project/frontend/src/components/csrftoken.js">
        <metrics statements="3" coveredstatements="0" conditionals="0" coveredconditionals="0" methods="1" coveredmethods="0"/>
        <line num="3" count="0" type="stmt"/>
        <line num="5" count="0" type="stmt"/>
        <line num="6" count="0" type="stmt"/>
      </file>
    </package>
  </project>
</coverage>
