<?xml version="1.0" encoding="UTF-8"?>
<coverage generated="1679059680437" clover="3.2.0">
  <project timestamp="1679059680437" name="All files">
    <metrics statements="462" coveredstatements="361" conditionals="79" coveredconditionals="52" methods="145" coveredmethods="110" elements="686" coveredelements="523" complexity="0" loc="462" ncloc="462" packages="2" files="15" classes="15"/>
    <package name="src">
      <metrics statements="2" coveredstatements="0" conditionals="0" coveredconditionals="0" methods="0" coveredmethods="0"/>
      <file name="index.js" path="/Users/constantinoslambrou/sh15-main/brewdog_project/frontend/src/index.js">
        <metrics statements="2" coveredstatements="0" conditionals="0" coveredconditionals="0" methods="0" coveredmethods="0"/>
        <line num="8" count="0" type="stmt"/>
        <line num="9" count="0" type="stmt"/>
      </file>
    </package>
    <package name="src.components">
      <metrics statements="460" coveredstatements="361" conditionals="79" coveredconditionals="52" methods="145" coveredmethods="110"/>
      <file name="App.js" path="/Users/constantinoslambrou/sh15-main/brewdog_project/frontend/src/components/App.js">
        <metrics statements="2" coveredstatements="0" conditionals="0" coveredconditionals="0" methods="1" coveredmethods="0"/>
        <line num="17" count="0" type="stmt"/>
        <line num="19" count="0" type="stmt"/>
      </file>
      <file name="Blog.js" path="/Users/constantinoslambrou/sh15-main/brewdog_project/frontend/src/components/Blog.js">
        <metrics statements="2" coveredstatements="0" conditionals="0" coveredconditionals="0" methods="1" coveredmethods="0"/>
        <line num="3" count="0" type="stmt"/>
        <line num="4" count="0" type="stmt"/>
      </file>
      <file name="CarbonCalculator.js" path="/Users/constantinoslambrou/sh15-main/brewdog_project/frontend/src/components/CarbonCalculator.js">
        <metrics statements="228" coveredstatements="199" conditionals="19" coveredconditionals="13" methods="68" coveredmethods="63"/>
        <line num="7" count="1" type="stmt"/>
        <line num="8" count="146" type="stmt"/>
        <line num="11" count="146" type="stmt"/>
        <line num="14" count="146" type="stmt"/>
        <line num="17" count="146" type="stmt"/>
        <line num="18" count="146" type="stmt"/>
        <line num="19" count="146" type="stmt"/>
        <line num="22" count="146" type="stmt"/>
        <line num="23" count="146" type="stmt"/>
        <line num="26" count="146" type="stmt"/>
        <line num="27" count="146" type="stmt"/>
        <line num="28" count="146" type="stmt"/>
        <line num="31" count="146" type="stmt"/>
        <line num="32" count="146" type="stmt"/>
        <line num="33" count="146" type="stmt"/>
        <line num="34" count="146" type="stmt"/>
        <line num="35" count="146" type="stmt"/>
        <line num="36" count="146" type="stmt"/>
        <line num="37" count="146" type="stmt"/>
        <line num="38" count="146" type="stmt"/>
        <line num="39" count="146" type="stmt"/>
        <line num="40" count="146" type="stmt"/>
        <line num="41" count="146" type="stmt"/>
        <line num="42" count="146" type="stmt"/>
        <line num="43" count="146" type="stmt"/>
        <line num="44" count="146" type="stmt"/>
        <line num="45" count="146" type="stmt"/>
        <line num="47" count="146" type="stmt"/>
        <line num="48" count="146" type="stmt"/>
        <line num="49" count="146" type="stmt"/>
        <line num="50" count="146" type="stmt"/>
        <line num="51" count="146" type="stmt"/>
        <line num="52" count="146" type="stmt"/>
        <line num="53" count="146" type="stmt"/>
        <line num="54" count="146" type="stmt"/>
        <line num="55" count="146" type="stmt"/>
        <line num="56" count="146" type="stmt"/>
        <line num="57" count="146" type="stmt"/>
        <line num="58" count="146" type="stmt"/>
        <line num="59" count="146" type="stmt"/>
        <line num="60" count="146" type="stmt"/>
        <line num="61" count="146" type="stmt"/>
        <line num="62" count="146" type="stmt"/>
        <line num="63" count="146" type="stmt"/>
        <line num="64" count="146" type="stmt"/>
        <line num="65" count="146" type="stmt"/>
        <line num="66" count="146" type="stmt"/>
        <line num="67" count="146" type="stmt"/>
        <line num="68" count="146" type="stmt"/>
        <line num="69" count="146" type="stmt"/>
        <line num="70" count="146" type="stmt"/>
        <line num="71" count="146" type="stmt"/>
        <line num="72" count="146" type="stmt"/>
        <line num="73" count="146" type="stmt"/>
        <line num="74" count="146" type="stmt"/>
        <line num="75" count="146" type="stmt"/>
        <line num="76" count="146" type="stmt"/>
        <line num="79" count="146" type="stmt"/>
        <line num="80" count="146" type="stmt"/>
        <line num="81" count="146" type="stmt"/>
        <line num="82" count="146" type="stmt"/>
        <line num="83" count="146" type="stmt"/>
        <line num="84" count="146" type="stmt"/>
        <line num="85" count="146" type="stmt"/>
        <line num="86" count="146" type="stmt"/>
        <line num="87" count="146" type="stmt"/>
        <line num="88" count="146" type="stmt"/>
        <line num="89" count="146" type="stmt"/>
        <line num="90" count="146" type="stmt"/>
        <line num="91" count="146" type="stmt"/>
        <line num="92" count="146" type="stmt"/>
        <line num="93" count="146" type="stmt"/>
        <line num="95" count="146" type="stmt"/>
        <line num="96" count="146" type="stmt"/>
        <line num="97" count="146" type="stmt"/>
        <line num="98" count="146" type="stmt"/>
        <line num="99" count="146" type="stmt"/>
        <line num="100" count="146" type="stmt"/>
        <line num="101" count="146" type="stmt"/>
        <line num="102" count="146" type="stmt"/>
        <line num="103" count="146" type="stmt"/>
        <line num="104" count="146" type="stmt"/>
        <line num="105" count="146" type="stmt"/>
        <line num="106" count="146" type="stmt"/>
        <line num="107" count="146" type="stmt"/>
        <line num="108" count="146" type="stmt"/>
        <line num="109" count="146" type="stmt"/>
        <line num="110" count="146" type="stmt"/>
        <line num="111" count="146" type="stmt"/>
        <line num="112" count="146" type="stmt"/>
        <line num="113" count="146" type="stmt"/>
        <line num="114" count="146" type="stmt"/>
        <line num="115" count="146" type="stmt"/>
        <line num="116" count="146" type="stmt"/>
        <line num="117" count="146" type="stmt"/>
        <line num="118" count="146" type="stmt"/>
        <line num="119" count="146" type="stmt"/>
        <line num="120" count="146" type="stmt"/>
        <line num="121" count="146" type="stmt"/>
        <line num="122" count="146" type="stmt"/>
        <line num="123" count="146" type="stmt"/>
        <line num="124" count="146" type="stmt"/>
        <line num="129" count="146" type="stmt"/>
        <line num="130" count="13" type="stmt"/>
        <line num="134" count="13" type="stmt"/>
        <line num="136" count="13" type="stmt"/>
        <line num="137" count="13" type="stmt"/>
        <line num="140" count="0" type="stmt"/>
        <line num="141" count="0" type="stmt"/>
        <line num="144" count="13" type="cond" truecount="1" falsecount="1"/>
        <line num="145" count="13" type="stmt"/>
        <line num="147" count="0" type="stmt"/>
        <line num="150" count="13" type="stmt"/>
        <line num="154" count="146" type="stmt"/>
        <line num="155" count="30" type="stmt"/>
        <line num="159" count="146" type="stmt"/>
        <line num="160" count="30" type="stmt"/>
        <line num="166" count="146" type="stmt"/>
        <line num="167" count="31" type="stmt"/>
        <line num="173" count="146" type="stmt"/>
        <line num="174" count="31" type="stmt"/>
        <line num="178" count="146" type="stmt"/>
        <line num="179" count="25" type="stmt"/>
        <line num="185" count="146" type="stmt"/>
        <line num="186" count="25" type="stmt"/>
        <line num="192" count="146" type="stmt"/>
        <line num="193" count="7" type="stmt"/>
        <line num="194" count="7" type="stmt"/>
        <line num="195" count="7" type="stmt"/>
        <line num="196" count="7" type="stmt"/>
        <line num="197" count="112" type="stmt"/>
        <line num="199" count="7" type="stmt"/>
        <line num="200" count="7" type="stmt"/>
        <line num="201" count="7" type="stmt"/>
        <line num="202" count="7" type="stmt"/>
        <line num="208" count="146" type="stmt"/>
        <line num="209" count="4" type="stmt"/>
        <line num="210" count="4" type="stmt"/>
        <line num="211" count="4" type="stmt"/>
        <line num="212" count="4" type="stmt"/>
        <line num="213" count="76" type="stmt"/>
        <line num="215" count="4" type="stmt"/>
        <line num="216" count="4" type="stmt"/>
        <line num="217" count="4" type="stmt"/>
        <line num="218" count="4" type="stmt"/>
        <line num="222" count="146" type="stmt"/>
        <line num="223" count="1" type="stmt"/>
        <line num="226" count="1" type="cond" truecount="4" falsecount="1"/>
        <line num="227" count="1" type="stmt"/>
        <line num="228" count="1" type="stmt"/>
        <line num="232" count="0" type="cond" truecount="0" falsecount="2"/>
        <line num="233" count="0" type="stmt"/>
        <line num="235" count="0" type="stmt"/>
        <line num="237" count="0" type="stmt"/>
        <line num="239" count="0" type="stmt"/>
        <line num="240" count="0" type="stmt"/>
        <line num="241" count="0" type="stmt"/>
        <line num="245" count="0" type="stmt"/>
        <line num="246" count="0" type="stmt"/>
        <line num="250" count="0" type="stmt"/>
        <line num="251" count="0" type="stmt"/>
        <line num="255" count="0" type="stmt"/>
        <line num="257" count="0" type="stmt"/>
        <line num="263" count="0" type="cond" truecount="0" falsecount="2"/>
        <line num="264" count="0" type="stmt"/>
        <line num="265" count="0" type="stmt"/>
        <line num="266" count="0" type="stmt"/>
        <line num="268" count="0" type="stmt"/>
        <line num="269" count="0" type="stmt"/>
        <line num="270" count="0" type="stmt"/>
        <line num="271" count="0" type="stmt"/>
        <line num="275" count="0" type="stmt"/>
        <line num="276" count="0" type="stmt"/>
        <line num="277" count="0" type="stmt"/>
        <line num="280" count="0" type="stmt"/>
        <line num="281" count="0" type="stmt"/>
        <line num="285" count="146" type="stmt"/>
        <line num="323" count="3" type="stmt"/>
        <line num="336" count="1" type="stmt"/>
        <line num="350" count="1" type="stmt"/>
        <line num="366" count="1" type="stmt"/>
        <line num="382" count="1" type="stmt"/>
        <line num="398" count="1" type="stmt"/>
        <line num="409" count="1" type="stmt"/>
        <line num="426" count="1" type="stmt"/>
        <line num="440" count="1" type="stmt"/>
        <line num="454" count="1" type="stmt"/>
        <line num="471" count="1" type="stmt"/>
        <line num="485" count="1" type="stmt"/>
        <line num="499" count="1" type="stmt"/>
        <line num="513" count="1" type="stmt"/>
        <line num="527" count="1" type="stmt"/>
        <line num="580" count="1" type="stmt"/>
        <line num="598" count="1" type="stmt"/>
        <line num="614" count="1" type="stmt"/>
        <line num="630" count="1" type="stmt"/>
        <line num="646" count="1" type="stmt"/>
        <line num="662" count="1" type="stmt"/>
        <line num="678" count="1" type="stmt"/>
        <line num="694" count="1" type="stmt"/>
        <line num="710" count="1" type="stmt"/>
        <line num="726" count="1" type="stmt"/>
        <line num="742" count="1" type="stmt"/>
        <line num="758" count="1" type="stmt"/>
        <line num="774" count="1" type="stmt"/>
        <line num="790" count="1" type="stmt"/>
        <line num="806" count="1" type="stmt"/>
        <line num="822" count="1" type="stmt"/>
        <line num="838" count="1" type="stmt"/>
        <line num="854" count="1" type="stmt"/>
        <line num="870" count="1" type="stmt"/>
        <line num="871" count="1" type="stmt"/>
        <line num="872" count="1" type="stmt"/>
        <line num="917" count="1" type="stmt"/>
        <line num="935" count="1" type="stmt"/>
        <line num="951" count="1" type="stmt"/>
        <line num="967" count="1" type="stmt"/>
        <line num="983" count="1" type="stmt"/>
        <line num="999" count="1" type="stmt"/>
        <line num="1018" count="1" type="stmt"/>
        <line num="1034" count="1" type="stmt"/>
        <line num="1050" count="1" type="stmt"/>
        <line num="1066" count="1" type="stmt"/>
        <line num="1082" count="1" type="stmt"/>
        <line num="1098" count="1" type="stmt"/>
        <line num="1114" count="1" type="stmt"/>
        <line num="1115" count="1" type="stmt"/>
        <line num="1116" count="1" type="stmt"/>
      </file>
      <file name="HideIfLoggedInRoutes.js" path="/Users/constantinoslambrou/sh15-main/brewdog_project/frontend/src/components/HideIfLoggedInRoutes.js">
        <metrics statements="7" coveredstatements="0" conditionals="4" coveredconditionals="0" methods="2" coveredmethods="0"/>
        <line num="4" count="0" type="stmt"/>
        <line num="5" count="0" type="cond" truecount="0" falsecount="2"/>
        <line num="6" count="0" type="stmt"/>
        <line num="9" count="0" type="stmt"/>
        <line num="10" count="0" type="stmt"/>
        <line num="11" count="0" type="stmt"/>
        <line num="12" count="0" type="cond" truecount="0" falsecount="2"/>
      </file>
      <file name="HomePage.js" path="/Users/constantinoslambrou/sh15-main/brewdog_project/frontend/src/components/HomePage.js">
        <metrics statements="2" coveredstatements="2" conditionals="0" coveredconditionals="0" methods="1" coveredmethods="1"/>
        <line num="9" count="1" type="stmt"/>
        <line num="11" count="2" type="stmt"/>
      </file>
      <file name="HowItWorks.js" path="/Users/constantinoslambrou/sh15-main/brewdog_project/frontend/src/components/HowItWorks.js">
        <metrics statements="2" coveredstatements="2" conditionals="0" coveredconditionals="0" methods="1" coveredmethods="1"/>
        <line num="12" count="1" type="stmt"/>
        <line num="14" count="2" type="stmt"/>
      </file>
      <file name="IndividualResult.js" path="/Users/constantinoslambrou/sh15-main/brewdog_project/frontend/src/components/IndividualResult.js">
        <metrics statements="47" coveredstatements="32" conditionals="6" coveredconditionals="0" methods="13" coveredmethods="7"/>
        <line num="9" count="1" type="stmt"/>
        <line num="10" count="16" type="stmt"/>
        <line num="12" count="16" type="stmt"/>
        <line num="13" count="16" type="stmt"/>
        <line num="14" count="16" type="stmt"/>
        <line num="15" count="16" type="stmt"/>
        <line num="16" count="16" type="stmt"/>
        <line num="17" count="16" type="stmt"/>
        <line num="18" count="16" type="stmt"/>
        <line num="20" count="16" type="stmt"/>
        <line num="21" count="4" type="stmt"/>
        <line num="26" count="4" type="stmt"/>
        <line num="28" count="4" type="stmt"/>
        <line num="29" count="4" type="stmt"/>
        <line num="32" count="0" type="stmt"/>
        <line num="36" count="16" type="stmt"/>
        <line num="37" count="8" type="stmt"/>
        <line num="40" count="16" type="stmt"/>
        <line num="41" count="8" type="stmt"/>
        <line num="49" count="8" type="stmt"/>
        <line num="50" count="8" type="stmt"/>
        <line num="51" count="8" type="stmt"/>
        <line num="52" count="8" type="stmt"/>
        <line num="53" count="8" type="stmt"/>
        <line num="54" count="8" type="stmt"/>
        <line num="57" count="16" type="stmt"/>
        <line num="78" count="16" type="stmt"/>
        <line num="80" count="16" type="stmt"/>
        <line num="82" count="16" type="stmt"/>
        <line num="83" count="0" type="stmt"/>
        <line num="84" count="0" type="stmt"/>
        <line num="85" count="0" type="stmt"/>
        <line num="86" count="0" type="stmt"/>
        <line num="93" count="16" type="stmt"/>
        <line num="94" count="0" type="stmt"/>
        <line num="95" count="0" type="cond" truecount="0" falsecount="2"/>
        <line num="96" count="0" type="stmt"/>
        <line num="97" count="0" type="stmt"/>
        <line num="101" count="16" type="stmt"/>
        <line num="102" count="0" type="stmt"/>
        <line num="103" count="0" type="cond" truecount="0" falsecount="2"/>
        <line num="104" count="0" type="stmt"/>
        <line num="105" count="0" type="stmt"/>
        <line num="109" count="16" type="stmt"/>
        <line num="117" count="0" type="stmt"/>
        <line num="121" count="0" type="stmt"/>
        <line num="156" count="96" type="stmt"/>
      </file>
      <file name="Login.js" path="/Users/constantinoslambrou/sh15-main/brewdog_project/frontend/src/components/Login.js">
        <metrics statements="22" coveredstatements="18" conditionals="2" coveredconditionals="1" methods="8" coveredmethods="6"/>
        <line num="7" count="1" type="stmt"/>
        <line num="8" count="11" type="stmt"/>
        <line num="9" count="11" type="stmt"/>
        <line num="10" count="11" type="stmt"/>
        <line num="12" count="11" type="stmt"/>
        <line num="13" count="1" type="stmt"/>
        <line num="14" count="1" type="stmt"/>
        <line num="21" count="1" type="cond" truecount="1" falsecount="1"/>
        <line num="22" count="1" type="stmt"/>
        <line num="23" count="1" type="stmt"/>
        <line num="25" count="0" type="stmt"/>
        <line num="26" count="0" type="stmt"/>
        <line num="27" count="0" type="stmt"/>
        <line num="32" count="1" type="stmt"/>
        <line num="33" count="1" type="stmt"/>
        <line num="34" count="1" type="stmt"/>
        <line num="35" count="1" type="stmt"/>
        <line num="36" count="1" type="stmt"/>
        <line num="39" count="0" type="stmt"/>
        <line num="43" count="11" type="stmt"/>
        <line num="52" count="4" type="stmt"/>
        <line num="57" count="2" type="stmt"/>
      </file>
      <file name="MyAccount.js" path="/Users/constantinoslambrou/sh15-main/brewdog_project/frontend/src/components/MyAccount.js">
        <metrics statements="72" coveredstatements="65" conditionals="26" coveredconditionals="24" methods="20" coveredmethods="17"/>
        <line num="6" count="127" type="stmt"/>
        <line num="7" count="126" type="stmt"/>
        <line num="8" count="126" type="stmt"/>
        <line num="9" count="126" type="stmt"/>
        <line num="10" count="126" type="stmt"/>
        <line num="11" count="126" type="stmt"/>
        <line num="12" count="126" type="stmt"/>
        <line num="13" count="126" type="stmt"/>
        <line num="14" count="126" type="stmt"/>
        <line num="15" count="126" type="stmt"/>
        <line num="16" count="126" type="stmt"/>
        <line num="17" count="126" type="stmt"/>
        <line num="18" count="126" type="stmt"/>
        <line num="19" count="126" type="stmt"/>
        <line num="21" count="126" type="stmt"/>
        <line num="22" count="13" type="stmt"/>
        <line num="23" count="13" type="stmt"/>
        <line num="29" count="13" type="cond" truecount="1" falsecount="1"/>
        <line num="30" count="13" type="stmt"/>
        <line num="32" count="0" type="stmt"/>
        <line num="33" count="0" type="stmt"/>
        <line num="37" count="13" type="stmt"/>
        <line num="38" count="13" type="stmt"/>
        <line num="39" count="13" type="stmt"/>
        <line num="40" count="13" type="stmt"/>
        <line num="41" count="13" type="stmt"/>
        <line num="42" count="13" type="stmt"/>
        <line num="43" count="13" type="stmt"/>
        <line num="44" count="13" type="stmt"/>
        <line num="45" count="13" type="stmt"/>
        <line num="46" count="13" type="stmt"/>
        <line num="49" count="0" type="stmt"/>
        <line num="51" count="13" type="stmt"/>
        <line num="54" count="126" type="stmt"/>
        <line num="55" count="7" type="stmt"/>
        <line num="56" count="7" type="cond" truecount="2" falsecount="0"/>
        <line num="57" count="1" type="stmt"/>
        <line num="58" count="1" type="stmt"/>
        <line num="60" count="6" type="cond" truecount="7" falsecount="0"/>
        <line num="61" count="3" type="stmt"/>
        <line num="62" count="3" type="stmt"/>
        <line num="64" count="3" type="cond" truecount="5" falsecount="0"/>
        <line num="65" count="1" type="stmt"/>
        <line num="67" count="3" type="stmt"/>
        <line num="72" count="3" type="stmt"/>
        <line num="73" count="3" type="stmt"/>
        <line num="80" count="3" type="cond" truecount="1" falsecount="1"/>
        <line num="81" count="3" type="stmt"/>
        <line num="82" count="3" type="stmt"/>
        <line num="83" count="3" type="stmt"/>
        <line num="84" count="3" type="stmt"/>
        <line num="85" count="3" type="stmt"/>
        <line num="86" count="3" type="stmt"/>
        <line num="87" count="3" type="stmt"/>
        <line num="88" count="3" type="stmt"/>
        <line num="90" count="0" type="stmt"/>
        <line num="91" count="0" type="stmt"/>
        <line num="92" count="0" type="stmt"/>
        <line num="97" count="3" type="stmt"/>
        <line num="100" count="0" type="stmt"/>
        <line num="104" count="126" type="stmt"/>
        <line num="115" count="1" type="stmt"/>
        <line num="119" count="2" type="stmt"/>
        <line num="123" count="1" type="stmt"/>
        <line num="127" count="1" type="stmt"/>
        <line num="130" count="1" type="stmt"/>
        <line num="143" count="2" type="stmt"/>
        <line num="147" count="2" type="stmt"/>
        <line num="150" count="1" type="stmt"/>
        <line num="162" count="4" type="stmt"/>
        <line num="164" count="3" type="stmt"/>
        <line num="165" count="3" type="stmt"/>
      </file>
      <file name="MyResults.js" path="/Users/constantinoslambrou/sh15-main/brewdog_project/frontend/src/components/MyResults.js">
        <metrics statements="30" coveredstatements="24" conditionals="4" coveredconditionals="2" methods="12" coveredmethods="9"/>
        <line num="9" count="1" type="stmt"/>
        <line num="10" count="11" type="stmt"/>
        <line num="11" count="10" type="stmt"/>
        <line num="13" count="10" type="stmt"/>
        <line num="14" count="10" type="stmt"/>
        <line num="15" count="4" type="stmt"/>
        <line num="20" count="4" type="stmt"/>
        <line num="22" count="4" type="stmt"/>
        <line num="23" count="4" type="stmt"/>
        <line num="26" count="0" type="stmt"/>
        <line num="30" count="10" type="stmt"/>
        <line num="31" count="0" type="stmt"/>
        <line num="32" count="0" type="cond" truecount="0" falsecount="2"/>
        <line num="33" count="0" type="stmt"/>
        <line num="35" count="0" type="stmt"/>
        <line num="39" count="10" type="stmt"/>
        <line num="40" count="24" type="stmt"/>
        <line num="48" count="24" type="stmt"/>
        <line num="49" count="24" type="stmt"/>
        <line num="50" count="144" type="stmt"/>
        <line num="52" count="24" type="stmt"/>
        <line num="55" count="10" type="stmt"/>
        <line num="56" count="12" type="stmt"/>
        <line num="57" count="12" type="stmt"/>
        <line num="64" count="10" type="stmt"/>
        <line num="86" count="12" type="stmt"/>
        <line num="87" count="12" type="stmt"/>
        <line num="92" count="0" type="stmt"/>
        <line num="95" count="2" type="stmt"/>
        <line num="100" count="72" type="stmt"/>
      </file>
      <file name="NavBar.js" path="/Users/constantinoslambrou/sh15-main/brewdog_project/frontend/src/components/NavBar.js">
        <metrics statements="21" coveredstatements="7" conditionals="10" coveredconditionals="9" methods="10" coveredmethods="3"/>
        <line num="9" count="4" type="stmt"/>
        <line num="10" count="4" type="stmt"/>
        <line num="13" count="2" type="cond" truecount="1" falsecount="1"/>
        <line num="15" count="0" type="stmt"/>
        <line num="18" count="0" type="stmt"/>
        <line num="19" count="0" type="stmt"/>
        <line num="23" count="0" type="stmt"/>
        <line num="24" count="0" type="stmt"/>
        <line num="28" count="0" type="stmt"/>
        <line num="29" count="0" type="stmt"/>
        <line num="30" count="0" type="stmt"/>
        <line num="34" count="0" type="stmt"/>
        <line num="35" count="0" type="stmt"/>
        <line num="39" count="0" type="stmt"/>
        <line num="40" count="0" type="stmt"/>
        <line num="44" count="0" type="stmt"/>
        <line num="45" count="0" type="stmt"/>
        <line num="48" count="4" type="stmt"/>
        <line num="55" count="4" type="cond" truecount="2" falsecount="0"/>
        <line num="56" count="2" type="stmt"/>
        <line num="59" count="4" type="stmt"/>
      </file>
      <file name="ProtectedRoutes.js" path="/Users/constantinoslambrou/sh15-main/brewdog_project/frontend/src/components/ProtectedRoutes.js">
        <metrics statements="6" coveredstatements="0" conditionals="4" coveredconditionals="0" methods="2" coveredmethods="0"/>
        <line num="4" count="0" type="stmt"/>
        <line num="5" count="0" type="cond" truecount="0" falsecount="2"/>
        <line num="6" count="0" type="stmt"/>
        <line num="9" count="0" type="stmt"/>
        <line num="10" count="0" type="stmt"/>
        <line num="11" count="0" type="cond" truecount="0" falsecount="2"/>
      </file>
      <file name="SignUp.js" path="/Users/constantinoslambrou/sh15-main/brewdog_project/frontend/src/components/SignUp.js">
        <metrics statements="16" coveredstatements="12" conditionals="4" coveredconditionals="3" methods="5" coveredmethods="3"/>
        <line num="8" count="1" type="stmt"/>
        <line num="9" count="6" type="stmt"/>
        <line num="11" count="6" type="stmt"/>
        <line num="12" count="2" type="stmt"/>
        <line num="13" count="2" type="stmt"/>
        <line num="15" count="2" type="cond" truecount="2" falsecount="0"/>
        <line num="16" count="1" type="stmt"/>
        <line num="17" count="1" type="stmt"/>
        <line num="20" count="1" type="stmt"/>
        <line num="26" count="1" type="cond" truecount="1" falsecount="1"/>
        <line num="27" count="1" type="stmt"/>
        <line num="29" count="0" type="stmt"/>
        <line num="30" count="0" type="stmt"/>
        <line num="31" count="0" type="stmt"/>
        <line num="34" count="0" type="stmt"/>
        <line num="39" count="6" type="stmt"/>
      </file>
      <file name="csrftoken.js" path="/Users/constantinoslambrou/sh15-main/brewdog_project/frontend/src/components/csrftoken.js">
        <metrics statements="3" coveredstatements="0" conditionals="0" coveredconditionals="0" methods="1" coveredmethods="0"/>
        <line num="3" count="0" type="stmt"/>
        <line num="5" count="0" type="stmt"/>
        <line num="6" count="0" type="stmt"/>
      </file>
    </package>
  </project>
</coverage>
