{"/Users/constantinoslambrou/sh15-main/brewdog_project/frontend/src/index.js": {"path":"/Users/constantinoslambrou/sh15-main/brewdog_project/frontend/src/index.js","statementMap":{"0":{"start":{"line":8,"column":20},"end":{"line":8,"column":50}},"1":{"start":{"line":9,"column":0},"end":{"line":14,"column":2}}},"fnMap":{},"branchMap":{},"s":{"0":0,"1":0},"f":{},"b":{}}
,"/Users/constantinoslambrou/sh15-main/brewdog_project/frontend/src/components/App.js": {"path":"/Users/constantinoslambrou/sh15-main/brewdog_project/frontend/src/components/App.js","statementMap":{"0":{"start":{"line":19,"column":4},"end":{"line":19,"column":17}},"1":{"start":{"line":23,"column":4},"end":{"line":46,"column":6}}},"fnMap":{"0":{"name":"(anonymous_0)","decl":{"start":{"line":18,"column":2},"end":{"line":18,"column":3}},"loc":{"start":{"line":18,"column":21},"end":{"line":20,"column":3}},"line":18},"1":{"name":"(anonymous_1)","decl":{"start":{"line":22,"column":2},"end":{"line":22,"column":3}},"loc":{"start":{"line":22,"column":11},"end":{"line":47,"column":3}},"line":22}},"branchMap":{},"s":{"0":1,"1":1},"f":{"0":1,"1":1},"b":{},"_coverageSchema":"1a1c01bbd47fc00a2c39e90264f33305004495a9","hash":"d2c5ae5233c27847df44c06d86bd893ecc531b9d"}
,"/Users/constantinoslambrou/sh15-main/brewdog_project/frontend/src/components/Blog.js": {"path":"/Users/constantinoslambrou/sh15-main/brewdog_project/frontend/src/components/Blog.js","statementMap":{"0":{"start":{"line":5,"column":8},"end":{"line":5,"column":21}},"1":{"start":{"line":9,"column":8},"end":{"line":13,"column":10}}},"fnMap":{"0":{"name":"(anonymous_0)","decl":{"start":{"line":4,"column":4},"end":{"line":4,"column":5}},"loc":{"start":{"line":4,"column":23},"end":{"line":6,"column":5}},"line":4},"1":{"name":"(anonymous_1)","decl":{"start":{"line":8,"column":4},"end":{"line":8,"column":5}},"loc":{"start":{"line":8,"column":13},"end":{"line":14,"column":5}},"line":8}},"branchMap":{},"s":{"0":1,"1":1},"f":{"0":1,"1":1},"b":{},"_coverageSchema":"1a1c01bbd47fc00a2c39e90264f33305004495a9","hash":"0b8b837c1f8ac97b64daee9f1d56f92730659b6c"}
,"/Users/constantinoslambrou/sh15-main/brewdog_project/frontend/src/components/CarbonCalculator.js": {"path":"/Users/constantinoslambrou/sh15-main/brewdog_project/frontend/src/components/CarbonCalculator.js","statementMap":{"0":{"start":{"line":7,"column":25},"end":{"line":1138,"column":5}},"1":{"start":{"line":8,"column":21},"end":{"line":8,"column":34}},"2":{"start":{"line":11,"column":50},"end":{"line":11,"column":65}},"3":{"start":{"line":14,"column":58},"end":{"line":14,"column":70}},"4":{"start":{"line":17,"column":38},"end":{"line":17,"column":52}},"5":{"start":{"line":18,"column":40},"end":{"line":18,"column":55}},"6":{"start":{"line":19,"column":38},"end":{"line":19,"column":53}},"7":{"start":{"line":22,"column":38},"end":{"line":22,"column":50}},"8":{"start":{"line":23,"column":40},"end":{"line":23,"column":52}},"9":{"start":{"line":26,"column":54},"end":{"line":26,"column":65}},"10":{"start":{"line":27,"column":56},"end":{"line":27,"column":67}},"11":{"start":{"line":28,"column":54},"end":{"line":28,"column":65}},"12":{"start":{"line":31,"column":36},"end":{"line":31,"column":47}},"13":{"start":{"line":32,"column":28},"end":{"line":32,"column":39}},"14":{"start":{"line":33,"column":26},"end":{"line":33,"column":37}},"15":{"start":{"line":34,"column":28},"end":{"line":34,"column":39}},"16":{"start":{"line":35,"column":28},"end":{"line":35,"column":39}},"17":{"start":{"line":36,"column":50},"end":{"line":36,"column":61}},"18":{"start":{"line":37,"column":42},"end":{"line":37,"column":53}},"19":{"start":{"line":38,"column":40},"end":{"line":38,"column":51}},"20":{"start":{"line":39,"column":34},"end":{"line":39,"column":45}},"21":{"start":{"line":40,"column":38},"end":{"line":40,"column":49}},"22":{"start":{"line":41,"column":50},"end":{"line":41,"column":61}},"23":{"start":{"line":42,"column":56},"end":{"line":42,"column":67}},"24":{"start":{"line":43,"column":40},"end":{"line":43,"column":51}},"25":{"start":{"line":44,"column":42},"end":{"line":44,"column":53}},"26":{"start":{"line":45,"column":44},"end":{"line":45,"column":55}},"27":{"start":{"line":47,"column":60},"end":{"line":47,"column":71}},"28":{"start":{"line":48,"column":66},"end":{"line":48,"column":77}},"29":{"start":{"line":49,"column":32},"end":{"line":49,"column":43}},"30":{"start":{"line":50,"column":38},"end":{"line":50,"column":49}},"31":{"start":{"line":51,"column":60},"end":{"line":51,"column":71}},"32":{"start":{"line":52,"column":44},"end":{"line":52,"column":55}},"33":{"start":{"line":53,"column":36},"end":{"line":53,"column":47}},"34":{"start":{"line":54,"column":38},"end":{"line":54,"column":49}},"35":{"start":{"line":55,"column":56},"end":{"line":55,"column":67}},"36":{"start":{"line":56,"column":28},"end":{"line":56,"column":39}},"37":{"start":{"line":57,"column":40},"end":{"line":57,"column":51}},"38":{"start":{"line":58,"column":32},"end":{"line":58,"column":43}},"39":{"start":{"line":59,"column":60},"end":{"line":59,"column":71}},"40":{"start":{"line":60,"column":64},"end":{"line":60,"column":75}},"41":{"start":{"line":61,"column":48},"end":{"line":61,"column":59}},"42":{"start":{"line":62,"column":36},"end":{"line":62,"column":47}},"43":{"start":{"line":63,"column":36},"end":{"line":63,"column":47}},"44":{"start":{"line":64,"column":42},"end":{"line":64,"column":53}},"45":{"start":{"line":65,"column":42},"end":{"line":65,"column":53}},"46":{"start":{"line":66,"column":42},"end":{"line":66,"column":53}},"47":{"start":{"line":67,"column":48},"end":{"line":67,"column":59}},"48":{"start":{"line":68,"column":40},"end":{"line":68,"column":51}},"49":{"start":{"line":69,"column":28},"end":{"line":69,"column":39}},"50":{"start":{"line":70,"column":34},"end":{"line":70,"column":45}},"51":{"start":{"line":71,"column":52},"end":{"line":71,"column":63}},"52":{"start":{"line":72,"column":48},"end":{"line":72,"column":59}},"53":{"start":{"line":73,"column":52},"end":{"line":73,"column":63}},"54":{"start":{"line":74,"column":42},"end":{"line":74,"column":53}},"55":{"start":{"line":75,"column":40},"end":{"line":75,"column":51}},"56":{"start":{"line":76,"column":32},"end":{"line":76,"column":43}},"57":{"start":{"line":79,"column":48},"end":{"line":79,"column":59}},"58":{"start":{"line":80,"column":42},"end":{"line":80,"column":53}},"59":{"start":{"line":81,"column":40},"end":{"line":81,"column":51}},"60":{"start":{"line":82,"column":42},"end":{"line":82,"column":53}},"61":{"start":{"line":83,"column":42},"end":{"line":83,"column":53}},"62":{"start":{"line":84,"column":64},"end":{"line":84,"column":75}},"63":{"start":{"line":85,"column":56},"end":{"line":85,"column":67}},"64":{"start":{"line":86,"column":54},"end":{"line":86,"column":65}},"65":{"start":{"line":87,"column":48},"end":{"line":87,"column":59}},"66":{"start":{"line":88,"column":52},"end":{"line":88,"column":63}},"67":{"start":{"line":89,"column":64},"end":{"line":89,"column":75}},"68":{"start":{"line":90,"column":70},"end":{"line":90,"column":81}},"69":{"start":{"line":91,"column":54},"end":{"line":91,"column":65}},"70":{"start":{"line":92,"column":56},"end":{"line":92,"column":67}},"71":{"start":{"line":93,"column":58},"end":{"line":93,"column":69}},"72":{"start":{"line":95,"column":74},"end":{"line":95,"column":85}},"73":{"start":{"line":96,"column":80},"end":{"line":96,"column":91}},"74":{"start":{"line":97,"column":46},"end":{"line":97,"column":57}},"75":{"start":{"line":98,"column":52},"end":{"line":98,"column":63}},"76":{"start":{"line":99,"column":74},"end":{"line":99,"column":85}},"77":{"start":{"line":100,"column":58},"end":{"line":100,"column":69}},"78":{"start":{"line":101,"column":50},"end":{"line":101,"column":61}},"79":{"start":{"line":102,"column":52},"end":{"line":102,"column":63}},"80":{"start":{"line":103,"column":70},"end":{"line":103,"column":81}},"81":{"start":{"line":104,"column":42},"end":{"line":104,"column":53}},"82":{"start":{"line":105,"column":54},"end":{"line":105,"column":65}},"83":{"start":{"line":106,"column":46},"end":{"line":106,"column":57}},"84":{"start":{"line":107,"column":74},"end":{"line":107,"column":85}},"85":{"start":{"line":108,"column":78},"end":{"line":108,"column":89}},"86":{"start":{"line":109,"column":62},"end":{"line":109,"column":73}},"87":{"start":{"line":110,"column":50},"end":{"line":110,"column":61}},"88":{"start":{"line":111,"column":50},"end":{"line":111,"column":61}},"89":{"start":{"line":112,"column":56},"end":{"line":112,"column":67}},"90":{"start":{"line":113,"column":56},"end":{"line":113,"column":67}},"91":{"start":{"line":114,"column":56},"end":{"line":114,"column":67}},"92":{"start":{"line":115,"column":62},"end":{"line":115,"column":73}},"93":{"start":{"line":116,"column":54},"end":{"line":116,"column":65}},"94":{"start":{"line":117,"column":42},"end":{"line":117,"column":53}},"95":{"start":{"line":118,"column":48},"end":{"line":118,"column":59}},"96":{"start":{"line":119,"column":66},"end":{"line":119,"column":77}},"97":{"start":{"line":120,"column":62},"end":{"line":120,"column":73}},"98":{"start":{"line":121,"column":66},"end":{"line":121,"column":77}},"99":{"start":{"line":122,"column":56},"end":{"line":122,"column":67}},"100":{"start":{"line":123,"column":54},"end":{"line":123,"column":65}},"101":{"start":{"line":124,"column":46},"end":{"line":124,"column":57}},"102":{"start":{"line":129,"column":4},"end":{"line":148,"column":13}},"103":{"start":{"line":130,"column":8},"end":{"line":139,"column":14}},"104":{"start":{"line":131,"column":28},"end":{"line":131,"column":43}},"105":{"start":{"line":133,"column":12},"end":{"line":133,"column":30}},"106":{"start":{"line":134,"column":12},"end":{"line":134,"column":44}},"107":{"start":{"line":137,"column":12},"end":{"line":137,"column":31}},"108":{"start":{"line":138,"column":12},"end":{"line":138,"column":69}},"109":{"start":{"line":141,"column":12},"end":{"line":145,"column":13}},"110":{"start":{"line":142,"column":14},"end":{"line":142,"column":39}},"111":{"start":{"line":144,"column":14},"end":{"line":144,"column":40}},"112":{"start":{"line":147,"column":8},"end":{"line":147,"column":16}},"113":{"start":{"line":151,"column":4},"end":{"line":153,"column":283}},"114":{"start":{"line":152,"column":8},"end":{"line":152,"column":45}},"115":{"start":{"line":156,"column":47},"end":{"line":160,"column":5}},"116":{"start":{"line":157,"column":8},"end":{"line":159,"column":11}},"117":{"start":{"line":163,"column":48},"end":{"line":167,"column":5}},"118":{"start":{"line":164,"column":8},"end":{"line":166,"column":11}},"119":{"start":{"line":170,"column":4},"end":{"line":172,"column":365}},"120":{"start":{"line":171,"column":8},"end":{"line":171,"column":46}},"121":{"start":{"line":175,"column":47},"end":{"line":179,"column":5}},"122":{"start":{"line":176,"column":8},"end":{"line":178,"column":11}},"123":{"start":{"line":182,"column":4},"end":{"line":184,"column":279}},"124":{"start":{"line":183,"column":8},"end":{"line":183,"column":45}},"125":{"start":{"line":189,"column":32},"end":{"line":200,"column":5}},"126":{"start":{"line":190,"column":6},"end":{"line":190,"column":29}},"127":{"start":{"line":191,"column":19},"end":{"line":191,"column":45}},"128":{"start":{"line":192,"column":21},"end":{"line":192,"column":23}},"129":{"start":{"line":193,"column":6},"end":{"line":195,"column":9}},"130":{"start":{"line":194,"column":8},"end":{"line":194,"column":70}},"131":{"start":{"line":196,"column":6},"end":{"line":196,"column":29}},"132":{"start":{"line":197,"column":6},"end":{"line":197,"column":26}},"133":{"start":{"line":198,"column":6},"end":{"line":198,"column":26}},"134":{"start":{"line":199,"column":6},"end":{"line":199,"column":26}},"135":{"start":{"line":205,"column":32},"end":{"line":216,"column":5}},"136":{"start":{"line":206,"column":6},"end":{"line":206,"column":29}},"137":{"start":{"line":207,"column":19},"end":{"line":207,"column":45}},"138":{"start":{"line":208,"column":21},"end":{"line":208,"column":23}},"139":{"start":{"line":209,"column":6},"end":{"line":211,"column":9}},"140":{"start":{"line":210,"column":8},"end":{"line":210,"column":70}},"141":{"start":{"line":212,"column":6},"end":{"line":212,"column":30}},"142":{"start":{"line":213,"column":6},"end":{"line":213,"column":26}},"143":{"start":{"line":214,"column":6},"end":{"line":214,"column":27}},"144":{"start":{"line":215,"column":6},"end":{"line":215,"column":25}},"145":{"start":{"line":219,"column":25},"end":{"line":280,"column":5}},"146":{"start":{"line":220,"column":6},"end":{"line":220,"column":29}},"147":{"start":{"line":223,"column":6},"end":{"line":226,"column":7}},"148":{"start":{"line":224,"column":8},"end":{"line":224,"column":78}},"149":{"start":{"line":225,"column":8},"end":{"line":225,"column":15}},"150":{"start":{"line":229,"column":6},"end":{"line":233,"column":7}},"151":{"start":{"line":230,"column":8},"end":{"line":230,"column":33}},"152":{"start":{"line":232,"column":8},"end":{"line":232,"column":15}},"153":{"start":{"line":234,"column":32},"end":{"line":234,"column":58}},"154":{"start":{"line":236,"column":38},"end":{"line":236,"column":52}},"155":{"start":{"line":237,"column":6},"end":{"line":239,"column":9}},"156":{"start":{"line":238,"column":8},"end":{"line":238,"column":93}},"157":{"start":{"line":242,"column":6},"end":{"line":244,"column":7}},"158":{"start":{"line":243,"column":8},"end":{"line":243,"column":52}},"159":{"start":{"line":247,"column":6},"end":{"line":249,"column":7}},"160":{"start":{"line":248,"column":8},"end":{"line":248,"column":52}},"161":{"start":{"line":252,"column":6},"end":{"line":252,"column":65}},"162":{"start":{"line":254,"column":6},"end":{"line":279,"column":9}},"163":{"start":{"line":260,"column":10},"end":{"line":269,"column":11}},"164":{"start":{"line":261,"column":12},"end":{"line":261,"column":34}},"165":{"start":{"line":262,"column":12},"end":{"line":262,"column":51}},"166":{"start":{"line":263,"column":12},"end":{"line":263,"column":35}},"167":{"start":{"line":265,"column":12},"end":{"line":265,"column":86}},"168":{"start":{"line":266,"column":12},"end":{"line":266,"column":34}},"169":{"start":{"line":267,"column":12},"end":{"line":267,"column":41}},"170":{"start":{"line":268,"column":12},"end":{"line":268,"column":45}},"171":{"start":{"line":272,"column":8},"end":{"line":272,"column":26}},"172":{"start":{"line":273,"column":8},"end":{"line":273,"column":32}},"173":{"start":{"line":274,"column":8},"end":{"line":274,"column":45}},"174":{"start":{"line":277,"column":8},"end":{"line":277,"column":27}},"175":{"start":{"line":278,"column":8},"end":{"line":278,"column":59}},"176":{"start":{"line":282,"column":4},"end":{"line":1137,"column":10}},"177":{"start":{"line":320,"column":44},"end":{"line":320,"column":76}},"178":{"start":{"line":320,"column":77},"end":{"line":320,"column":159}},"179":{"start":{"line":333,"column":44},"end":{"line":333,"column":72}},"180":{"start":{"line":333,"column":73},"end":{"line":333,"column":148}},"181":{"start":{"line":347,"column":44},"end":{"line":347,"column":71}},"182":{"start":{"line":347,"column":72},"end":{"line":347,"column":145}},"183":{"start":{"line":363,"column":44},"end":{"line":363,"column":72}},"184":{"start":{"line":363,"column":73},"end":{"line":363,"column":148}},"185":{"start":{"line":379,"column":44},"end":{"line":379,"column":72}},"186":{"start":{"line":379,"column":73},"end":{"line":379,"column":148}},"187":{"start":{"line":395,"column":36},"end":{"line":395,"column":75}},"188":{"start":{"line":395,"column":76},"end":{"line":395,"column":173}},"189":{"start":{"line":406,"column":36},"end":{"line":406,"column":71}},"190":{"start":{"line":406,"column":72},"end":{"line":406,"column":160}},"191":{"start":{"line":423,"column":36},"end":{"line":423,"column":70}},"192":{"start":{"line":423,"column":71},"end":{"line":423,"column":157}},"193":{"start":{"line":437,"column":36},"end":{"line":437,"column":67}},"194":{"start":{"line":437,"column":68},"end":{"line":437,"column":148}},"195":{"start":{"line":451,"column":36},"end":{"line":451,"column":69}},"196":{"start":{"line":451,"column":70},"end":{"line":451,"column":154}},"197":{"start":{"line":468,"column":36},"end":{"line":468,"column":75}},"198":{"start":{"line":468,"column":76},"end":{"line":468,"column":172}},"199":{"start":{"line":482,"column":36},"end":{"line":482,"column":78}},"200":{"start":{"line":482,"column":79},"end":{"line":482,"column":181}},"201":{"start":{"line":496,"column":36},"end":{"line":496,"column":70}},"202":{"start":{"line":496,"column":71},"end":{"line":496,"column":157}},"203":{"start":{"line":510,"column":36},"end":{"line":510,"column":71}},"204":{"start":{"line":510,"column":72},"end":{"line":510,"column":160}},"205":{"start":{"line":524,"column":36},"end":{"line":524,"column":72}},"206":{"start":{"line":524,"column":73},"end":{"line":524,"column":163}},"207":{"start":{"line":577,"column":44},"end":{"line":577,"column":76}},"208":{"start":{"line":577,"column":77},"end":{"line":577,"column":159}},"209":{"start":{"line":595,"column":44},"end":{"line":595,"column":77}},"210":{"start":{"line":595,"column":78},"end":{"line":595,"column":162}},"211":{"start":{"line":611,"column":44},"end":{"line":611,"column":86}},"212":{"start":{"line":611,"column":87},"end":{"line":611,"column":189}},"213":{"start":{"line":627,"column":44},"end":{"line":627,"column":72}},"214":{"start":{"line":627,"column":73},"end":{"line":627,"column":147}},"215":{"start":{"line":643,"column":44},"end":{"line":643,"column":78}},"216":{"start":{"line":643,"column":79},"end":{"line":643,"column":165}},"217":{"start":{"line":659,"column":44},"end":{"line":659,"column":74}},"218":{"start":{"line":659,"column":75},"end":{"line":659,"column":153}},"219":{"start":{"line":675,"column":44},"end":{"line":675,"column":88}},"220":{"start":{"line":675,"column":89},"end":{"line":675,"column":195}},"221":{"start":{"line":691,"column":44},"end":{"line":691,"column":90}},"222":{"start":{"line":691,"column":91},"end":{"line":691,"column":201}},"223":{"start":{"line":707,"column":44},"end":{"line":707,"column":82}},"224":{"start":{"line":707,"column":83},"end":{"line":707,"column":177}},"225":{"start":{"line":723,"column":44},"end":{"line":723,"column":76}},"226":{"start":{"line":723,"column":77},"end":{"line":723,"column":159}},"227":{"start":{"line":739,"column":44},"end":{"line":739,"column":76}},"228":{"start":{"line":739,"column":77},"end":{"line":739,"column":159}},"229":{"start":{"line":755,"column":44},"end":{"line":755,"column":79}},"230":{"start":{"line":755,"column":80},"end":{"line":755,"column":168}},"231":{"start":{"line":771,"column":44},"end":{"line":771,"column":79}},"232":{"start":{"line":771,"column":80},"end":{"line":771,"column":168}},"233":{"start":{"line":787,"column":44},"end":{"line":787,"column":79}},"234":{"start":{"line":787,"column":80},"end":{"line":787,"column":168}},"235":{"start":{"line":803,"column":44},"end":{"line":803,"column":82}},"236":{"start":{"line":803,"column":83},"end":{"line":803,"column":177}},"237":{"start":{"line":819,"column":44},"end":{"line":819,"column":78}},"238":{"start":{"line":819,"column":79},"end":{"line":819,"column":165}},"239":{"start":{"line":835,"column":44},"end":{"line":835,"column":72}},"240":{"start":{"line":835,"column":73},"end":{"line":835,"column":147}},"241":{"start":{"line":851,"column":44},"end":{"line":851,"column":75}},"242":{"start":{"line":851,"column":76},"end":{"line":851,"column":156}},"243":{"start":{"line":867,"column":20},"end":{"line":867,"column":39}},"244":{"start":{"line":868,"column":20},"end":{"line":868,"column":41}},"245":{"start":{"line":869,"column":20},"end":{"line":869,"column":40}},"246":{"start":{"line":914,"column":50},"end":{"line":914,"column":94}},"247":{"start":{"line":914,"column":95},"end":{"line":914,"column":201}},"248":{"start":{"line":932,"column":50},"end":{"line":932,"column":97}},"249":{"start":{"line":932,"column":98},"end":{"line":932,"column":210}},"250":{"start":{"line":948,"column":50},"end":{"line":948,"column":80}},"251":{"start":{"line":948,"column":81},"end":{"line":948,"column":159}},"252":{"start":{"line":964,"column":50},"end":{"line":964,"column":83}},"253":{"start":{"line":964,"column":84},"end":{"line":964,"column":168}},"254":{"start":{"line":980,"column":50},"end":{"line":980,"column":94}},"255":{"start":{"line":980,"column":95},"end":{"line":980,"column":201}},"256":{"start":{"line":996,"column":50},"end":{"line":996,"column":86}},"257":{"start":{"line":996,"column":87},"end":{"line":996,"column":177}},"258":{"start":{"line":1015,"column":50},"end":{"line":1015,"column":90}},"259":{"start":{"line":1015,"column":91},"end":{"line":1015,"column":189}},"260":{"start":{"line":1031,"column":50},"end":{"line":1031,"column":88}},"261":{"start":{"line":1031,"column":89},"end":{"line":1031,"column":183}},"262":{"start":{"line":1047,"column":50},"end":{"line":1047,"column":90}},"263":{"start":{"line":1047,"column":91},"end":{"line":1047,"column":189}},"264":{"start":{"line":1063,"column":50},"end":{"line":1063,"column":85}},"265":{"start":{"line":1063,"column":86},"end":{"line":1063,"column":174}},"266":{"start":{"line":1079,"column":50},"end":{"line":1079,"column":84}},"267":{"start":{"line":1079,"column":85},"end":{"line":1079,"column":171}},"268":{"start":{"line":1095,"column":50},"end":{"line":1095,"column":80}},"269":{"start":{"line":1095,"column":81},"end":{"line":1095,"column":159}},"270":{"start":{"line":1111,"column":20},"end":{"line":1111,"column":40}},"271":{"start":{"line":1112,"column":20},"end":{"line":1112,"column":40}},"272":{"start":{"line":1113,"column":20},"end":{"line":1113,"column":40}}},"fnMap":{"0":{"name":"(anonymous_0)","decl":{"start":{"line":7,"column":25},"end":{"line":7,"column":26}},"loc":{"start":{"line":7,"column":31},"end":{"line":1138,"column":5}},"line":7},"1":{"name":"(anonymous_1)","decl":{"start":{"line":129,"column":14},"end":{"line":129,"column":15}},"loc":{"start":{"line":129,"column":20},"end":{"line":148,"column":7}},"line":129},"2":{"name":"(anonymous_2)","decl":{"start":{"line":131,"column":16},"end":{"line":131,"column":17}},"loc":{"start":{"line":131,"column":28},"end":{"line":131,"column":43}},"line":131},"3":{"name":"(anonymous_3)","decl":{"start":{"line":132,"column":16},"end":{"line":132,"column":17}},"loc":{"start":{"line":132,"column":24},"end":{"line":135,"column":11}},"line":132},"4":{"name":"(anonymous_4)","decl":{"start":{"line":136,"column":17},"end":{"line":136,"column":18}},"loc":{"start":{"line":136,"column":26},"end":{"line":139,"column":12}},"line":136},"5":{"name":"isAuth","decl":{"start":{"line":140,"column":19},"end":{"line":140,"column":25}},"loc":{"start":{"line":140,"column":27},"end":{"line":146,"column":9}},"line":140},"6":{"name":"(anonymous_6)","decl":{"start":{"line":151,"column":14},"end":{"line":151,"column":15}},"loc":{"start":{"line":151,"column":20},"end":{"line":153,"column":5}},"line":151},"7":{"name":"(anonymous_7)","decl":{"start":{"line":156,"column":47},"end":{"line":156,"column":48}},"loc":{"start":{"line":156,"column":53},"end":{"line":160,"column":5}},"line":156},"8":{"name":"(anonymous_8)","decl":{"start":{"line":163,"column":48},"end":{"line":163,"column":49}},"loc":{"start":{"line":163,"column":54},"end":{"line":167,"column":5}},"line":163},"9":{"name":"(anonymous_9)","decl":{"start":{"line":170,"column":14},"end":{"line":170,"column":15}},"loc":{"start":{"line":170,"column":20},"end":{"line":172,"column":5}},"line":170},"10":{"name":"(anonymous_10)","decl":{"start":{"line":175,"column":47},"end":{"line":175,"column":48}},"loc":{"start":{"line":175,"column":53},"end":{"line":179,"column":5}},"line":175},"11":{"name":"(anonymous_11)","decl":{"start":{"line":182,"column":14},"end":{"line":182,"column":15}},"loc":{"start":{"line":182,"column":20},"end":{"line":184,"column":5}},"line":182},"12":{"name":"(anonymous_12)","decl":{"start":{"line":189,"column":32},"end":{"line":189,"column":33}},"loc":{"start":{"line":189,"column":43},"end":{"line":200,"column":5}},"line":189},"13":{"name":"(anonymous_13)","decl":{"start":{"line":193,"column":19},"end":{"line":193,"column":20}},"loc":{"start":{"line":193,"column":35},"end":{"line":195,"column":7}},"line":193},"14":{"name":"(anonymous_14)","decl":{"start":{"line":205,"column":32},"end":{"line":205,"column":33}},"loc":{"start":{"line":205,"column":43},"end":{"line":216,"column":5}},"line":205},"15":{"name":"(anonymous_15)","decl":{"start":{"line":209,"column":19},"end":{"line":209,"column":20}},"loc":{"start":{"line":209,"column":35},"end":{"line":211,"column":7}},"line":209},"16":{"name":"(anonymous_16)","decl":{"start":{"line":219,"column":25},"end":{"line":219,"column":26}},"loc":{"start":{"line":219,"column":36},"end":{"line":280,"column":5}},"line":219},"17":{"name":"(anonymous_17)","decl":{"start":{"line":237,"column":32},"end":{"line":237,"column":33}},"loc":{"start":{"line":237,"column":48},"end":{"line":239,"column":7}},"line":237},"18":{"name":"(anonymous_18)","decl":{"start":{"line":259,"column":14},"end":{"line":259,"column":15}},"loc":{"start":{"line":259,"column":26},"end":{"line":270,"column":7}},"line":259},"19":{"name":"(anonymous_19)","decl":{"start":{"line":271,"column":12},"end":{"line":271,"column":13}},"loc":{"start":{"line":271,"column":20},"end":{"line":275,"column":7}},"line":271},"20":{"name":"(anonymous_20)","decl":{"start":{"line":276,"column":13},"end":{"line":276,"column":14}},"loc":{"start":{"line":276,"column":22},"end":{"line":279,"column":7}},"line":276},"21":{"name":"(anonymous_21)","decl":{"start":{"line":320,"column":32},"end":{"line":320,"column":33}},"loc":{"start":{"line":320,"column":43},"end":{"line":320,"column":160}},"line":320},"22":{"name":"(anonymous_22)","decl":{"start":{"line":333,"column":32},"end":{"line":333,"column":33}},"loc":{"start":{"line":333,"column":43},"end":{"line":333,"column":149}},"line":333},"23":{"name":"(anonymous_23)","decl":{"start":{"line":347,"column":32},"end":{"line":347,"column":33}},"loc":{"start":{"line":347,"column":43},"end":{"line":347,"column":146}},"line":347},"24":{"name":"(anonymous_24)","decl":{"start":{"line":363,"column":32},"end":{"line":363,"column":33}},"loc":{"start":{"line":363,"column":43},"end":{"line":363,"column":149}},"line":363},"25":{"name":"(anonymous_25)","decl":{"start":{"line":379,"column":32},"end":{"line":379,"column":33}},"loc":{"start":{"line":379,"column":43},"end":{"line":379,"column":149}},"line":379},"26":{"name":"(anonymous_26)","decl":{"start":{"line":395,"column":26},"end":{"line":395,"column":27}},"loc":{"start":{"line":395,"column":35},"end":{"line":395,"column":174}},"line":395},"27":{"name":"(anonymous_27)","decl":{"start":{"line":406,"column":26},"end":{"line":406,"column":27}},"loc":{"start":{"line":406,"column":35},"end":{"line":406,"column":161}},"line":406},"28":{"name":"(anonymous_28)","decl":{"start":{"line":423,"column":26},"end":{"line":423,"column":27}},"loc":{"start":{"line":423,"column":35},"end":{"line":423,"column":158}},"line":423},"29":{"name":"(anonymous_29)","decl":{"start":{"line":437,"column":26},"end":{"line":437,"column":27}},"loc":{"start":{"line":437,"column":35},"end":{"line":437,"column":149}},"line":437},"30":{"name":"(anonymous_30)","decl":{"start":{"line":451,"column":26},"end":{"line":451,"column":27}},"loc":{"start":{"line":451,"column":35},"end":{"line":451,"column":155}},"line":451},"31":{"name":"(anonymous_31)","decl":{"start":{"line":468,"column":26},"end":{"line":468,"column":27}},"loc":{"start":{"line":468,"column":35},"end":{"line":468,"column":173}},"line":468},"32":{"name":"(anonymous_32)","decl":{"start":{"line":482,"column":26},"end":{"line":482,"column":27}},"loc":{"start":{"line":482,"column":35},"end":{"line":482,"column":182}},"line":482},"33":{"name":"(anonymous_33)","decl":{"start":{"line":496,"column":26},"end":{"line":496,"column":27}},"loc":{"start":{"line":496,"column":35},"end":{"line":496,"column":158}},"line":496},"34":{"name":"(anonymous_34)","decl":{"start":{"line":510,"column":26},"end":{"line":510,"column":27}},"loc":{"start":{"line":510,"column":35},"end":{"line":510,"column":161}},"line":510},"35":{"name":"(anonymous_35)","decl":{"start":{"line":524,"column":26},"end":{"line":524,"column":27}},"loc":{"start":{"line":524,"column":35},"end":{"line":524,"column":164}},"line":524},"36":{"name":"(anonymous_36)","decl":{"start":{"line":577,"column":32},"end":{"line":577,"column":33}},"loc":{"start":{"line":577,"column":43},"end":{"line":577,"column":160}},"line":577},"37":{"name":"(anonymous_37)","decl":{"start":{"line":595,"column":32},"end":{"line":595,"column":33}},"loc":{"start":{"line":595,"column":43},"end":{"line":595,"column":163}},"line":595},"38":{"name":"(anonymous_38)","decl":{"start":{"line":611,"column":32},"end":{"line":611,"column":33}},"loc":{"start":{"line":611,"column":43},"end":{"line":611,"column":190}},"line":611},"39":{"name":"(anonymous_39)","decl":{"start":{"line":627,"column":32},"end":{"line":627,"column":33}},"loc":{"start":{"line":627,"column":43},"end":{"line":627,"column":148}},"line":627},"40":{"name":"(anonymous_40)","decl":{"start":{"line":643,"column":32},"end":{"line":643,"column":33}},"loc":{"start":{"line":643,"column":43},"end":{"line":643,"column":166}},"line":643},"41":{"name":"(anonymous_41)","decl":{"start":{"line":659,"column":32},"end":{"line":659,"column":33}},"loc":{"start":{"line":659,"column":43},"end":{"line":659,"column":154}},"line":659},"42":{"name":"(anonymous_42)","decl":{"start":{"line":675,"column":32},"end":{"line":675,"column":33}},"loc":{"start":{"line":675,"column":43},"end":{"line":675,"column":196}},"line":675},"43":{"name":"(anonymous_43)","decl":{"start":{"line":691,"column":32},"end":{"line":691,"column":33}},"loc":{"start":{"line":691,"column":43},"end":{"line":691,"column":202}},"line":691},"44":{"name":"(anonymous_44)","decl":{"start":{"line":707,"column":32},"end":{"line":707,"column":33}},"loc":{"start":{"line":707,"column":43},"end":{"line":707,"column":178}},"line":707},"45":{"name":"(anonymous_45)","decl":{"start":{"line":723,"column":32},"end":{"line":723,"column":33}},"loc":{"start":{"line":723,"column":43},"end":{"line":723,"column":160}},"line":723},"46":{"name":"(anonymous_46)","decl":{"start":{"line":739,"column":32},"end":{"line":739,"column":33}},"loc":{"start":{"line":739,"column":43},"end":{"line":739,"column":160}},"line":739},"47":{"name":"(anonymous_47)","decl":{"start":{"line":755,"column":32},"end":{"line":755,"column":33}},"loc":{"start":{"line":755,"column":43},"end":{"line":755,"column":169}},"line":755},"48":{"name":"(anonymous_48)","decl":{"start":{"line":771,"column":32},"end":{"line":771,"column":33}},"loc":{"start":{"line":771,"column":43},"end":{"line":771,"column":169}},"line":771},"49":{"name":"(anonymous_49)","decl":{"start":{"line":787,"column":32},"end":{"line":787,"column":33}},"loc":{"start":{"line":787,"column":43},"end":{"line":787,"column":169}},"line":787},"50":{"name":"(anonymous_50)","decl":{"start":{"line":803,"column":32},"end":{"line":803,"column":33}},"loc":{"start":{"line":803,"column":43},"end":{"line":803,"column":178}},"line":803},"51":{"name":"(anonymous_51)","decl":{"start":{"line":819,"column":32},"end":{"line":819,"column":33}},"loc":{"start":{"line":819,"column":43},"end":{"line":819,"column":166}},"line":819},"52":{"name":"(anonymous_52)","decl":{"start":{"line":835,"column":32},"end":{"line":835,"column":33}},"loc":{"start":{"line":835,"column":43},"end":{"line":835,"column":148}},"line":835},"53":{"name":"(anonymous_53)","decl":{"start":{"line":851,"column":32},"end":{"line":851,"column":33}},"loc":{"start":{"line":851,"column":43},"end":{"line":851,"column":157}},"line":851},"54":{"name":"(anonymous_54)","decl":{"start":{"line":866,"column":133},"end":{"line":866,"column":134}},"loc":{"start":{"line":866,"column":139},"end":{"line":870,"column":19}},"line":866},"55":{"name":"(anonymous_55)","decl":{"start":{"line":914,"column":38},"end":{"line":914,"column":39}},"loc":{"start":{"line":914,"column":49},"end":{"line":914,"column":202}},"line":914},"56":{"name":"(anonymous_56)","decl":{"start":{"line":932,"column":38},"end":{"line":932,"column":39}},"loc":{"start":{"line":932,"column":49},"end":{"line":932,"column":211}},"line":932},"57":{"name":"(anonymous_57)","decl":{"start":{"line":948,"column":38},"end":{"line":948,"column":39}},"loc":{"start":{"line":948,"column":49},"end":{"line":948,"column":160}},"line":948},"58":{"name":"(anonymous_58)","decl":{"start":{"line":964,"column":38},"end":{"line":964,"column":39}},"loc":{"start":{"line":964,"column":49},"end":{"line":964,"column":169}},"line":964},"59":{"name":"(anonymous_59)","decl":{"start":{"line":980,"column":38},"end":{"line":980,"column":39}},"loc":{"start":{"line":980,"column":49},"end":{"line":980,"column":202}},"line":980},"60":{"name":"(anonymous_60)","decl":{"start":{"line":996,"column":38},"end":{"line":996,"column":39}},"loc":{"start":{"line":996,"column":49},"end":{"line":996,"column":178}},"line":996},"61":{"name":"(anonymous_61)","decl":{"start":{"line":1015,"column":38},"end":{"line":1015,"column":39}},"loc":{"start":{"line":1015,"column":49},"end":{"line":1015,"column":190}},"line":1015},"62":{"name":"(anonymous_62)","decl":{"start":{"line":1031,"column":38},"end":{"line":1031,"column":39}},"loc":{"start":{"line":1031,"column":49},"end":{"line":1031,"column":184}},"line":1031},"63":{"name":"(anonymous_63)","decl":{"start":{"line":1047,"column":38},"end":{"line":1047,"column":39}},"loc":{"start":{"line":1047,"column":49},"end":{"line":1047,"column":190}},"line":1047},"64":{"name":"(anonymous_64)","decl":{"start":{"line":1063,"column":38},"end":{"line":1063,"column":39}},"loc":{"start":{"line":1063,"column":49},"end":{"line":1063,"column":175}},"line":1063},"65":{"name":"(anonymous_65)","decl":{"start":{"line":1079,"column":38},"end":{"line":1079,"column":39}},"loc":{"start":{"line":1079,"column":49},"end":{"line":1079,"column":172}},"line":1079},"66":{"name":"(anonymous_66)","decl":{"start":{"line":1095,"column":38},"end":{"line":1095,"column":39}},"loc":{"start":{"line":1095,"column":49},"end":{"line":1095,"column":160}},"line":1095},"67":{"name":"(anonymous_67)","decl":{"start":{"line":1110,"column":134},"end":{"line":1110,"column":135}},"loc":{"start":{"line":1110,"column":140},"end":{"line":1114,"column":19}},"line":1110}},"branchMap":{"0":{"loc":{"start":{"line":141,"column":12},"end":{"line":145,"column":13}},"type":"if","locations":[{"start":{"line":141,"column":12},"end":{"line":145,"column":13}},{"start":{"line":143,"column":19},"end":{"line":145,"column":13}}],"line":141},"1":{"loc":{"start":{"line":223,"column":6},"end":{"line":226,"column":7}},"type":"if","locations":[{"start":{"line":223,"column":6},"end":{"line":226,"column":7}},{"start":{},"end":{}}],"line":223},"2":{"loc":{"start":{"line":223,"column":10},"end":{"line":223,"column":97}},"type":"binary-expr","locations":[{"start":{"line":223,"column":10},"end":{"line":223,"column":36}},{"start":{"line":223,"column":40},"end":{"line":223,"column":67}},{"start":{"line":223,"column":71},"end":{"line":223,"column":97}}],"line":223},"3":{"loc":{"start":{"line":229,"column":6},"end":{"line":233,"column":7}},"type":"if","locations":[{"start":{"line":229,"column":6},"end":{"line":233,"column":7}},{"start":{"line":231,"column":13},"end":{"line":233,"column":7}}],"line":229},"4":{"loc":{"start":{"line":260,"column":10},"end":{"line":269,"column":11}},"type":"if","locations":[{"start":{"line":260,"column":10},"end":{"line":269,"column":11}},{"start":{"line":264,"column":17},"end":{"line":269,"column":11}}],"line":260},"5":{"loc":{"start":{"line":286,"column":9},"end":{"line":1135,"column":9}},"type":"cond-expr","locations":[{"start":{"line":287,"column":8},"end":{"line":541,"column":12}},{"start":{"line":542,"column":12},"end":{"line":1135,"column":9}}],"line":286},"6":{"loc":{"start":{"line":286,"column":9},"end":{"line":286,"column":37}},"type":"binary-expr","locations":[{"start":{"line":286,"column":9},"end":{"line":286,"column":24}},{"start":{"line":286,"column":28},"end":{"line":286,"column":37}}],"line":286},"7":{"loc":{"start":{"line":542,"column":12},"end":{"line":1135,"column":9}},"type":"cond-expr","locations":[{"start":{"line":543,"column":10},"end":{"line":878,"column":13}},{"start":{"line":879,"column":16},"end":{"line":1135,"column":9}}],"line":542},"8":{"loc":{"start":{"line":879,"column":16},"end":{"line":1135,"column":9}},"type":"cond-expr","locations":[{"start":{"line":880,"column":14},"end":{"line":1122,"column":27}},{"start":{"line":1124,"column":10},"end":{"line":1134,"column":11}}],"line":879}},"s":{"0":2,"1":146,"2":146,"3":146,"4":146,"5":146,"6":146,"7":146,"8":146,"9":146,"10":146,"11":146,"12":146,"13":146,"14":146,"15":146,"16":146,"17":146,"18":146,"19":146,"20":146,"21":146,"22":146,"23":146,"24":146,"25":146,"26":146,"27":146,"28":146,"29":146,"30":146,"31":146,"32":146,"33":146,"34":146,"35":146,"36":146,"37":146,"38":146,"39":146,"40":146,"41":146,"42":146,"43":146,"44":146,"45":146,"46":146,"47":146,"48":146,"49":146,"50":146,"51":146,"52":146,"53":146,"54":146,"55":146,"56":146,"57":146,"58":146,"59":146,"60":146,"61":146,"62":146,"63":146,"64":146,"65":146,"66":146,"67":146,"68":146,"69":146,"70":146,"71":146,"72":146,"73":146,"74":146,"75":146,"76":146,"77":146,"78":146,"79":146,"80":146,"81":146,"82":146,"83":146,"84":146,"85":146,"86":146,"87":146,"88":146,"89":146,"90":146,"91":146,"92":146,"93":146,"94":146,"95":146,"96":146,"97":146,"98":146,"99":146,"100":146,"101":146,"102":146,"103":13,"104":13,"105":13,"106":13,"107":0,"108":0,"109":13,"110":13,"111":0,"112":13,"113":146,"114":30,"115":146,"116":30,"117":146,"118":31,"119":146,"120":31,"121":146,"122":25,"123":146,"124":25,"125":146,"126":7,"127":7,"128":7,"129":7,"130":112,"131":7,"132":7,"133":7,"134":7,"135":146,"136":4,"137":4,"138":4,"139":4,"140":76,"141":4,"142":4,"143":4,"144":4,"145":146,"146":1,"147":1,"148":1,"149":1,"150":0,"151":0,"152":0,"153":0,"154":0,"155":0,"156":0,"157":0,"158":0,"159":0,"160":0,"161":0,"162":0,"163":0,"164":0,"165":0,"166":0,"167":0,"168":0,"169":0,"170":0,"171":0,"172":0,"173":0,"174":0,"175":0,"176":146,"177":3,"178":3,"179":1,"180":1,"181":1,"182":1,"183":1,"184":1,"185":1,"186":1,"187":1,"188":1,"189":1,"190":1,"191":1,"192":1,"193":1,"194":1,"195":1,"196":1,"197":1,"198":1,"199":1,"200":1,"201":1,"202":1,"203":1,"204":1,"205":1,"206":1,"207":1,"208":1,"209":1,"210":1,"211":1,"212":1,"213":1,"214":1,"215":1,"216":1,"217":1,"218":1,"219":1,"220":1,"221":1,"222":1,"223":1,"224":1,"225":1,"226":1,"227":1,"228":1,"229":1,"230":1,"231":1,"232":1,"233":1,"234":1,"235":1,"236":1,"237":1,"238":1,"239":1,"240":1,"241":1,"242":1,"243":1,"244":1,"245":1,"246":1,"247":1,"248":1,"249":1,"250":1,"251":1,"252":1,"253":1,"254":1,"255":1,"256":1,"257":1,"258":1,"259":1,"260":1,"261":1,"262":1,"263":1,"264":1,"265":1,"266":1,"267":1,"268":1,"269":1,"270":1,"271":1,"272":1},"f":{"0":146,"1":13,"2":13,"3":13,"4":0,"5":13,"6":30,"7":30,"8":31,"9":31,"10":25,"11":25,"12":7,"13":112,"14":4,"15":76,"16":1,"17":0,"18":0,"19":0,"20":0,"21":3,"22":1,"23":1,"24":1,"25":1,"26":1,"27":1,"28":1,"29":1,"30":1,"31":1,"32":1,"33":1,"34":1,"35":1,"36":1,"37":1,"38":1,"39":1,"40":1,"41":1,"42":1,"43":1,"44":1,"45":1,"46":1,"47":1,"48":1,"49":1,"50":1,"51":1,"52":1,"53":1,"54":1,"55":1,"56":1,"57":1,"58":1,"59":1,"60":1,"61":1,"62":1,"63":1,"64":1,"65":1,"66":1,"67":1},"b":{"0":[13,0],"1":[1,0],"2":[1,1,1],"3":[0,0],"4":[0,0],"5":[61,85],"6":[146,133],"7":[44,41],"8":[28,13]},"_coverageSchema":"1a1c01bbd47fc00a2c39e90264f33305004495a9","hash":"95084cccc2a9000ff1c4ba82f789682f88cfd767"}
,"/Users/constantinoslambrou/sh15-main/brewdog_project/frontend/src/components/HideIfLoggedInRoutes.js": {"path":"/Users/constantinoslambrou/sh15-main/brewdog_project/frontend/src/components/HideIfLoggedInRoutes.js","statementMap":{"0":{"start":{"line":4,"column":16},"end":{"line":7,"column":1}},"1":{"start":{"line":5,"column":4},"end":{"line":6,"column":26}},"2":{"start":{"line":5,"column":28},"end":{"line":5,"column":40}},"3":{"start":{"line":6,"column":11},"end":{"line":6,"column":24}},"4":{"start":{"line":9,"column":29},"end":{"line":13,"column":1}},"5":{"start":{"line":10,"column":19},"end":{"line":10,"column":28}},"6":{"start":{"line":11,"column":4},"end":{"line":11,"column":24}},"7":{"start":{"line":12,"column":4},"end":{"line":12,"column":53}}},"fnMap":{"0":{"name":"(anonymous_0)","decl":{"start":{"line":4,"column":16},"end":{"line":4,"column":17}},"loc":{"start":{"line":4,"column":22},"end":{"line":7,"column":1}},"line":4},"1":{"name":"(anonymous_1)","decl":{"start":{"line":9,"column":29},"end":{"line":9,"column":30}},"loc":{"start":{"line":9,"column":35},"end":{"line":13,"column":1}},"line":9}},"branchMap":{"0":{"loc":{"start":{"line":5,"column":4},"end":{"line":6,"column":26}},"type":"if","locations":[{"start":{"line":5,"column":4},"end":{"line":6,"column":26}},{"start":{"line":6,"column":9},"end":{"line":6,"column":26}}],"line":5},"1":{"loc":{"start":{"line":12,"column":11},"end":{"line":12,"column":52}},"type":"cond-expr","locations":[{"start":{"line":12,"column":20},"end":{"line":12,"column":39}},{"start":{"line":12,"column":42},"end":{"line":12,"column":52}}],"line":12}},"s":{"0":1,"1":0,"2":0,"3":0,"4":1,"5":0,"6":0,"7":0},"f":{"0":0,"1":0},"b":{"0":[0,0],"1":[0,0]},"_coverageSchema":"1a1c01bbd47fc00a2c39e90264f33305004495a9","hash":"9d4ed4249f98d89dfbcc44cd9b41a0b150415a1c"}
,"/Users/constantinoslambrou/sh15-main/brewdog_project/frontend/src/components/HomePage.js": {"path":"/Users/constantinoslambrou/sh15-main/brewdog_project/frontend/src/components/HomePage.js","statementMap":{"0":{"start":{"line":11,"column":8},"end":{"line":11,"column":21}},"1":{"start":{"line":15,"column":8},"end":{"line":82,"column":10}}},"fnMap":{"0":{"name":"(anonymous_0)","decl":{"start":{"line":10,"column":4},"end":{"line":10,"column":5}},"loc":{"start":{"line":10,"column":23},"end":{"line":12,"column":5}},"line":10},"1":{"name":"(anonymous_1)","decl":{"start":{"line":14,"column":4},"end":{"line":14,"column":5}},"loc":{"start":{"line":14,"column":13},"end":{"line":83,"column":5}},"line":14}},"branchMap":{},"s":{"0":3,"1":3},"f":{"0":3,"1":3},"b":{},"_coverageSchema":"1a1c01bbd47fc00a2c39e90264f33305004495a9","hash":"1527375221f964142fdb62a5a9b1d43381e2c6a9"}
,"/Users/constantinoslambrou/sh15-main/brewdog_project/frontend/src/components/HowItWorks.js": {"path":"/Users/constantinoslambrou/sh15-main/brewdog_project/frontend/src/components/HowItWorks.js","statementMap":{"0":{"start":{"line":14,"column":8},"end":{"line":14,"column":21}},"1":{"start":{"line":18,"column":8},"end":{"line":106,"column":10}}},"fnMap":{"0":{"name":"(anonymous_0)","decl":{"start":{"line":13,"column":4},"end":{"line":13,"column":5}},"loc":{"start":{"line":13,"column":23},"end":{"line":15,"column":5}},"line":13},"1":{"name":"(anonymous_1)","decl":{"start":{"line":17,"column":4},"end":{"line":17,"column":5}},"loc":{"start":{"line":17,"column":13},"end":{"line":107,"column":5}},"line":17}},"branchMap":{},"s":{"0":2,"1":2},"f":{"0":2,"1":2},"b":{},"_coverageSchema":"1a1c01bbd47fc00a2c39e90264f33305004495a9","hash":"76fbc1285489cfece4fdfd1be7bd98fd8c4144d5"}
,"/Users/constantinoslambrou/sh15-main/brewdog_project/frontend/src/components/IndividualResult.js": {"path":"/Users/constantinoslambrou/sh15-main/brewdog_project/frontend/src/components/IndividualResult.js","statementMap":{"0":{"start":{"line":6,"column":25},"end":{"line":200,"column":1}},"1":{"start":{"line":7,"column":23},"end":{"line":7,"column":34}},"2":{"start":{"line":9,"column":32},"end":{"line":9,"column":44}},"3":{"start":{"line":10,"column":48},"end":{"line":10,"column":59}},"4":{"start":{"line":11,"column":38},"end":{"line":11,"column":49}},"5":{"start":{"line":12,"column":40},"end":{"line":12,"column":51}},"6":{"start":{"line":13,"column":38},"end":{"line":13,"column":49}},"7":{"start":{"line":14,"column":62},"end":{"line":14,"column":73}},"8":{"start":{"line":15,"column":30},"end":{"line":15,"column":41}},"9":{"start":{"line":17,"column":4},"end":{"line":31,"column":19}},"10":{"start":{"line":18,"column":8},"end":{"line":30,"column":11}},"11":{"start":{"line":23,"column":26},"end":{"line":23,"column":41}},"12":{"start":{"line":25,"column":12},"end":{"line":25,"column":30}},"13":{"start":{"line":26,"column":12},"end":{"line":26,"column":28}},"14":{"start":{"line":29,"column":12},"end":{"line":29,"column":31}},"15":{"start":{"line":33,"column":4},"end":{"line":35,"column":17}},"16":{"start":{"line":34,"column":8},"end":{"line":34,"column":28}},"17":{"start":{"line":37,"column":30},"end":{"line":52,"column":5}},"18":{"start":{"line":38,"column":29},"end":{"line":45,"column":9}},"19":{"start":{"line":46,"column":8},"end":{"line":46,"column":65}},"20":{"start":{"line":47,"column":8},"end":{"line":47,"column":47}},"21":{"start":{"line":48,"column":8},"end":{"line":48,"column":49}},"22":{"start":{"line":49,"column":8},"end":{"line":49,"column":49}},"23":{"start":{"line":50,"column":8},"end":{"line":50,"column":74}},"24":{"start":{"line":51,"column":8},"end":{"line":51,"column":39}},"25":{"start":{"line":54,"column":17},"end":{"line":73,"column":5}},"26":{"start":{"line":75,"column":19},"end":{"line":75,"column":85}},"27":{"start":{"line":77,"column":19},"end":{"line":77,"column":32}},"28":{"start":{"line":79,"column":34},"end":{"line":88,"column":5}},"29":{"start":{"line":80,"column":23},"end":{"line":80,"column":70}},"30":{"start":{"line":81,"column":19},"end":{"line":81,"column":61}},"31":{"start":{"line":82,"column":18},"end":{"line":82,"column":61}},"32":{"start":{"line":83,"column":8},"end":{"line":87,"column":10}},"33":{"start":{"line":90,"column":4},"end":{"line":199,"column":6}},"34":{"start":{"line":190,"column":60},"end":{"line":190,"column":127}}},"fnMap":{"0":{"name":"(anonymous_0)","decl":{"start":{"line":6,"column":25},"end":{"line":6,"column":26}},"loc":{"start":{"line":6,"column":31},"end":{"line":200,"column":1}},"line":6},"1":{"name":"(anonymous_1)","decl":{"start":{"line":17,"column":15},"end":{"line":17,"column":16}},"loc":{"start":{"line":17,"column":21},"end":{"line":31,"column":5}},"line":17},"2":{"name":"(anonymous_2)","decl":{"start":{"line":23,"column":14},"end":{"line":23,"column":15}},"loc":{"start":{"line":23,"column":26},"end":{"line":23,"column":41}},"line":23},"3":{"name":"(anonymous_3)","decl":{"start":{"line":24,"column":14},"end":{"line":24,"column":15}},"loc":{"start":{"line":24,"column":22},"end":{"line":27,"column":9}},"line":24},"4":{"name":"(anonymous_4)","decl":{"start":{"line":28,"column":15},"end":{"line":28,"column":16}},"loc":{"start":{"line":28,"column":24},"end":{"line":30,"column":9}},"line":28},"5":{"name":"(anonymous_5)","decl":{"start":{"line":33,"column":14},"end":{"line":33,"column":15}},"loc":{"start":{"line":33,"column":20},"end":{"line":35,"column":5}},"line":33},"6":{"name":"(anonymous_6)","decl":{"start":{"line":37,"column":30},"end":{"line":37,"column":31}},"loc":{"start":{"line":37,"column":36},"end":{"line":52,"column":5}},"line":37},"7":{"name":"(anonymous_7)","decl":{"start":{"line":79,"column":34},"end":{"line":79,"column":35}},"loc":{"start":{"line":79,"column":93},"end":{"line":88,"column":5}},"line":79},"8":{"name":"(anonymous_8)","decl":{"start":{"line":190,"column":42},"end":{"line":190,"column":43}},"loc":{"start":{"line":190,"column":60},"end":{"line":190,"column":127}},"line":190}},"branchMap":{"0":{"loc":{"start":{"line":84,"column":55},"end":{"line":84,"column":79}},"type":"cond-expr","locations":[{"start":{"line":84,"column":64},"end":{"line":84,"column":71}},{"start":{"line":84,"column":74},"end":{"line":84,"column":79}}],"line":84}},"s":{"0":2,"1":16,"2":16,"3":16,"4":16,"5":16,"6":16,"7":16,"8":16,"9":16,"10":4,"11":4,"12":4,"13":4,"14":0,"15":16,"16":8,"17":16,"18":8,"19":8,"20":8,"21":8,"22":8,"23":8,"24":8,"25":16,"26":16,"27":16,"28":16,"29":24,"30":24,"31":24,"32":24,"33":16,"34":96},"f":{"0":16,"1":4,"2":4,"3":4,"4":0,"5":8,"6":8,"7":24,"8":96},"b":{"0":[12,12]},"_coverageSchema":"1a1c01bbd47fc00a2c39e90264f33305004495a9","hash":"c3105c99b21e3f7acf2bcce7d6afc3580e779a0c"}
,"/Users/constantinoslambrou/sh15-main/brewdog_project/frontend/src/components/Login.js": {"path":"/Users/constantinoslambrou/sh15-main/brewdog_project/frontend/src/components/Login.js","statementMap":{"0":{"start":{"line":7,"column":14},"end":{"line":68,"column":1}},"1":{"start":{"line":8,"column":30},"end":{"line":8,"column":42}},"2":{"start":{"line":9,"column":36},"end":{"line":9,"column":48}},"3":{"start":{"line":10,"column":21},"end":{"line":10,"column":34}},"4":{"start":{"line":12,"column":25},"end":{"line":41,"column":5}},"5":{"start":{"line":13,"column":8},"end":{"line":13,"column":31}},"6":{"start":{"line":14,"column":8},"end":{"line":40,"column":11}},"7":{"start":{"line":21,"column":12},"end":{"line":29,"column":13}},"8":{"start":{"line":22,"column":16},"end":{"line":22,"column":50}},"9":{"start":{"line":23,"column":16},"end":{"line":23,"column":34}},"10":{"start":{"line":25,"column":16},"end":{"line":28,"column":20}},"11":{"start":{"line":26,"column":20},"end":{"line":26,"column":39}},"12":{"start":{"line":27,"column":20},"end":{"line":27,"column":42}},"13":{"start":{"line":32,"column":12},"end":{"line":32,"column":30}},"14":{"start":{"line":33,"column":12},"end":{"line":33,"column":54}},"15":{"start":{"line":34,"column":12},"end":{"line":34,"column":52}},"16":{"start":{"line":35,"column":12},"end":{"line":35,"column":64}},"17":{"start":{"line":36,"column":12},"end":{"line":36,"column":26}},"18":{"start":{"line":39,"column":12},"end":{"line":39,"column":31}},"19":{"start":{"line":43,"column":4},"end":{"line":67,"column":6}},"20":{"start":{"line":52,"column":115},"end":{"line":52,"column":139}},"21":{"start":{"line":57,"column":127},"end":{"line":57,"column":154}}},"fnMap":{"0":{"name":"(anonymous_0)","decl":{"start":{"line":7,"column":14},"end":{"line":7,"column":15}},"loc":{"start":{"line":7,"column":20},"end":{"line":68,"column":1}},"line":7},"1":{"name":"(anonymous_1)","decl":{"start":{"line":12,"column":25},"end":{"line":12,"column":26}},"loc":{"start":{"line":12,"column":36},"end":{"line":41,"column":5}},"line":12},"2":{"name":"(anonymous_2)","decl":{"start":{"line":20,"column":14},"end":{"line":20,"column":15}},"loc":{"start":{"line":20,"column":21},"end":{"line":30,"column":9}},"line":20},"3":{"name":"(anonymous_3)","decl":{"start":{"line":25,"column":32},"end":{"line":25,"column":33}},"loc":{"start":{"line":25,"column":40},"end":{"line":28,"column":18}},"line":25},"4":{"name":"(anonymous_4)","decl":{"start":{"line":31,"column":14},"end":{"line":31,"column":15}},"loc":{"start":{"line":31,"column":22},"end":{"line":37,"column":9}},"line":31},"5":{"name":"(anonymous_5)","decl":{"start":{"line":38,"column":15},"end":{"line":38,"column":16}},"loc":{"start":{"line":38,"column":24},"end":{"line":40,"column":9}},"line":38},"6":{"name":"(anonymous_6)","decl":{"start":{"line":52,"column":110},"end":{"line":52,"column":111}},"loc":{"start":{"line":52,"column":115},"end":{"line":52,"column":139}},"line":52},"7":{"name":"(anonymous_7)","decl":{"start":{"line":57,"column":122},"end":{"line":57,"column":123}},"loc":{"start":{"line":57,"column":127},"end":{"line":57,"column":154}},"line":57}},"branchMap":{"0":{"loc":{"start":{"line":21,"column":12},"end":{"line":29,"column":13}},"type":"if","locations":[{"start":{"line":21,"column":12},"end":{"line":29,"column":13}},{"start":{"line":24,"column":19},"end":{"line":29,"column":13}}],"line":21}},"s":{"0":2,"1":11,"2":11,"3":11,"4":11,"5":1,"6":1,"7":1,"8":1,"9":1,"10":0,"11":0,"12":0,"13":1,"14":1,"15":1,"16":1,"17":1,"18":0,"19":11,"20":4,"21":2},"f":{"0":11,"1":1,"2":1,"3":0,"4":1,"5":0,"6":4,"7":2},"b":{"0":[1,0]},"_coverageSchema":"1a1c01bbd47fc00a2c39e90264f33305004495a9","hash":"2a6fe38b8a7b93ae6a60ad6369f2c7b9c741fa7e"}
,"/Users/constantinoslambrou/sh15-main/brewdog_project/frontend/src/components/MyAccount.js": {"path":"/Users/constantinoslambrou/sh15-main/brewdog_project/frontend/src/components/MyAccount.js","statementMap":{"0":{"start":{"line":6,"column":36},"end":{"line":6,"column":52}},"1":{"start":{"line":7,"column":46},"end":{"line":7,"column":67}},"2":{"start":{"line":8,"column":30},"end":{"line":8,"column":46}},"3":{"start":{"line":9,"column":40},"end":{"line":9,"column":61}},"4":{"start":{"line":10,"column":36},"end":{"line":10,"column":52}},"5":{"start":{"line":11,"column":29},"end":{"line":11,"column":45}},"6":{"start":{"line":12,"column":50},"end":{"line":12,"column":66}},"7":{"start":{"line":13,"column":34},"end":{"line":13,"column":50}},"8":{"start":{"line":14,"column":44},"end":{"line":14,"column":65}},"9":{"start":{"line":15,"column":30},"end":{"line":15,"column":46}},"10":{"start":{"line":16,"column":40},"end":{"line":16,"column":61}},"11":{"start":{"line":17,"column":36},"end":{"line":17,"column":57}},"12":{"start":{"line":18,"column":44},"end":{"line":18,"column":65}},"13":{"start":{"line":19,"column":40},"end":{"line":19,"column":61}},"14":{"start":{"line":21,"column":4},"end":{"line":52,"column":21}},"15":{"start":{"line":22,"column":19},"end":{"line":22,"column":47}},"16":{"start":{"line":23,"column":8},"end":{"line":50,"column":11}},"17":{"start":{"line":29,"column":12},"end":{"line":34,"column":13}},"18":{"start":{"line":30,"column":16},"end":{"line":30,"column":34}},"19":{"start":{"line":32,"column":16},"end":{"line":32,"column":77}},"20":{"start":{"line":33,"column":16},"end":{"line":33,"column":63}},"21":{"start":{"line":37,"column":12},"end":{"line":37,"column":30}},"22":{"start":{"line":38,"column":12},"end":{"line":38,"column":39}},"23":{"start":{"line":39,"column":12},"end":{"line":39,"column":45}},"24":{"start":{"line":40,"column":12},"end":{"line":40,"column":39}},"25":{"start":{"line":41,"column":12},"end":{"line":41,"column":49}},"26":{"start":{"line":42,"column":12},"end":{"line":42,"column":45}},"27":{"start":{"line":43,"column":12},"end":{"line":43,"column":44}},"28":{"start":{"line":44,"column":12},"end":{"line":44,"column":50}},"29":{"start":{"line":45,"column":12},"end":{"line":45,"column":54}},"30":{"start":{"line":46,"column":12},"end":{"line":46,"column":50}},"31":{"start":{"line":49,"column":12},"end":{"line":49,"column":31}},"32":{"start":{"line":51,"column":8},"end":{"line":51,"column":29}},"33":{"start":{"line":54,"column":25},"end":{"line":102,"column":5}},"34":{"start":{"line":55,"column":8},"end":{"line":55,"column":31}},"35":{"start":{"line":56,"column":8},"end":{"line":59,"column":9}},"36":{"start":{"line":57,"column":12},"end":{"line":57,"column":44}},"37":{"start":{"line":58,"column":12},"end":{"line":58,"column":19}},"38":{"start":{"line":60,"column":8},"end":{"line":63,"column":9}},"39":{"start":{"line":61,"column":12},"end":{"line":61,"column":37}},"40":{"start":{"line":62,"column":12},"end":{"line":62,"column":19}},"41":{"start":{"line":64,"column":8},"end":{"line":66,"column":9}},"42":{"start":{"line":65,"column":12},"end":{"line":65,"column":30}},"43":{"start":{"line":67,"column":26},"end":{"line":71,"column":9}},"44":{"start":{"line":72,"column":19},"end":{"line":72,"column":47}},"45":{"start":{"line":73,"column":8},"end":{"line":101,"column":11}},"46":{"start":{"line":80,"column":12},"end":{"line":94,"column":13}},"47":{"start":{"line":81,"column":16},"end":{"line":81,"column":43}},"48":{"start":{"line":82,"column":16},"end":{"line":82,"column":37}},"49":{"start":{"line":83,"column":16},"end":{"line":83,"column":41}},"50":{"start":{"line":84,"column":16},"end":{"line":84,"column":37}},"51":{"start":{"line":85,"column":16},"end":{"line":85,"column":52}},"52":{"start":{"line":86,"column":16},"end":{"line":86,"column":35}},"53":{"start":{"line":87,"column":16},"end":{"line":87,"column":39}},"54":{"start":{"line":88,"column":16},"end":{"line":88,"column":34}},"55":{"start":{"line":90,"column":16},"end":{"line":93,"column":20}},"56":{"start":{"line":91,"column":20},"end":{"line":91,"column":39}},"57":{"start":{"line":92,"column":20},"end":{"line":92,"column":54}},"58":{"start":{"line":97,"column":12},"end":{"line":97,"column":30}},"59":{"start":{"line":100,"column":12},"end":{"line":100,"column":31}},"60":{"start":{"line":104,"column":4},"end":{"line":173,"column":6}},"61":{"start":{"line":115,"column":146},"end":{"line":115,"column":173}},"62":{"start":{"line":119,"column":141},"end":{"line":119,"column":165}},"63":{"start":{"line":123,"column":144},"end":{"line":123,"column":170}},"64":{"start":{"line":127,"column":140},"end":{"line":127,"column":164}},"65":{"start":{"line":130,"column":128},"end":{"line":130,"column":148}},"66":{"start":{"line":130,"column":149},"end":{"line":130,"column":168}},"67":{"start":{"line":143,"column":150},"end":{"line":143,"column":173}},"68":{"start":{"line":147,"column":165},"end":{"line":147,"column":199}},"69":{"start":{"line":150,"column":124},"end":{"line":150,"column":144}},"70":{"start":{"line":150,"column":145},"end":{"line":150,"column":164}},"71":{"start":{"line":150,"column":165},"end":{"line":150,"column":188}},"72":{"start":{"line":162,"column":126},"end":{"line":162,"column":143}},"73":{"start":{"line":164,"column":24},"end":{"line":164,"column":43}},"74":{"start":{"line":165,"column":24},"end":{"line":165,"column":46}}},"fnMap":{"0":{"name":"MyAccount","decl":{"start":{"line":5,"column":9},"end":{"line":5,"column":18}},"loc":{"start":{"line":5,"column":21},"end":{"line":174,"column":1}},"line":5},"1":{"name":"(anonymous_1)","decl":{"start":{"line":21,"column":14},"end":{"line":21,"column":15}},"loc":{"start":{"line":21,"column":20},"end":{"line":52,"column":5}},"line":21},"2":{"name":"(anonymous_2)","decl":{"start":{"line":28,"column":14},"end":{"line":28,"column":15}},"loc":{"start":{"line":28,"column":21},"end":{"line":35,"column":9}},"line":28},"3":{"name":"(anonymous_3)","decl":{"start":{"line":36,"column":14},"end":{"line":36,"column":15}},"loc":{"start":{"line":36,"column":22},"end":{"line":47,"column":9}},"line":36},"4":{"name":"(anonymous_4)","decl":{"start":{"line":48,"column":15},"end":{"line":48,"column":16}},"loc":{"start":{"line":48,"column":24},"end":{"line":50,"column":9}},"line":48},"5":{"name":"(anonymous_5)","decl":{"start":{"line":54,"column":25},"end":{"line":54,"column":26}},"loc":{"start":{"line":54,"column":36},"end":{"line":102,"column":5}},"line":54},"6":{"name":"(anonymous_6)","decl":{"start":{"line":79,"column":14},"end":{"line":79,"column":15}},"loc":{"start":{"line":79,"column":21},"end":{"line":95,"column":9}},"line":79},"7":{"name":"(anonymous_7)","decl":{"start":{"line":90,"column":32},"end":{"line":90,"column":33}},"loc":{"start":{"line":90,"column":40},"end":{"line":93,"column":18}},"line":90},"8":{"name":"(anonymous_8)","decl":{"start":{"line":96,"column":14},"end":{"line":96,"column":15}},"loc":{"start":{"line":96,"column":22},"end":{"line":98,"column":9}},"line":96},"9":{"name":"(anonymous_9)","decl":{"start":{"line":99,"column":15},"end":{"line":99,"column":16}},"loc":{"start":{"line":99,"column":24},"end":{"line":101,"column":9}},"line":99},"10":{"name":"(anonymous_10)","decl":{"start":{"line":115,"column":141},"end":{"line":115,"column":142}},"loc":{"start":{"line":115,"column":146},"end":{"line":115,"column":173}},"line":115},"11":{"name":"(anonymous_11)","decl":{"start":{"line":119,"column":136},"end":{"line":119,"column":137}},"loc":{"start":{"line":119,"column":141},"end":{"line":119,"column":165}},"line":119},"12":{"name":"(anonymous_12)","decl":{"start":{"line":123,"column":139},"end":{"line":123,"column":140}},"loc":{"start":{"line":123,"column":144},"end":{"line":123,"column":170}},"line":123},"13":{"name":"(anonymous_13)","decl":{"start":{"line":127,"column":135},"end":{"line":127,"column":136}},"loc":{"start":{"line":127,"column":140},"end":{"line":127,"column":164}},"line":127},"14":{"name":"(anonymous_14)","decl":{"start":{"line":130,"column":121},"end":{"line":130,"column":122}},"loc":{"start":{"line":130,"column":127},"end":{"line":130,"column":169}},"line":130},"15":{"name":"(anonymous_15)","decl":{"start":{"line":143,"column":145},"end":{"line":143,"column":146}},"loc":{"start":{"line":143,"column":150},"end":{"line":143,"column":173}},"line":143},"16":{"name":"(anonymous_16)","decl":{"start":{"line":147,"column":160},"end":{"line":147,"column":161}},"loc":{"start":{"line":147,"column":165},"end":{"line":147,"column":199}},"line":147},"17":{"name":"(anonymous_17)","decl":{"start":{"line":150,"column":117},"end":{"line":150,"column":118}},"loc":{"start":{"line":150,"column":123},"end":{"line":150,"column":189}},"line":150},"18":{"name":"(anonymous_18)","decl":{"start":{"line":162,"column":120},"end":{"line":162,"column":121}},"loc":{"start":{"line":162,"column":126},"end":{"line":162,"column":143}},"line":162},"19":{"name":"(anonymous_19)","decl":{"start":{"line":163,"column":134},"end":{"line":163,"column":135}},"loc":{"start":{"line":163,"column":140},"end":{"line":166,"column":25}},"line":163}},"branchMap":{"0":{"loc":{"start":{"line":29,"column":12},"end":{"line":34,"column":13}},"type":"if","locations":[{"start":{"line":29,"column":12},"end":{"line":34,"column":13}},{"start":{"line":31,"column":19},"end":{"line":34,"column":13}}],"line":29},"1":{"loc":{"start":{"line":56,"column":8},"end":{"line":59,"column":9}},"type":"if","locations":[{"start":{"line":56,"column":8},"end":{"line":59,"column":9}},{"start":{},"end":{}}],"line":56},"2":{"loc":{"start":{"line":60,"column":8},"end":{"line":63,"column":9}},"type":"if","locations":[{"start":{"line":60,"column":8},"end":{"line":63,"column":9}},{"start":{},"end":{}}],"line":60},"3":{"loc":{"start":{"line":60,"column":12},"end":{"line":60,"column":136}},"type":"binary-expr","locations":[{"start":{"line":60,"column":12},"end":{"line":60,"column":38}},{"start":{"line":60,"column":42},"end":{"line":60,"column":62}},{"start":{"line":60,"column":66},"end":{"line":60,"column":90}},{"start":{"line":60,"column":94},"end":{"line":60,"column":114}},{"start":{"line":60,"column":118},"end":{"line":60,"column":136}}],"line":60},"4":{"loc":{"start":{"line":64,"column":8},"end":{"line":66,"column":9}},"type":"if","locations":[{"start":{"line":64,"column":8},"end":{"line":66,"column":9}},{"start":{},"end":{}}],"line":64},"5":{"loc":{"start":{"line":64,"column":13},"end":{"line":64,"column":63}},"type":"binary-expr","locations":[{"start":{"line":64,"column":13},"end":{"line":64,"column":31}},{"start":{"line":64,"column":35},"end":{"line":64,"column":46}},{"start":{"line":64,"column":50},"end":{"line":64,"column":63}}],"line":64},"6":{"loc":{"start":{"line":80,"column":12},"end":{"line":94,"column":13}},"type":"if","locations":[{"start":{"line":80,"column":12},"end":{"line":94,"column":13}},{"start":{"line":89,"column":19},"end":{"line":94,"column":13}}],"line":80},"7":{"loc":{"start":{"line":107,"column":13},"end":{"line":170,"column":13}},"type":"cond-expr","locations":[{"start":{"line":108,"column":12},"end":{"line":134,"column":15}},{"start":{"line":135,"column":16},"end":{"line":170,"column":13}}],"line":107},"8":{"loc":{"start":{"line":107,"column":13},"end":{"line":107,"column":38}},"type":"binary-expr","locations":[{"start":{"line":107,"column":13},"end":{"line":107,"column":21}},{"start":{"line":107,"column":25},"end":{"line":107,"column":38}}],"line":107},"9":{"loc":{"start":{"line":135,"column":16},"end":{"line":170,"column":13}},"type":"cond-expr","locations":[{"start":{"line":136,"column":12},"end":{"line":153,"column":15}},{"start":{"line":155,"column":16},"end":{"line":168,"column":22}}],"line":135},"10":{"loc":{"start":{"line":135,"column":16},"end":{"line":135,"column":41}},"type":"binary-expr","locations":[{"start":{"line":135,"column":16},"end":{"line":135,"column":28}},{"start":{"line":135,"column":32},"end":{"line":135,"column":41}}],"line":135}},"s":{"0":117,"1":116,"2":116,"3":116,"4":116,"5":116,"6":116,"7":116,"8":116,"9":116,"10":116,"11":116,"12":116,"13":116,"14":116,"15":12,"16":12,"17":12,"18":12,"19":0,"20":0,"21":12,"22":12,"23":12,"24":12,"25":12,"26":12,"27":12,"28":12,"29":12,"30":12,"31":0,"32":12,"33":116,"34":7,"35":7,"36":1,"37":1,"38":6,"39":3,"40":3,"41":3,"42":1,"43":3,"44":3,"45":3,"46":3,"47":3,"48":3,"49":3,"50":3,"51":3,"52":3,"53":3,"54":3,"55":0,"56":0,"57":0,"58":3,"59":0,"60":116,"61":1,"62":2,"63":1,"64":1,"65":1,"66":1,"67":2,"68":2,"69":1,"70":1,"71":1,"72":4,"73":3,"74":3},"f":{"0":117,"1":12,"2":12,"3":12,"4":0,"5":7,"6":3,"7":0,"8":3,"9":0,"10":1,"11":2,"12":1,"13":1,"14":1,"15":2,"16":2,"17":1,"18":4,"19":3},"b":{"0":[12,0],"1":[1,6],"2":[3,3],"3":[6,5,4,4,4],"4":[1,2],"5":[3,1,1],"6":[3,0],"7":[16,100],"8":[116,16],"9":[9,91],"10":[100,9]},"_coverageSchema":"1a1c01bbd47fc00a2c39e90264f33305004495a9","hash":"52ee0b04c80582cf521f1e8ba4542315a314bd25"}
,"/Users/constantinoslambrou/sh15-main/brewdog_project/frontend/src/components/MyResults.js": {"path":"/Users/constantinoslambrou/sh15-main/brewdog_project/frontend/src/components/MyResults.js","statementMap":{"0":{"start":{"line":9,"column":18},"end":{"line":120,"column":1}},"1":{"start":{"line":10,"column":21},"end":{"line":10,"column":34}},"2":{"start":{"line":11,"column":34},"end":{"line":11,"column":46}},"3":{"start":{"line":13,"column":15},"end":{"line":13,"column":43}},"4":{"start":{"line":14,"column":4},"end":{"line":28,"column":11}},"5":{"start":{"line":15,"column":8},"end":{"line":27,"column":11}},"6":{"start":{"line":20,"column":26},"end":{"line":20,"column":41}},"7":{"start":{"line":22,"column":12},"end":{"line":22,"column":30}},"8":{"start":{"line":23,"column":12},"end":{"line":23,"column":29}},"9":{"start":{"line":26,"column":12},"end":{"line":26,"column":31}},"10":{"start":{"line":30,"column":24},"end":{"line":37,"column":5}},"11":{"start":{"line":31,"column":22},"end":{"line":31,"column":55}},"12":{"start":{"line":32,"column":8},"end":{"line":36,"column":9}},"13":{"start":{"line":33,"column":12},"end":{"line":33,"column":47}},"14":{"start":{"line":35,"column":12},"end":{"line":35,"column":44}},"15":{"start":{"line":39,"column":30},"end":{"line":53,"column":5}},"16":{"start":{"line":40,"column":29},"end":{"line":47,"column":9}},"17":{"start":{"line":48,"column":20},"end":{"line":48,"column":21}},"18":{"start":{"line":49,"column":8},"end":{"line":51,"column":9}},"19":{"start":{"line":50,"column":12},"end":{"line":50,"column":45}},"20":{"start":{"line":52,"column":8},"end":{"line":52,"column":38}},"21":{"start":{"line":55,"column":17},"end":{"line":61,"column":6}},"22":{"start":{"line":56,"column":38},"end":{"line":56,"column":63}},"23":{"start":{"line":57,"column":8},"end":{"line":60,"column":9}},"24":{"start":{"line":64,"column":4},"end":{"line":118,"column":6}},"25":{"start":{"line":86,"column":50},"end":{"line":86,"column":75}},"26":{"start":{"line":87,"column":20},"end":{"line":109,"column":22}},"27":{"start":{"line":92,"column":72},"end":{"line":92,"column":86}},"28":{"start":{"line":95,"column":55},"end":{"line":95,"column":90}},"29":{"start":{"line":100,"column":36},"end":{"line":104,"column":37}}},"fnMap":{"0":{"name":"(anonymous_0)","decl":{"start":{"line":9,"column":18},"end":{"line":9,"column":19}},"loc":{"start":{"line":9,"column":24},"end":{"line":120,"column":1}},"line":9},"1":{"name":"(anonymous_1)","decl":{"start":{"line":14,"column":15},"end":{"line":14,"column":16}},"loc":{"start":{"line":14,"column":21},"end":{"line":28,"column":5}},"line":14},"2":{"name":"(anonymous_2)","decl":{"start":{"line":20,"column":14},"end":{"line":20,"column":15}},"loc":{"start":{"line":20,"column":26},"end":{"line":20,"column":41}},"line":20},"3":{"name":"(anonymous_3)","decl":{"start":{"line":21,"column":14},"end":{"line":21,"column":15}},"loc":{"start":{"line":21,"column":22},"end":{"line":24,"column":9}},"line":21},"4":{"name":"(anonymous_4)","decl":{"start":{"line":25,"column":15},"end":{"line":25,"column":16}},"loc":{"start":{"line":25,"column":24},"end":{"line":27,"column":9}},"line":25},"5":{"name":"(anonymous_5)","decl":{"start":{"line":30,"column":24},"end":{"line":30,"column":25}},"loc":{"start":{"line":30,"column":31},"end":{"line":37,"column":5}},"line":30},"6":{"name":"(anonymous_6)","decl":{"start":{"line":39,"column":30},"end":{"line":39,"column":31}},"loc":{"start":{"line":39,"column":42},"end":{"line":53,"column":5}},"line":39},"7":{"name":"(anonymous_7)","decl":{"start":{"line":55,"column":29},"end":{"line":55,"column":30}},"loc":{"start":{"line":55,"column":39},"end":{"line":61,"column":5}},"line":55},"8":{"name":"(anonymous_8)","decl":{"start":{"line":85,"column":29},"end":{"line":85,"column":30}},"loc":{"start":{"line":85,"column":39},"end":{"line":110,"column":17}},"line":85},"9":{"name":"(anonymous_9)","decl":{"start":{"line":92,"column":65},"end":{"line":92,"column":66}},"loc":{"start":{"line":92,"column":72},"end":{"line":92,"column":86}},"line":92},"10":{"name":"(anonymous_10)","decl":{"start":{"line":95,"column":49},"end":{"line":95,"column":50}},"loc":{"start":{"line":95,"column":55},"end":{"line":95,"column":90}},"line":95},"11":{"name":"(anonymous_11)","decl":{"start":{"line":99,"column":64},"end":{"line":99,"column":65}},"loc":{"start":{"line":99,"column":76},"end":{"line":105,"column":33}},"line":99}},"branchMap":{"0":{"loc":{"start":{"line":32,"column":8},"end":{"line":36,"column":9}},"type":"if","locations":[{"start":{"line":32,"column":8},"end":{"line":36,"column":9}},{"start":{"line":34,"column":15},"end":{"line":36,"column":9}}],"line":32},"1":{"loc":{"start":{"line":69,"column":16},"end":{"line":114,"column":50}},"type":"cond-expr","locations":[{"start":{"line":70,"column":20},"end":{"line":111,"column":19}},{"start":{"line":114,"column":18},"end":{"line":114,"column":50}}],"line":69}},"s":{"0":2,"1":8,"2":7,"3":7,"4":7,"5":3,"6":3,"7":3,"8":3,"9":0,"10":7,"11":0,"12":0,"13":0,"14":0,"15":7,"16":16,"17":16,"18":16,"19":96,"20":16,"21":7,"22":8,"23":8,"24":7,"25":8,"26":8,"27":0,"28":1,"29":48},"f":{"0":8,"1":3,"2":3,"3":3,"4":0,"5":0,"6":16,"7":8,"8":8,"9":0,"10":1,"11":48},"b":{"0":[0,0],"1":[4,3]},"_coverageSchema":"1a1c01bbd47fc00a2c39e90264f33305004495a9","hash":"7d309ca39b79affdab0bc3af658ae064ace6bb2d"}
,"/Users/constantinoslambrou/sh15-main/brewdog_project/frontend/src/components/NavBar.js": {"path":"/Users/constantinoslambrou/sh15-main/brewdog_project/frontend/src/components/NavBar.js","statementMap":{"0":{"start":{"line":9,"column":36},"end":{"line":9,"column":56}},"1":{"start":{"line":10,"column":38},"end":{"line":10,"column":58}},"2":{"start":{"line":13,"column":8},"end":{"line":13,"column":82}},"3":{"start":{"line":13,"column":48},"end":{"line":13,"column":81}},"4":{"start":{"line":15,"column":29},"end":{"line":15,"column":47}},"5":{"start":{"line":18,"column":8},"end":{"line":18,"column":26}},"6":{"start":{"line":19,"column":8},"end":{"line":19,"column":40}},"7":{"start":{"line":23,"column":8},"end":{"line":23,"column":26}},"8":{"start":{"line":24,"column":8},"end":{"line":24,"column":41}},"9":{"start":{"line":28,"column":8},"end":{"line":28,"column":26}},"10":{"start":{"line":29,"column":8},"end":{"line":29,"column":41}},"11":{"start":{"line":30,"column":8},"end":{"line":30,"column":35}},"12":{"start":{"line":34,"column":8},"end":{"line":34,"column":26}},"13":{"start":{"line":35,"column":8},"end":{"line":35,"column":44}},"14":{"start":{"line":39,"column":8},"end":{"line":39,"column":27}},"15":{"start":{"line":40,"column":8},"end":{"line":40,"column":51}},"16":{"start":{"line":44,"column":8},"end":{"line":44,"column":27}},"17":{"start":{"line":45,"column":8},"end":{"line":45,"column":44}},"18":{"start":{"line":48,"column":29},"end":{"line":52,"column":5}},"19":{"start":{"line":55,"column":8},"end":{"line":56,"column":30}},"20":{"start":{"line":55,"column":32},"end":{"line":55,"column":44}},"21":{"start":{"line":56,"column":15},"end":{"line":56,"column":28}},"22":{"start":{"line":59,"column":4},"end":{"line":123,"column":6}}},"fnMap":{"0":{"name":"NavBar","decl":{"start":{"line":8,"column":24},"end":{"line":8,"column":30}},"loc":{"start":{"line":8,"column":33},"end":{"line":124,"column":1}},"line":8},"1":{"name":"handleClick","decl":{"start":{"line":12,"column":13},"end":{"line":12,"column":24}},"loc":{"start":{"line":12,"column":32},"end":{"line":14,"column":5}},"line":12},"2":{"name":"handleClose","decl":{"start":{"line":15,"column":13},"end":{"line":15,"column":24}},"loc":{"start":{"line":15,"column":27},"end":{"line":15,"column":49}},"line":15},"3":{"name":"handleLoginClick","decl":{"start":{"line":17,"column":13},"end":{"line":17,"column":29}},"loc":{"start":{"line":17,"column":32},"end":{"line":20,"column":5}},"line":17},"4":{"name":"handleSignUpClick","decl":{"start":{"line":22,"column":13},"end":{"line":22,"column":30}},"loc":{"start":{"line":22,"column":33},"end":{"line":25,"column":5}},"line":22},"5":{"name":"handleLogOutClick","decl":{"start":{"line":27,"column":13},"end":{"line":27,"column":30}},"loc":{"start":{"line":27,"column":33},"end":{"line":31,"column":5}},"line":27},"6":{"name":"handleMyAccountClick","decl":{"start":{"line":33,"column":13},"end":{"line":33,"column":33}},"loc":{"start":{"line":33,"column":36},"end":{"line":36,"column":5}},"line":33},"7":{"name":"handleCarbonCalculatorClick","decl":{"start":{"line":38,"column":13},"end":{"line":38,"column":40}},"loc":{"start":{"line":38,"column":43},"end":{"line":41,"column":5}},"line":38},"8":{"name":"handleMyResultsClick","decl":{"start":{"line":43,"column":13},"end":{"line":43,"column":33}},"loc":{"start":{"line":43,"column":36},"end":{"line":46,"column":5}},"line":43},"9":{"name":"isAuth","decl":{"start":{"line":54,"column":13},"end":{"line":54,"column":19}},"loc":{"start":{"line":54,"column":21},"end":{"line":57,"column":5}},"line":54}},"branchMap":{"0":{"loc":{"start":{"line":13,"column":8},"end":{"line":13,"column":82}},"type":"if","locations":[{"start":{"line":13,"column":8},"end":{"line":13,"column":82}},{"start":{},"end":{}}],"line":13},"1":{"loc":{"start":{"line":55,"column":8},"end":{"line":56,"column":30}},"type":"if","locations":[{"start":{"line":55,"column":8},"end":{"line":56,"column":30}},{"start":{"line":56,"column":13},"end":{"line":56,"column":30}}],"line":55},"2":{"loc":{"start":{"line":77,"column":31},"end":{"line":77,"column":67}},"type":"cond-expr","locations":[{"start":{"line":77,"column":42},"end":{"line":77,"column":55}},{"start":{"line":77,"column":58},"end":{"line":77,"column":67}}],"line":77},"3":{"loc":{"start":{"line":90,"column":31},"end":{"line":90,"column":67}},"type":"cond-expr","locations":[{"start":{"line":90,"column":42},"end":{"line":90,"column":55}},{"start":{"line":90,"column":58},"end":{"line":90,"column":67}}],"line":90},"4":{"loc":{"start":{"line":109,"column":24},"end":{"line":114,"column":111}},"type":"cond-expr","locations":[{"start":{"line":110,"column":26},"end":{"line":112,"column":109}},{"start":{"line":113,"column":28},"end":{"line":114,"column":109}}],"line":109}},"s":{"0":6,"1":6,"2":2,"3":2,"4":0,"5":0,"6":0,"7":0,"8":0,"9":0,"10":0,"11":0,"12":0,"13":0,"14":0,"15":0,"16":0,"17":0,"18":6,"19":6,"20":3,"21":3,"22":6},"f":{"0":6,"1":2,"2":0,"3":0,"4":0,"5":0,"6":0,"7":0,"8":0,"9":6},"b":{"0":[2,0],"1":[3,3],"2":[2,4],"3":[2,4],"4":[3,3]},"_coverageSchema":"1a1c01bbd47fc00a2c39e90264f33305004495a9","hash":"6a1a6cdd6faa69ad6d8315ff48d27c010b3edf65"}
,"/Users/constantinoslambrou/sh15-main/brewdog_project/frontend/src/components/ProtectedRoutes.js": {"path":"/Users/constantinoslambrou/sh15-main/brewdog_project/frontend/src/components/ProtectedRoutes.js","statementMap":{"0":{"start":{"line":4,"column":16},"end":{"line":7,"column":1}},"1":{"start":{"line":5,"column":4},"end":{"line":6,"column":26}},"2":{"start":{"line":5,"column":28},"end":{"line":5,"column":40}},"3":{"start":{"line":6,"column":11},"end":{"line":6,"column":24}},"4":{"start":{"line":9,"column":22},"end":{"line":12,"column":1}},"5":{"start":{"line":10,"column":19},"end":{"line":10,"column":28}},"6":{"start":{"line":11,"column":4},"end":{"line":11,"column":58}}},"fnMap":{"0":{"name":"(anonymous_0)","decl":{"start":{"line":4,"column":16},"end":{"line":4,"column":17}},"loc":{"start":{"line":4,"column":22},"end":{"line":7,"column":1}},"line":4},"1":{"name":"(anonymous_1)","decl":{"start":{"line":9,"column":22},"end":{"line":9,"column":23}},"loc":{"start":{"line":9,"column":28},"end":{"line":12,"column":1}},"line":9}},"branchMap":{"0":{"loc":{"start":{"line":5,"column":4},"end":{"line":6,"column":26}},"type":"if","locations":[{"start":{"line":5,"column":4},"end":{"line":6,"column":26}},{"start":{"line":6,"column":9},"end":{"line":6,"column":26}}],"line":5},"1":{"loc":{"start":{"line":11,"column":11},"end":{"line":11,"column":57}},"type":"cond-expr","locations":[{"start":{"line":11,"column":20},"end":{"line":11,"column":30}},{"start":{"line":11,"column":33},"end":{"line":11,"column":57}}],"line":11}},"s":{"0":1,"1":0,"2":0,"3":0,"4":1,"5":0,"6":0},"f":{"0":0,"1":0},"b":{"0":[0,0],"1":[0,0]},"_coverageSchema":"1a1c01bbd47fc00a2c39e90264f33305004495a9","hash":"15f812b6f51040547e373427841c5ca01eeaa0e4"}
,"/Users/constantinoslambrou/sh15-main/brewdog_project/frontend/src/components/SignUp.js": {"path":"/Users/constantinoslambrou/sh15-main/brewdog_project/frontend/src/components/SignUp.js","statementMap":{"0":{"start":{"line":8,"column":15},"end":{"line":83,"column":1}},"1":{"start":{"line":9,"column":21},"end":{"line":9,"column":34}},"2":{"start":{"line":11,"column":25},"end":{"line":35,"column":5}},"3":{"start":{"line":12,"column":8},"end":{"line":12,"column":31}},"4":{"start":{"line":13,"column":21},"end":{"line":13,"column":47}},"5":{"start":{"line":15,"column":8},"end":{"line":18,"column":9}},"6":{"start":{"line":16,"column":12},"end":{"line":16,"column":51}},"7":{"start":{"line":17,"column":12},"end":{"line":17,"column":19}},"8":{"start":{"line":20,"column":8},"end":{"line":34,"column":11}},"9":{"start":{"line":25,"column":12},"end":{"line":31,"column":13}},"10":{"start":{"line":26,"column":16},"end":{"line":26,"column":35}},"11":{"start":{"line":28,"column":16},"end":{"line":30,"column":47}},"12":{"start":{"line":29,"column":20},"end":{"line":29,"column":39}},"13":{"start":{"line":30,"column":20},"end":{"line":30,"column":42}},"14":{"start":{"line":33,"column":12},"end":{"line":33,"column":44}},"15":{"start":{"line":38,"column":4},"end":{"line":82,"column":6}}},"fnMap":{"0":{"name":"(anonymous_0)","decl":{"start":{"line":8,"column":15},"end":{"line":8,"column":16}},"loc":{"start":{"line":8,"column":21},"end":{"line":83,"column":1}},"line":8},"1":{"name":"(anonymous_1)","decl":{"start":{"line":11,"column":25},"end":{"line":11,"column":26}},"loc":{"start":{"line":11,"column":36},"end":{"line":35,"column":5}},"line":11},"2":{"name":"(anonymous_2)","decl":{"start":{"line":24,"column":16},"end":{"line":24,"column":17}},"loc":{"start":{"line":24,"column":28},"end":{"line":32,"column":9}},"line":24},"3":{"name":"(anonymous_3)","decl":{"start":{"line":28,"column":38},"end":{"line":28,"column":39}},"loc":{"start":{"line":28,"column":46},"end":{"line":30,"column":45}},"line":28},"4":{"name":"(anonymous_4)","decl":{"start":{"line":32,"column":18},"end":{"line":32,"column":19}},"loc":{"start":{"line":32,"column":27},"end":{"line":34,"column":9}},"line":32}},"branchMap":{"0":{"loc":{"start":{"line":15,"column":8},"end":{"line":18,"column":9}},"type":"if","locations":[{"start":{"line":15,"column":8},"end":{"line":18,"column":9}},{"start":{},"end":{}}],"line":15},"1":{"loc":{"start":{"line":25,"column":12},"end":{"line":31,"column":13}},"type":"if","locations":[{"start":{"line":25,"column":12},"end":{"line":31,"column":13}},{"start":{"line":27,"column":19},"end":{"line":31,"column":13}}],"line":25}},"s":{"0":2,"1":6,"2":6,"3":2,"4":2,"5":2,"6":1,"7":1,"8":1,"9":1,"10":1,"11":0,"12":0,"13":0,"14":0,"15":6},"f":{"0":6,"1":2,"2":1,"3":0,"4":0},"b":{"0":[1,1],"1":[1,0]},"_coverageSchema":"1a1c01bbd47fc00a2c39e90264f33305004495a9","hash":"3f8b76d7f066838626ad6997f582979698c2cea5"}
,"/Users/constantinoslambrou/sh15-main/brewdog_project/frontend/src/components/csrftoken.js": {"path":"/Users/constantinoslambrou/sh15-main/brewdog_project/frontend/src/components/csrftoken.js","statementMap":{"0":{"start":{"line":3,"column":16},"end":{"line":3,"column":38}},"1":{"start":{"line":5,"column":18},"end":{"line":9,"column":1}},"2":{"start":{"line":6,"column":4},"end":{"line":8,"column":6}}},"fnMap":{"0":{"name":"(anonymous_0)","decl":{"start":{"line":5,"column":18},"end":{"line":5,"column":19}},"loc":{"start":{"line":5,"column":24},"end":{"line":9,"column":1}},"line":5}},"branchMap":{},"s":{"0":0,"1":0,"2":0},"f":{"0":0},"b":{}}
}
