{"/Users/constantinoslambrou/sh15-main/brewdog_project/frontend/src/index.js": {"path":"/Users/constantinoslambrou/sh15-main/brewdog_project/frontend/src/index.js","statementMap":{"0":{"start":{"line":8,"column":20},"end":{"line":8,"column":50}},"1":{"start":{"line":9,"column":0},"end":{"line":14,"column":2}}},"fnMap":{},"branchMap":{},"s":{"0":0,"1":0},"f":{},"b":{}}
,"/Users/constantinoslambrou/sh15-main/brewdog_project/frontend/src/components/App.js": {"path":"/Users/constantinoslambrou/sh15-main/brewdog_project/frontend/src/components/App.js","statementMap":{"0":{"start":{"line":18,"column":4},"end":{"line":18,"column":17}},"1":{"start":{"line":22,"column":4},"end":{"line":44,"column":6}}},"fnMap":{"0":{"name":"(anonymous_0)","decl":{"start":{"line":17,"column":2},"end":{"line":17,"column":3}},"loc":{"start":{"line":17,"column":21},"end":{"line":19,"column":3}},"line":17},"1":{"name":"(anonymous_1)","decl":{"start":{"line":21,"column":2},"end":{"line":21,"column":3}},"loc":{"start":{"line":21,"column":11},"end":{"line":45,"column":3}},"line":21}},"branchMap":{},"s":{"0":1,"1":1},"f":{"0":1,"1":1},"b":{},"_coverageSchema":"1a1c01bbd47fc00a2c39e90264f33305004495a9","hash":"24f397b45021fcbedd19eaf60f0675d8a2749e86"}
,"/Users/constantinoslambrou/sh15-main/brewdog_project/frontend/src/components/Blog.js": {"path":"/Users/constantinoslambrou/sh15-main/brewdog_project/frontend/src/components/Blog.js","statementMap":{"0":{"start":{"line":5,"column":8},"end":{"line":5,"column":21}},"1":{"start":{"line":9,"column":8},"end":{"line":13,"column":10}}},"fnMap":{"0":{"name":"(anonymous_0)","decl":{"start":{"line":4,"column":4},"end":{"line":4,"column":5}},"loc":{"start":{"line":4,"column":23},"end":{"line":6,"column":5}},"line":4},"1":{"name":"(anonymous_1)","decl":{"start":{"line":8,"column":4},"end":{"line":8,"column":5}},"loc":{"start":{"line":8,"column":13},"end":{"line":14,"column":5}},"line":8}},"branchMap":{},"s":{"0":1,"1":1},"f":{"0":1,"1":1},"b":{},"_coverageSchema":"1a1c01bbd47fc00a2c39e90264f33305004495a9","hash":"0b8b837c1f8ac97b64daee9f1d56f92730659b6c"}
,"/Users/constantinoslambrou/sh15-main/brewdog_project/frontend/src/components/CarbonCalculator.js": {"path":"/Users/constantinoslambrou/sh15-main/brewdog_project/frontend/src/components/CarbonCalculator.js","statementMap":{"0":{"start":{"line":7,"column":25},"end":{"line":859,"column":5}},"1":{"start":{"line":8,"column":21},"end":{"line":8,"column":34}},"2":{"start":{"line":9,"column":50},"end":{"line":9,"column":65}},"3":{"start":{"line":10,"column":53},"end":{"line":10,"column":65}},"4":{"start":{"line":12,"column":38},"end":{"line":12,"column":52}},"5":{"start":{"line":13,"column":40},"end":{"line":13,"column":55}},"6":{"start":{"line":14,"column":38},"end":{"line":14,"column":53}},"7":{"start":{"line":16,"column":38},"end":{"line":16,"column":50}},"8":{"start":{"line":17,"column":40},"end":{"line":17,"column":52}},"9":{"start":{"line":19,"column":54},"end":{"line":19,"column":65}},"10":{"start":{"line":20,"column":56},"end":{"line":20,"column":67}},"11":{"start":{"line":21,"column":54},"end":{"line":21,"column":65}},"12":{"start":{"line":22,"column":36},"end":{"line":22,"column":47}},"13":{"start":{"line":23,"column":28},"end":{"line":23,"column":39}},"14":{"start":{"line":24,"column":26},"end":{"line":24,"column":37}},"15":{"start":{"line":25,"column":28},"end":{"line":25,"column":39}},"16":{"start":{"line":26,"column":28},"end":{"line":26,"column":39}},"17":{"start":{"line":27,"column":50},"end":{"line":27,"column":61}},"18":{"start":{"line":28,"column":42},"end":{"line":28,"column":53}},"19":{"start":{"line":29,"column":40},"end":{"line":29,"column":51}},"20":{"start":{"line":30,"column":34},"end":{"line":30,"column":45}},"21":{"start":{"line":31,"column":38},"end":{"line":31,"column":49}},"22":{"start":{"line":32,"column":50},"end":{"line":32,"column":61}},"23":{"start":{"line":33,"column":56},"end":{"line":33,"column":67}},"24":{"start":{"line":34,"column":40},"end":{"line":34,"column":51}},"25":{"start":{"line":35,"column":42},"end":{"line":35,"column":53}},"26":{"start":{"line":36,"column":44},"end":{"line":36,"column":55}},"27":{"start":{"line":38,"column":60},"end":{"line":38,"column":71}},"28":{"start":{"line":39,"column":66},"end":{"line":39,"column":77}},"29":{"start":{"line":40,"column":32},"end":{"line":40,"column":43}},"30":{"start":{"line":41,"column":38},"end":{"line":41,"column":49}},"31":{"start":{"line":42,"column":60},"end":{"line":42,"column":71}},"32":{"start":{"line":43,"column":44},"end":{"line":43,"column":55}},"33":{"start":{"line":44,"column":36},"end":{"line":44,"column":47}},"34":{"start":{"line":45,"column":38},"end":{"line":45,"column":49}},"35":{"start":{"line":46,"column":56},"end":{"line":46,"column":67}},"36":{"start":{"line":47,"column":28},"end":{"line":47,"column":39}},"37":{"start":{"line":48,"column":40},"end":{"line":48,"column":51}},"38":{"start":{"line":49,"column":32},"end":{"line":49,"column":43}},"39":{"start":{"line":50,"column":60},"end":{"line":50,"column":71}},"40":{"start":{"line":51,"column":64},"end":{"line":51,"column":75}},"41":{"start":{"line":52,"column":48},"end":{"line":52,"column":59}},"42":{"start":{"line":53,"column":36},"end":{"line":53,"column":47}},"43":{"start":{"line":54,"column":36},"end":{"line":54,"column":47}},"44":{"start":{"line":55,"column":42},"end":{"line":55,"column":53}},"45":{"start":{"line":56,"column":42},"end":{"line":56,"column":53}},"46":{"start":{"line":57,"column":42},"end":{"line":57,"column":53}},"47":{"start":{"line":58,"column":48},"end":{"line":58,"column":59}},"48":{"start":{"line":59,"column":40},"end":{"line":59,"column":51}},"49":{"start":{"line":60,"column":28},"end":{"line":60,"column":39}},"50":{"start":{"line":61,"column":34},"end":{"line":61,"column":45}},"51":{"start":{"line":62,"column":52},"end":{"line":62,"column":63}},"52":{"start":{"line":63,"column":48},"end":{"line":63,"column":59}},"53":{"start":{"line":64,"column":52},"end":{"line":64,"column":63}},"54":{"start":{"line":65,"column":42},"end":{"line":65,"column":53}},"55":{"start":{"line":66,"column":40},"end":{"line":66,"column":51}},"56":{"start":{"line":67,"column":32},"end":{"line":67,"column":43}},"57":{"start":{"line":69,"column":48},"end":{"line":69,"column":59}},"58":{"start":{"line":70,"column":42},"end":{"line":70,"column":53}},"59":{"start":{"line":71,"column":40},"end":{"line":71,"column":51}},"60":{"start":{"line":72,"column":42},"end":{"line":72,"column":53}},"61":{"start":{"line":73,"column":42},"end":{"line":73,"column":53}},"62":{"start":{"line":74,"column":64},"end":{"line":74,"column":75}},"63":{"start":{"line":75,"column":56},"end":{"line":75,"column":67}},"64":{"start":{"line":76,"column":54},"end":{"line":76,"column":65}},"65":{"start":{"line":77,"column":48},"end":{"line":77,"column":59}},"66":{"start":{"line":78,"column":52},"end":{"line":78,"column":63}},"67":{"start":{"line":79,"column":64},"end":{"line":79,"column":75}},"68":{"start":{"line":80,"column":70},"end":{"line":80,"column":81}},"69":{"start":{"line":81,"column":54},"end":{"line":81,"column":65}},"70":{"start":{"line":82,"column":56},"end":{"line":82,"column":67}},"71":{"start":{"line":83,"column":58},"end":{"line":83,"column":69}},"72":{"start":{"line":85,"column":74},"end":{"line":85,"column":85}},"73":{"start":{"line":86,"column":80},"end":{"line":86,"column":91}},"74":{"start":{"line":87,"column":46},"end":{"line":87,"column":57}},"75":{"start":{"line":88,"column":52},"end":{"line":88,"column":63}},"76":{"start":{"line":89,"column":74},"end":{"line":89,"column":85}},"77":{"start":{"line":90,"column":58},"end":{"line":90,"column":69}},"78":{"start":{"line":91,"column":50},"end":{"line":91,"column":61}},"79":{"start":{"line":92,"column":52},"end":{"line":92,"column":63}},"80":{"start":{"line":93,"column":70},"end":{"line":93,"column":81}},"81":{"start":{"line":94,"column":42},"end":{"line":94,"column":53}},"82":{"start":{"line":95,"column":54},"end":{"line":95,"column":65}},"83":{"start":{"line":96,"column":46},"end":{"line":96,"column":57}},"84":{"start":{"line":97,"column":74},"end":{"line":97,"column":85}},"85":{"start":{"line":98,"column":78},"end":{"line":98,"column":89}},"86":{"start":{"line":99,"column":62},"end":{"line":99,"column":73}},"87":{"start":{"line":100,"column":50},"end":{"line":100,"column":61}},"88":{"start":{"line":101,"column":50},"end":{"line":101,"column":61}},"89":{"start":{"line":102,"column":56},"end":{"line":102,"column":67}},"90":{"start":{"line":103,"column":56},"end":{"line":103,"column":67}},"91":{"start":{"line":104,"column":56},"end":{"line":104,"column":67}},"92":{"start":{"line":105,"column":62},"end":{"line":105,"column":73}},"93":{"start":{"line":106,"column":54},"end":{"line":106,"column":65}},"94":{"start":{"line":107,"column":42},"end":{"line":107,"column":53}},"95":{"start":{"line":108,"column":48},"end":{"line":108,"column":59}},"96":{"start":{"line":109,"column":66},"end":{"line":109,"column":77}},"97":{"start":{"line":110,"column":62},"end":{"line":110,"column":73}},"98":{"start":{"line":111,"column":66},"end":{"line":111,"column":77}},"99":{"start":{"line":112,"column":56},"end":{"line":112,"column":67}},"100":{"start":{"line":113,"column":54},"end":{"line":113,"column":65}},"101":{"start":{"line":114,"column":46},"end":{"line":114,"column":57}},"102":{"start":{"line":116,"column":4},"end":{"line":135,"column":13}},"103":{"start":{"line":117,"column":8},"end":{"line":126,"column":14}},"104":{"start":{"line":118,"column":28},"end":{"line":118,"column":43}},"105":{"start":{"line":120,"column":12},"end":{"line":120,"column":39}},"106":{"start":{"line":121,"column":12},"end":{"line":121,"column":30}},"107":{"start":{"line":124,"column":12},"end":{"line":124,"column":31}},"108":{"start":{"line":125,"column":12},"end":{"line":125,"column":69}},"109":{"start":{"line":128,"column":12},"end":{"line":132,"column":13}},"110":{"start":{"line":129,"column":14},"end":{"line":129,"column":39}},"111":{"start":{"line":131,"column":14},"end":{"line":131,"column":40}},"112":{"start":{"line":134,"column":8},"end":{"line":134,"column":16}},"113":{"start":{"line":137,"column":4},"end":{"line":139,"column":283}},"114":{"start":{"line":138,"column":8},"end":{"line":138,"column":45}},"115":{"start":{"line":141,"column":47},"end":{"line":145,"column":5}},"116":{"start":{"line":142,"column":8},"end":{"line":144,"column":11}},"117":{"start":{"line":147,"column":48},"end":{"line":151,"column":5}},"118":{"start":{"line":148,"column":8},"end":{"line":150,"column":11}},"119":{"start":{"line":153,"column":4},"end":{"line":155,"column":365}},"120":{"start":{"line":154,"column":8},"end":{"line":154,"column":46}},"121":{"start":{"line":157,"column":47},"end":{"line":161,"column":5}},"122":{"start":{"line":158,"column":8},"end":{"line":160,"column":11}},"123":{"start":{"line":163,"column":4},"end":{"line":165,"column":279}},"124":{"start":{"line":164,"column":8},"end":{"line":164,"column":45}},"125":{"start":{"line":167,"column":30},"end":{"line":174,"column":5}},"126":{"start":{"line":168,"column":6},"end":{"line":168,"column":29}},"127":{"start":{"line":169,"column":19},"end":{"line":169,"column":45}},"128":{"start":{"line":170,"column":6},"end":{"line":170,"column":25}},"129":{"start":{"line":171,"column":6},"end":{"line":171,"column":26}},"130":{"start":{"line":172,"column":6},"end":{"line":172,"column":26}},"131":{"start":{"line":173,"column":6},"end":{"line":173,"column":26}},"132":{"start":{"line":176,"column":30},"end":{"line":183,"column":5}},"133":{"start":{"line":177,"column":6},"end":{"line":177,"column":29}},"134":{"start":{"line":178,"column":19},"end":{"line":178,"column":45}},"135":{"start":{"line":179,"column":6},"end":{"line":179,"column":26}},"136":{"start":{"line":180,"column":6},"end":{"line":180,"column":26}},"137":{"start":{"line":181,"column":6},"end":{"line":181,"column":27}},"138":{"start":{"line":182,"column":6},"end":{"line":182,"column":25}},"139":{"start":{"line":185,"column":25},"end":{"line":222,"column":5}},"140":{"start":{"line":186,"column":6},"end":{"line":186,"column":29}},"141":{"start":{"line":188,"column":6},"end":{"line":191,"column":7}},"142":{"start":{"line":189,"column":8},"end":{"line":189,"column":78}},"143":{"start":{"line":190,"column":8},"end":{"line":190,"column":15}},"144":{"start":{"line":193,"column":6},"end":{"line":197,"column":7}},"145":{"start":{"line":194,"column":8},"end":{"line":194,"column":33}},"146":{"start":{"line":196,"column":8},"end":{"line":196,"column":15}},"147":{"start":{"line":198,"column":19},"end":{"line":198,"column":45}},"148":{"start":{"line":199,"column":6},"end":{"line":201,"column":9}},"149":{"start":{"line":200,"column":8},"end":{"line":200,"column":32}},"150":{"start":{"line":202,"column":6},"end":{"line":204,"column":9}},"151":{"start":{"line":203,"column":8},"end":{"line":203,"column":32}},"152":{"start":{"line":205,"column":6},"end":{"line":221,"column":9}},"153":{"start":{"line":211,"column":10},"end":{"line":220,"column":11}},"154":{"start":{"line":212,"column":12},"end":{"line":212,"column":34}},"155":{"start":{"line":213,"column":12},"end":{"line":213,"column":51}},"156":{"start":{"line":214,"column":12},"end":{"line":214,"column":36}},"157":{"start":{"line":216,"column":12},"end":{"line":216,"column":86}},"158":{"start":{"line":217,"column":12},"end":{"line":217,"column":34}},"159":{"start":{"line":218,"column":12},"end":{"line":218,"column":41}},"160":{"start":{"line":219,"column":12},"end":{"line":219,"column":45}},"161":{"start":{"line":224,"column":4},"end":{"line":858,"column":10}},"162":{"start":{"line":260,"column":44},"end":{"line":260,"column":76}},"163":{"start":{"line":260,"column":77},"end":{"line":260,"column":146}},"164":{"start":{"line":270,"column":44},"end":{"line":270,"column":72}},"165":{"start":{"line":270,"column":73},"end":{"line":270,"column":135}},"166":{"start":{"line":281,"column":44},"end":{"line":281,"column":71}},"167":{"start":{"line":281,"column":72},"end":{"line":281,"column":132}},"168":{"start":{"line":292,"column":44},"end":{"line":292,"column":72}},"169":{"start":{"line":292,"column":73},"end":{"line":292,"column":135}},"170":{"start":{"line":303,"column":44},"end":{"line":303,"column":72}},"171":{"start":{"line":303,"column":73},"end":{"line":303,"column":135}},"172":{"start":{"line":314,"column":36},"end":{"line":314,"column":75}},"173":{"start":{"line":314,"column":76},"end":{"line":314,"column":160}},"174":{"start":{"line":322,"column":36},"end":{"line":322,"column":71}},"175":{"start":{"line":322,"column":72},"end":{"line":322,"column":147}},"176":{"start":{"line":334,"column":36},"end":{"line":334,"column":70}},"177":{"start":{"line":334,"column":71},"end":{"line":334,"column":144}},"178":{"start":{"line":343,"column":36},"end":{"line":343,"column":67}},"179":{"start":{"line":343,"column":68},"end":{"line":343,"column":135}},"180":{"start":{"line":352,"column":36},"end":{"line":352,"column":69}},"181":{"start":{"line":352,"column":70},"end":{"line":352,"column":141}},"182":{"start":{"line":364,"column":36},"end":{"line":364,"column":75}},"183":{"start":{"line":364,"column":76},"end":{"line":364,"column":159}},"184":{"start":{"line":373,"column":36},"end":{"line":373,"column":78}},"185":{"start":{"line":373,"column":79},"end":{"line":373,"column":168}},"186":{"start":{"line":382,"column":36},"end":{"line":382,"column":70}},"187":{"start":{"line":382,"column":71},"end":{"line":382,"column":144}},"188":{"start":{"line":391,"column":36},"end":{"line":391,"column":71}},"189":{"start":{"line":391,"column":72},"end":{"line":391,"column":147}},"190":{"start":{"line":400,"column":36},"end":{"line":400,"column":72}},"191":{"start":{"line":400,"column":73},"end":{"line":400,"column":150}},"192":{"start":{"line":448,"column":44},"end":{"line":448,"column":76}},"193":{"start":{"line":448,"column":77},"end":{"line":448,"column":146}},"194":{"start":{"line":459,"column":44},"end":{"line":459,"column":77}},"195":{"start":{"line":459,"column":78},"end":{"line":459,"column":149}},"196":{"start":{"line":470,"column":44},"end":{"line":470,"column":86}},"197":{"start":{"line":470,"column":87},"end":{"line":470,"column":176}},"198":{"start":{"line":481,"column":44},"end":{"line":481,"column":72}},"199":{"start":{"line":481,"column":73},"end":{"line":481,"column":134}},"200":{"start":{"line":492,"column":44},"end":{"line":492,"column":78}},"201":{"start":{"line":492,"column":79},"end":{"line":492,"column":152}},"202":{"start":{"line":503,"column":44},"end":{"line":503,"column":74}},"203":{"start":{"line":503,"column":75},"end":{"line":503,"column":140}},"204":{"start":{"line":514,"column":44},"end":{"line":514,"column":88}},"205":{"start":{"line":514,"column":89},"end":{"line":514,"column":182}},"206":{"start":{"line":525,"column":44},"end":{"line":525,"column":90}},"207":{"start":{"line":525,"column":91},"end":{"line":525,"column":188}},"208":{"start":{"line":536,"column":44},"end":{"line":536,"column":82}},"209":{"start":{"line":536,"column":83},"end":{"line":536,"column":164}},"210":{"start":{"line":547,"column":44},"end":{"line":547,"column":76}},"211":{"start":{"line":547,"column":77},"end":{"line":547,"column":146}},"212":{"start":{"line":558,"column":44},"end":{"line":558,"column":76}},"213":{"start":{"line":558,"column":77},"end":{"line":558,"column":146}},"214":{"start":{"line":569,"column":44},"end":{"line":569,"column":79}},"215":{"start":{"line":569,"column":80},"end":{"line":569,"column":155}},"216":{"start":{"line":580,"column":44},"end":{"line":580,"column":79}},"217":{"start":{"line":580,"column":80},"end":{"line":580,"column":155}},"218":{"start":{"line":591,"column":44},"end":{"line":591,"column":79}},"219":{"start":{"line":591,"column":80},"end":{"line":591,"column":155}},"220":{"start":{"line":602,"column":44},"end":{"line":602,"column":82}},"221":{"start":{"line":602,"column":83},"end":{"line":602,"column":164}},"222":{"start":{"line":613,"column":44},"end":{"line":613,"column":78}},"223":{"start":{"line":613,"column":79},"end":{"line":613,"column":152}},"224":{"start":{"line":624,"column":44},"end":{"line":624,"column":72}},"225":{"start":{"line":624,"column":73},"end":{"line":624,"column":134}},"226":{"start":{"line":635,"column":44},"end":{"line":635,"column":75}},"227":{"start":{"line":635,"column":76},"end":{"line":635,"column":143}},"228":{"start":{"line":649,"column":20},"end":{"line":649,"column":39}},"229":{"start":{"line":650,"column":20},"end":{"line":650,"column":41}},"230":{"start":{"line":651,"column":20},"end":{"line":651,"column":40}},"231":{"start":{"line":694,"column":50},"end":{"line":694,"column":94}},"232":{"start":{"line":694,"column":95},"end":{"line":694,"column":188}},"233":{"start":{"line":705,"column":50},"end":{"line":705,"column":97}},"234":{"start":{"line":705,"column":98},"end":{"line":705,"column":197}},"235":{"start":{"line":716,"column":50},"end":{"line":716,"column":80}},"236":{"start":{"line":716,"column":81},"end":{"line":716,"column":146}},"237":{"start":{"line":727,"column":50},"end":{"line":727,"column":83}},"238":{"start":{"line":727,"column":84},"end":{"line":727,"column":155}},"239":{"start":{"line":738,"column":50},"end":{"line":738,"column":94}},"240":{"start":{"line":738,"column":95},"end":{"line":738,"column":188}},"241":{"start":{"line":749,"column":50},"end":{"line":749,"column":86}},"242":{"start":{"line":749,"column":87},"end":{"line":749,"column":164}},"243":{"start":{"line":763,"column":50},"end":{"line":763,"column":90}},"244":{"start":{"line":763,"column":91},"end":{"line":763,"column":176}},"245":{"start":{"line":774,"column":50},"end":{"line":774,"column":88}},"246":{"start":{"line":774,"column":89},"end":{"line":774,"column":170}},"247":{"start":{"line":785,"column":50},"end":{"line":785,"column":90}},"248":{"start":{"line":785,"column":91},"end":{"line":785,"column":176}},"249":{"start":{"line":796,"column":50},"end":{"line":796,"column":85}},"250":{"start":{"line":796,"column":86},"end":{"line":796,"column":161}},"251":{"start":{"line":807,"column":50},"end":{"line":807,"column":84}},"252":{"start":{"line":807,"column":85},"end":{"line":807,"column":158}},"253":{"start":{"line":818,"column":50},"end":{"line":818,"column":80}},"254":{"start":{"line":818,"column":81},"end":{"line":818,"column":146}},"255":{"start":{"line":832,"column":20},"end":{"line":832,"column":40}},"256":{"start":{"line":833,"column":20},"end":{"line":833,"column":40}},"257":{"start":{"line":834,"column":20},"end":{"line":834,"column":40}}},"fnMap":{"0":{"name":"(anonymous_0)","decl":{"start":{"line":7,"column":25},"end":{"line":7,"column":26}},"loc":{"start":{"line":7,"column":31},"end":{"line":859,"column":5}},"line":7},"1":{"name":"(anonymous_1)","decl":{"start":{"line":116,"column":14},"end":{"line":116,"column":15}},"loc":{"start":{"line":116,"column":20},"end":{"line":135,"column":7}},"line":116},"2":{"name":"(anonymous_2)","decl":{"start":{"line":118,"column":16},"end":{"line":118,"column":17}},"loc":{"start":{"line":118,"column":28},"end":{"line":118,"column":43}},"line":118},"3":{"name":"(anonymous_3)","decl":{"start":{"line":119,"column":16},"end":{"line":119,"column":17}},"loc":{"start":{"line":119,"column":24},"end":{"line":122,"column":11}},"line":119},"4":{"name":"(anonymous_4)","decl":{"start":{"line":123,"column":17},"end":{"line":123,"column":18}},"loc":{"start":{"line":123,"column":26},"end":{"line":126,"column":12}},"line":123},"5":{"name":"isAuth","decl":{"start":{"line":127,"column":19},"end":{"line":127,"column":25}},"loc":{"start":{"line":127,"column":27},"end":{"line":133,"column":9}},"line":127},"6":{"name":"(anonymous_6)","decl":{"start":{"line":137,"column":14},"end":{"line":137,"column":15}},"loc":{"start":{"line":137,"column":20},"end":{"line":139,"column":5}},"line":137},"7":{"name":"(anonymous_7)","decl":{"start":{"line":141,"column":47},"end":{"line":141,"column":48}},"loc":{"start":{"line":141,"column":53},"end":{"line":145,"column":5}},"line":141},"8":{"name":"(anonymous_8)","decl":{"start":{"line":147,"column":48},"end":{"line":147,"column":49}},"loc":{"start":{"line":147,"column":54},"end":{"line":151,"column":5}},"line":147},"9":{"name":"(anonymous_9)","decl":{"start":{"line":153,"column":14},"end":{"line":153,"column":15}},"loc":{"start":{"line":153,"column":20},"end":{"line":155,"column":5}},"line":153},"10":{"name":"(anonymous_10)","decl":{"start":{"line":157,"column":47},"end":{"line":157,"column":48}},"loc":{"start":{"line":157,"column":53},"end":{"line":161,"column":5}},"line":157},"11":{"name":"(anonymous_11)","decl":{"start":{"line":163,"column":14},"end":{"line":163,"column":15}},"loc":{"start":{"line":163,"column":20},"end":{"line":165,"column":5}},"line":163},"12":{"name":"(anonymous_12)","decl":{"start":{"line":167,"column":30},"end":{"line":167,"column":31}},"loc":{"start":{"line":167,"column":41},"end":{"line":174,"column":5}},"line":167},"13":{"name":"(anonymous_13)","decl":{"start":{"line":176,"column":30},"end":{"line":176,"column":31}},"loc":{"start":{"line":176,"column":41},"end":{"line":183,"column":5}},"line":176},"14":{"name":"(anonymous_14)","decl":{"start":{"line":185,"column":25},"end":{"line":185,"column":26}},"loc":{"start":{"line":185,"column":36},"end":{"line":222,"column":5}},"line":185},"15":{"name":"(anonymous_15)","decl":{"start":{"line":199,"column":24},"end":{"line":199,"column":25}},"loc":{"start":{"line":199,"column":40},"end":{"line":201,"column":7}},"line":199},"16":{"name":"(anonymous_16)","decl":{"start":{"line":202,"column":25},"end":{"line":202,"column":26}},"loc":{"start":{"line":202,"column":41},"end":{"line":204,"column":7}},"line":202},"17":{"name":"(anonymous_17)","decl":{"start":{"line":210,"column":14},"end":{"line":210,"column":15}},"loc":{"start":{"line":210,"column":26},"end":{"line":221,"column":7}},"line":210},"18":{"name":"(anonymous_18)","decl":{"start":{"line":260,"column":32},"end":{"line":260,"column":33}},"loc":{"start":{"line":260,"column":43},"end":{"line":260,"column":147}},"line":260},"19":{"name":"(anonymous_19)","decl":{"start":{"line":270,"column":32},"end":{"line":270,"column":33}},"loc":{"start":{"line":270,"column":43},"end":{"line":270,"column":136}},"line":270},"20":{"name":"(anonymous_20)","decl":{"start":{"line":281,"column":32},"end":{"line":281,"column":33}},"loc":{"start":{"line":281,"column":43},"end":{"line":281,"column":133}},"line":281},"21":{"name":"(anonymous_21)","decl":{"start":{"line":292,"column":32},"end":{"line":292,"column":33}},"loc":{"start":{"line":292,"column":43},"end":{"line":292,"column":136}},"line":292},"22":{"name":"(anonymous_22)","decl":{"start":{"line":303,"column":32},"end":{"line":303,"column":33}},"loc":{"start":{"line":303,"column":43},"end":{"line":303,"column":136}},"line":303},"23":{"name":"(anonymous_23)","decl":{"start":{"line":314,"column":26},"end":{"line":314,"column":27}},"loc":{"start":{"line":314,"column":35},"end":{"line":314,"column":161}},"line":314},"24":{"name":"(anonymous_24)","decl":{"start":{"line":322,"column":26},"end":{"line":322,"column":27}},"loc":{"start":{"line":322,"column":35},"end":{"line":322,"column":148}},"line":322},"25":{"name":"(anonymous_25)","decl":{"start":{"line":334,"column":26},"end":{"line":334,"column":27}},"loc":{"start":{"line":334,"column":35},"end":{"line":334,"column":145}},"line":334},"26":{"name":"(anonymous_26)","decl":{"start":{"line":343,"column":26},"end":{"line":343,"column":27}},"loc":{"start":{"line":343,"column":35},"end":{"line":343,"column":136}},"line":343},"27":{"name":"(anonymous_27)","decl":{"start":{"line":352,"column":26},"end":{"line":352,"column":27}},"loc":{"start":{"line":352,"column":35},"end":{"line":352,"column":142}},"line":352},"28":{"name":"(anonymous_28)","decl":{"start":{"line":364,"column":26},"end":{"line":364,"column":27}},"loc":{"start":{"line":364,"column":35},"end":{"line":364,"column":160}},"line":364},"29":{"name":"(anonymous_29)","decl":{"start":{"line":373,"column":26},"end":{"line":373,"column":27}},"loc":{"start":{"line":373,"column":35},"end":{"line":373,"column":169}},"line":373},"30":{"name":"(anonymous_30)","decl":{"start":{"line":382,"column":26},"end":{"line":382,"column":27}},"loc":{"start":{"line":382,"column":35},"end":{"line":382,"column":145}},"line":382},"31":{"name":"(anonymous_31)","decl":{"start":{"line":391,"column":26},"end":{"line":391,"column":27}},"loc":{"start":{"line":391,"column":35},"end":{"line":391,"column":148}},"line":391},"32":{"name":"(anonymous_32)","decl":{"start":{"line":400,"column":26},"end":{"line":400,"column":27}},"loc":{"start":{"line":400,"column":35},"end":{"line":400,"column":151}},"line":400},"33":{"name":"(anonymous_33)","decl":{"start":{"line":448,"column":32},"end":{"line":448,"column":33}},"loc":{"start":{"line":448,"column":43},"end":{"line":448,"column":147}},"line":448},"34":{"name":"(anonymous_34)","decl":{"start":{"line":459,"column":32},"end":{"line":459,"column":33}},"loc":{"start":{"line":459,"column":43},"end":{"line":459,"column":150}},"line":459},"35":{"name":"(anonymous_35)","decl":{"start":{"line":470,"column":32},"end":{"line":470,"column":33}},"loc":{"start":{"line":470,"column":43},"end":{"line":470,"column":177}},"line":470},"36":{"name":"(anonymous_36)","decl":{"start":{"line":481,"column":32},"end":{"line":481,"column":33}},"loc":{"start":{"line":481,"column":43},"end":{"line":481,"column":135}},"line":481},"37":{"name":"(anonymous_37)","decl":{"start":{"line":492,"column":32},"end":{"line":492,"column":33}},"loc":{"start":{"line":492,"column":43},"end":{"line":492,"column":153}},"line":492},"38":{"name":"(anonymous_38)","decl":{"start":{"line":503,"column":32},"end":{"line":503,"column":33}},"loc":{"start":{"line":503,"column":43},"end":{"line":503,"column":141}},"line":503},"39":{"name":"(anonymous_39)","decl":{"start":{"line":514,"column":32},"end":{"line":514,"column":33}},"loc":{"start":{"line":514,"column":43},"end":{"line":514,"column":183}},"line":514},"40":{"name":"(anonymous_40)","decl":{"start":{"line":525,"column":32},"end":{"line":525,"column":33}},"loc":{"start":{"line":525,"column":43},"end":{"line":525,"column":189}},"line":525},"41":{"name":"(anonymous_41)","decl":{"start":{"line":536,"column":32},"end":{"line":536,"column":33}},"loc":{"start":{"line":536,"column":43},"end":{"line":536,"column":165}},"line":536},"42":{"name":"(anonymous_42)","decl":{"start":{"line":547,"column":32},"end":{"line":547,"column":33}},"loc":{"start":{"line":547,"column":43},"end":{"line":547,"column":147}},"line":547},"43":{"name":"(anonymous_43)","decl":{"start":{"line":558,"column":32},"end":{"line":558,"column":33}},"loc":{"start":{"line":558,"column":43},"end":{"line":558,"column":147}},"line":558},"44":{"name":"(anonymous_44)","decl":{"start":{"line":569,"column":32},"end":{"line":569,"column":33}},"loc":{"start":{"line":569,"column":43},"end":{"line":569,"column":156}},"line":569},"45":{"name":"(anonymous_45)","decl":{"start":{"line":580,"column":32},"end":{"line":580,"column":33}},"loc":{"start":{"line":580,"column":43},"end":{"line":580,"column":156}},"line":580},"46":{"name":"(anonymous_46)","decl":{"start":{"line":591,"column":32},"end":{"line":591,"column":33}},"loc":{"start":{"line":591,"column":43},"end":{"line":591,"column":156}},"line":591},"47":{"name":"(anonymous_47)","decl":{"start":{"line":602,"column":32},"end":{"line":602,"column":33}},"loc":{"start":{"line":602,"column":43},"end":{"line":602,"column":165}},"line":602},"48":{"name":"(anonymous_48)","decl":{"start":{"line":613,"column":32},"end":{"line":613,"column":33}},"loc":{"start":{"line":613,"column":43},"end":{"line":613,"column":153}},"line":613},"49":{"name":"(anonymous_49)","decl":{"start":{"line":624,"column":32},"end":{"line":624,"column":33}},"loc":{"start":{"line":624,"column":43},"end":{"line":624,"column":135}},"line":624},"50":{"name":"(anonymous_50)","decl":{"start":{"line":635,"column":32},"end":{"line":635,"column":33}},"loc":{"start":{"line":635,"column":43},"end":{"line":635,"column":144}},"line":635},"51":{"name":"(anonymous_51)","decl":{"start":{"line":648,"column":132},"end":{"line":648,"column":133}},"loc":{"start":{"line":648,"column":138},"end":{"line":652,"column":19}},"line":648},"52":{"name":"(anonymous_52)","decl":{"start":{"line":694,"column":38},"end":{"line":694,"column":39}},"loc":{"start":{"line":694,"column":49},"end":{"line":694,"column":189}},"line":694},"53":{"name":"(anonymous_53)","decl":{"start":{"line":705,"column":38},"end":{"line":705,"column":39}},"loc":{"start":{"line":705,"column":49},"end":{"line":705,"column":198}},"line":705},"54":{"name":"(anonymous_54)","decl":{"start":{"line":716,"column":38},"end":{"line":716,"column":39}},"loc":{"start":{"line":716,"column":49},"end":{"line":716,"column":147}},"line":716},"55":{"name":"(anonymous_55)","decl":{"start":{"line":727,"column":38},"end":{"line":727,"column":39}},"loc":{"start":{"line":727,"column":49},"end":{"line":727,"column":156}},"line":727},"56":{"name":"(anonymous_56)","decl":{"start":{"line":738,"column":38},"end":{"line":738,"column":39}},"loc":{"start":{"line":738,"column":49},"end":{"line":738,"column":189}},"line":738},"57":{"name":"(anonymous_57)","decl":{"start":{"line":749,"column":38},"end":{"line":749,"column":39}},"loc":{"start":{"line":749,"column":49},"end":{"line":749,"column":165}},"line":749},"58":{"name":"(anonymous_58)","decl":{"start":{"line":763,"column":38},"end":{"line":763,"column":39}},"loc":{"start":{"line":763,"column":49},"end":{"line":763,"column":177}},"line":763},"59":{"name":"(anonymous_59)","decl":{"start":{"line":774,"column":38},"end":{"line":774,"column":39}},"loc":{"start":{"line":774,"column":49},"end":{"line":774,"column":171}},"line":774},"60":{"name":"(anonymous_60)","decl":{"start":{"line":785,"column":38},"end":{"line":785,"column":39}},"loc":{"start":{"line":785,"column":49},"end":{"line":785,"column":177}},"line":785},"61":{"name":"(anonymous_61)","decl":{"start":{"line":796,"column":38},"end":{"line":796,"column":39}},"loc":{"start":{"line":796,"column":49},"end":{"line":796,"column":162}},"line":796},"62":{"name":"(anonymous_62)","decl":{"start":{"line":807,"column":38},"end":{"line":807,"column":39}},"loc":{"start":{"line":807,"column":49},"end":{"line":807,"column":159}},"line":807},"63":{"name":"(anonymous_63)","decl":{"start":{"line":818,"column":38},"end":{"line":818,"column":39}},"loc":{"start":{"line":818,"column":49},"end":{"line":818,"column":147}},"line":818},"64":{"name":"(anonymous_64)","decl":{"start":{"line":831,"column":132},"end":{"line":831,"column":133}},"loc":{"start":{"line":831,"column":138},"end":{"line":835,"column":19}},"line":831}},"branchMap":{"0":{"loc":{"start":{"line":128,"column":12},"end":{"line":132,"column":13}},"type":"if","locations":[{"start":{"line":128,"column":12},"end":{"line":132,"column":13}},{"start":{"line":130,"column":19},"end":{"line":132,"column":13}}],"line":128},"1":{"loc":{"start":{"line":188,"column":6},"end":{"line":191,"column":7}},"type":"if","locations":[{"start":{"line":188,"column":6},"end":{"line":191,"column":7}},{"start":{},"end":{}}],"line":188},"2":{"loc":{"start":{"line":188,"column":10},"end":{"line":188,"column":97}},"type":"binary-expr","locations":[{"start":{"line":188,"column":10},"end":{"line":188,"column":36}},{"start":{"line":188,"column":40},"end":{"line":188,"column":67}},{"start":{"line":188,"column":71},"end":{"line":188,"column":97}}],"line":188},"3":{"loc":{"start":{"line":193,"column":6},"end":{"line":197,"column":7}},"type":"if","locations":[{"start":{"line":193,"column":6},"end":{"line":197,"column":7}},{"start":{"line":195,"column":13},"end":{"line":197,"column":7}}],"line":193},"4":{"loc":{"start":{"line":211,"column":10},"end":{"line":220,"column":11}},"type":"if","locations":[{"start":{"line":211,"column":10},"end":{"line":220,"column":11}},{"start":{"line":215,"column":17},"end":{"line":220,"column":11}}],"line":211},"5":{"loc":{"start":{"line":228,"column":9},"end":{"line":856,"column":9}},"type":"cond-expr","locations":[{"start":{"line":229,"column":8},"end":{"line":415,"column":12}},{"start":{"line":416,"column":12},"end":{"line":856,"column":9}}],"line":228},"6":{"loc":{"start":{"line":228,"column":9},"end":{"line":228,"column":37}},"type":"binary-expr","locations":[{"start":{"line":228,"column":9},"end":{"line":228,"column":24}},{"start":{"line":228,"column":28},"end":{"line":228,"column":37}}],"line":228},"7":{"loc":{"start":{"line":416,"column":12},"end":{"line":856,"column":9}},"type":"cond-expr","locations":[{"start":{"line":417,"column":10},"end":{"line":660,"column":13}},{"start":{"line":661,"column":16},"end":{"line":856,"column":9}}],"line":416},"8":{"loc":{"start":{"line":661,"column":16},"end":{"line":856,"column":9}},"type":"cond-expr","locations":[{"start":{"line":662,"column":14},"end":{"line":843,"column":27}},{"start":{"line":845,"column":10},"end":{"line":855,"column":11}}],"line":661}},"s":{"0":2,"1":45,"2":44,"3":44,"4":44,"5":44,"6":44,"7":44,"8":44,"9":44,"10":44,"11":44,"12":44,"13":44,"14":44,"15":44,"16":44,"17":44,"18":44,"19":44,"20":44,"21":44,"22":44,"23":44,"24":44,"25":44,"26":44,"27":44,"28":44,"29":44,"30":44,"31":44,"32":44,"33":44,"34":44,"35":44,"36":44,"37":44,"38":44,"39":44,"40":44,"41":44,"42":44,"43":44,"44":44,"45":44,"46":44,"47":44,"48":44,"49":44,"50":44,"51":44,"52":44,"53":44,"54":44,"55":44,"56":44,"57":44,"58":44,"59":44,"60":44,"61":44,"62":44,"63":44,"64":44,"65":44,"66":44,"67":44,"68":44,"69":44,"70":44,"71":44,"72":44,"73":44,"74":44,"75":44,"76":44,"77":44,"78":44,"79":44,"80":44,"81":44,"82":44,"83":44,"84":44,"85":44,"86":44,"87":44,"88":44,"89":44,"90":44,"91":44,"92":44,"93":44,"94":44,"95":44,"96":44,"97":44,"98":44,"99":44,"100":44,"101":44,"102":44,"103":13,"104":0,"105":0,"106":0,"107":12,"108":12,"109":13,"110":12,"111":1,"112":13,"113":44,"114":17,"115":44,"116":17,"117":44,"118":13,"119":44,"120":13,"121":44,"122":13,"123":44,"124":13,"125":44,"126":5,"127":5,"128":5,"129":5,"130":5,"131":5,"132":44,"133":3,"134":3,"135":3,"136":3,"137":3,"138":3,"139":44,"140":1,"141":1,"142":1,"143":1,"144":0,"145":0,"146":0,"147":0,"148":0,"149":0,"150":0,"151":0,"152":0,"153":0,"154":0,"155":0,"156":0,"157":0,"158":0,"159":0,"160":0,"161":44,"162":4,"163":4,"164":0,"165":0,"166":0,"167":0,"168":0,"169":0,"170":0,"171":0,"172":0,"173":0,"174":0,"175":0,"176":0,"177":0,"178":0,"179":0,"180":0,"181":0,"182":0,"183":0,"184":0,"185":0,"186":0,"187":0,"188":0,"189":0,"190":0,"191":0,"192":0,"193":0,"194":0,"195":0,"196":0,"197":0,"198":0,"199":0,"200":0,"201":0,"202":0,"203":0,"204":0,"205":0,"206":0,"207":0,"208":0,"209":0,"210":0,"211":0,"212":0,"213":0,"214":0,"215":0,"216":0,"217":0,"218":0,"219":0,"220":0,"221":0,"222":0,"223":0,"224":0,"225":0,"226":0,"227":0,"228":1,"229":1,"230":1,"231":0,"232":0,"233":0,"234":0,"235":0,"236":0,"237":0,"238":0,"239":0,"240":0,"241":0,"242":0,"243":0,"244":0,"245":0,"246":0,"247":0,"248":0,"249":0,"250":0,"251":0,"252":0,"253":0,"254":0,"255":1,"256":1,"257":1},"f":{"0":45,"1":13,"2":0,"3":0,"4":12,"5":13,"6":17,"7":17,"8":13,"9":13,"10":13,"11":13,"12":5,"13":3,"14":1,"15":0,"16":0,"17":0,"18":4,"19":0,"20":0,"21":0,"22":0,"23":0,"24":0,"25":0,"26":0,"27":0,"28":0,"29":0,"30":0,"31":0,"32":0,"33":0,"34":0,"35":0,"36":0,"37":0,"38":0,"39":0,"40":0,"41":0,"42":0,"43":0,"44":0,"45":0,"46":0,"47":0,"48":0,"49":0,"50":0,"51":1,"52":0,"53":0,"54":0,"55":0,"56":0,"57":0,"58":0,"59":0,"60":0,"61":0,"62":0,"63":0,"64":1},"b":{"0":[12,1],"1":[1,0],"2":[1,1,1],"3":[0,0],"4":[0,0],"5":[21,23],"6":[44,30],"7":[6,17],"8":[3,14]},"_coverageSchema":"1a1c01bbd47fc00a2c39e90264f33305004495a9","hash":"27e49a9303d2ef2ded901fbfcd7efb70913a13f0"}
,"/Users/constantinoslambrou/sh15-main/brewdog_project/frontend/src/components/HideIfLoggedInRoutes.js": {"path":"/Users/constantinoslambrou/sh15-main/brewdog_project/frontend/src/components/HideIfLoggedInRoutes.js","statementMap":{"0":{"start":{"line":4,"column":16},"end":{"line":7,"column":1}},"1":{"start":{"line":5,"column":4},"end":{"line":6,"column":26}},"2":{"start":{"line":5,"column":28},"end":{"line":5,"column":40}},"3":{"start":{"line":6,"column":11},"end":{"line":6,"column":24}},"4":{"start":{"line":9,"column":29},"end":{"line":13,"column":1}},"5":{"start":{"line":10,"column":19},"end":{"line":10,"column":28}},"6":{"start":{"line":11,"column":4},"end":{"line":11,"column":24}},"7":{"start":{"line":12,"column":4},"end":{"line":12,"column":53}}},"fnMap":{"0":{"name":"(anonymous_0)","decl":{"start":{"line":4,"column":16},"end":{"line":4,"column":17}},"loc":{"start":{"line":4,"column":22},"end":{"line":7,"column":1}},"line":4},"1":{"name":"(anonymous_1)","decl":{"start":{"line":9,"column":29},"end":{"line":9,"column":30}},"loc":{"start":{"line":9,"column":35},"end":{"line":13,"column":1}},"line":9}},"branchMap":{"0":{"loc":{"start":{"line":5,"column":4},"end":{"line":6,"column":26}},"type":"if","locations":[{"start":{"line":5,"column":4},"end":{"line":6,"column":26}},{"start":{"line":6,"column":9},"end":{"line":6,"column":26}}],"line":5},"1":{"loc":{"start":{"line":12,"column":11},"end":{"line":12,"column":52}},"type":"cond-expr","locations":[{"start":{"line":12,"column":20},"end":{"line":12,"column":39}},{"start":{"line":12,"column":42},"end":{"line":12,"column":52}}],"line":12}},"s":{"0":1,"1":0,"2":0,"3":0,"4":1,"5":0,"6":0,"7":0},"f":{"0":0,"1":0},"b":{"0":[0,0],"1":[0,0]},"_coverageSchema":"1a1c01bbd47fc00a2c39e90264f33305004495a9","hash":"9d4ed4249f98d89dfbcc44cd9b41a0b150415a1c"}
,"/Users/constantinoslambrou/sh15-main/brewdog_project/frontend/src/components/HomePage.js": {"path":"/Users/constantinoslambrou/sh15-main/brewdog_project/frontend/src/components/HomePage.js","statementMap":{"0":{"start":{"line":11,"column":8},"end":{"line":11,"column":21}},"1":{"start":{"line":15,"column":8},"end":{"line":82,"column":10}}},"fnMap":{"0":{"name":"(anonymous_0)","decl":{"start":{"line":10,"column":4},"end":{"line":10,"column":5}},"loc":{"start":{"line":10,"column":23},"end":{"line":12,"column":5}},"line":10},"1":{"name":"(anonymous_1)","decl":{"start":{"line":14,"column":4},"end":{"line":14,"column":5}},"loc":{"start":{"line":14,"column":13},"end":{"line":83,"column":5}},"line":14}},"branchMap":{},"s":{"0":4,"1":4},"f":{"0":4,"1":4},"b":{},"_coverageSchema":"1a1c01bbd47fc00a2c39e90264f33305004495a9","hash":"1527375221f964142fdb62a5a9b1d43381e2c6a9"}
,"/Users/constantinoslambrou/sh15-main/brewdog_project/frontend/src/components/HowItWorks.js": {"path":"/Users/constantinoslambrou/sh15-main/brewdog_project/frontend/src/components/HowItWorks.js","statementMap":{"0":{"start":{"line":14,"column":8},"end":{"line":14,"column":21}},"1":{"start":{"line":18,"column":8},"end":{"line":106,"column":10}}},"fnMap":{"0":{"name":"(anonymous_0)","decl":{"start":{"line":13,"column":4},"end":{"line":13,"column":5}},"loc":{"start":{"line":13,"column":23},"end":{"line":15,"column":5}},"line":13},"1":{"name":"(anonymous_1)","decl":{"start":{"line":17,"column":4},"end":{"line":17,"column":5}},"loc":{"start":{"line":17,"column":13},"end":{"line":107,"column":5}},"line":17}},"branchMap":{},"s":{"0":2,"1":2},"f":{"0":2,"1":2},"b":{},"_coverageSchema":"1a1c01bbd47fc00a2c39e90264f33305004495a9","hash":"76fbc1285489cfece4fdfd1be7bd98fd8c4144d5"}
,"/Users/constantinoslambrou/sh15-main/brewdog_project/frontend/src/components/Login.js": {"path":"/Users/constantinoslambrou/sh15-main/brewdog_project/frontend/src/components/Login.js","statementMap":{"0":{"start":{"line":7,"column":14},"end":{"line":68,"column":1}},"1":{"start":{"line":8,"column":30},"end":{"line":8,"column":42}},"2":{"start":{"line":9,"column":36},"end":{"line":9,"column":48}},"3":{"start":{"line":10,"column":21},"end":{"line":10,"column":34}},"4":{"start":{"line":12,"column":25},"end":{"line":41,"column":5}},"5":{"start":{"line":13,"column":8},"end":{"line":13,"column":31}},"6":{"start":{"line":14,"column":8},"end":{"line":40,"column":11}},"7":{"start":{"line":21,"column":12},"end":{"line":29,"column":13}},"8":{"start":{"line":22,"column":16},"end":{"line":22,"column":50}},"9":{"start":{"line":23,"column":16},"end":{"line":23,"column":34}},"10":{"start":{"line":25,"column":16},"end":{"line":28,"column":20}},"11":{"start":{"line":26,"column":20},"end":{"line":26,"column":39}},"12":{"start":{"line":27,"column":20},"end":{"line":27,"column":42}},"13":{"start":{"line":32,"column":12},"end":{"line":32,"column":30}},"14":{"start":{"line":33,"column":12},"end":{"line":33,"column":54}},"15":{"start":{"line":34,"column":12},"end":{"line":34,"column":52}},"16":{"start":{"line":35,"column":12},"end":{"line":35,"column":64}},"17":{"start":{"line":36,"column":12},"end":{"line":36,"column":26}},"18":{"start":{"line":39,"column":12},"end":{"line":39,"column":31}},"19":{"start":{"line":43,"column":4},"end":{"line":67,"column":6}},"20":{"start":{"line":52,"column":115},"end":{"line":52,"column":139}},"21":{"start":{"line":57,"column":127},"end":{"line":57,"column":154}}},"fnMap":{"0":{"name":"(anonymous_0)","decl":{"start":{"line":7,"column":14},"end":{"line":7,"column":15}},"loc":{"start":{"line":7,"column":20},"end":{"line":68,"column":1}},"line":7},"1":{"name":"(anonymous_1)","decl":{"start":{"line":12,"column":25},"end":{"line":12,"column":26}},"loc":{"start":{"line":12,"column":36},"end":{"line":41,"column":5}},"line":12},"2":{"name":"(anonymous_2)","decl":{"start":{"line":20,"column":14},"end":{"line":20,"column":15}},"loc":{"start":{"line":20,"column":21},"end":{"line":30,"column":9}},"line":20},"3":{"name":"(anonymous_3)","decl":{"start":{"line":25,"column":32},"end":{"line":25,"column":33}},"loc":{"start":{"line":25,"column":40},"end":{"line":28,"column":18}},"line":25},"4":{"name":"(anonymous_4)","decl":{"start":{"line":31,"column":14},"end":{"line":31,"column":15}},"loc":{"start":{"line":31,"column":22},"end":{"line":37,"column":9}},"line":31},"5":{"name":"(anonymous_5)","decl":{"start":{"line":38,"column":15},"end":{"line":38,"column":16}},"loc":{"start":{"line":38,"column":24},"end":{"line":40,"column":9}},"line":38},"6":{"name":"(anonymous_6)","decl":{"start":{"line":52,"column":110},"end":{"line":52,"column":111}},"loc":{"start":{"line":52,"column":115},"end":{"line":52,"column":139}},"line":52},"7":{"name":"(anonymous_7)","decl":{"start":{"line":57,"column":122},"end":{"line":57,"column":123}},"loc":{"start":{"line":57,"column":127},"end":{"line":57,"column":154}},"line":57}},"branchMap":{"0":{"loc":{"start":{"line":21,"column":12},"end":{"line":29,"column":13}},"type":"if","locations":[{"start":{"line":21,"column":12},"end":{"line":29,"column":13}},{"start":{"line":24,"column":19},"end":{"line":29,"column":13}}],"line":21}},"s":{"0":2,"1":6,"2":6,"3":6,"4":6,"5":0,"6":0,"7":0,"8":0,"9":0,"10":0,"11":0,"12":0,"13":0,"14":0,"15":0,"16":0,"17":0,"18":0,"19":6,"20":3,"21":0},"f":{"0":6,"1":0,"2":0,"3":0,"4":0,"5":0,"6":3,"7":0},"b":{"0":[0,0]},"_coverageSchema":"1a1c01bbd47fc00a2c39e90264f33305004495a9","hash":"2a6fe38b8a7b93ae6a60ad6369f2c7b9c741fa7e"}
,"/Users/constantinoslambrou/sh15-main/brewdog_project/frontend/src/components/MyAccount.js": {"path":"/Users/constantinoslambrou/sh15-main/brewdog_project/frontend/src/components/MyAccount.js","statementMap":{"0":{"start":{"line":6,"column":36},"end":{"line":6,"column":52}},"1":{"start":{"line":7,"column":46},"end":{"line":7,"column":67}},"2":{"start":{"line":8,"column":30},"end":{"line":8,"column":46}},"3":{"start":{"line":9,"column":40},"end":{"line":9,"column":61}},"4":{"start":{"line":10,"column":36},"end":{"line":10,"column":52}},"5":{"start":{"line":11,"column":29},"end":{"line":11,"column":45}},"6":{"start":{"line":12,"column":50},"end":{"line":12,"column":66}},"7":{"start":{"line":13,"column":34},"end":{"line":13,"column":50}},"8":{"start":{"line":14,"column":44},"end":{"line":14,"column":65}},"9":{"start":{"line":15,"column":30},"end":{"line":15,"column":46}},"10":{"start":{"line":16,"column":40},"end":{"line":16,"column":61}},"11":{"start":{"line":17,"column":36},"end":{"line":17,"column":57}},"12":{"start":{"line":18,"column":44},"end":{"line":18,"column":65}},"13":{"start":{"line":19,"column":40},"end":{"line":19,"column":61}},"14":{"start":{"line":21,"column":4},"end":{"line":52,"column":21}},"15":{"start":{"line":22,"column":19},"end":{"line":22,"column":47}},"16":{"start":{"line":23,"column":8},"end":{"line":50,"column":11}},"17":{"start":{"line":29,"column":12},"end":{"line":34,"column":13}},"18":{"start":{"line":30,"column":16},"end":{"line":30,"column":34}},"19":{"start":{"line":32,"column":16},"end":{"line":32,"column":77}},"20":{"start":{"line":33,"column":16},"end":{"line":33,"column":63}},"21":{"start":{"line":37,"column":12},"end":{"line":37,"column":30}},"22":{"start":{"line":38,"column":12},"end":{"line":38,"column":39}},"23":{"start":{"line":39,"column":12},"end":{"line":39,"column":45}},"24":{"start":{"line":40,"column":12},"end":{"line":40,"column":39}},"25":{"start":{"line":41,"column":12},"end":{"line":41,"column":49}},"26":{"start":{"line":42,"column":12},"end":{"line":42,"column":45}},"27":{"start":{"line":43,"column":12},"end":{"line":43,"column":44}},"28":{"start":{"line":44,"column":12},"end":{"line":44,"column":50}},"29":{"start":{"line":45,"column":12},"end":{"line":45,"column":54}},"30":{"start":{"line":46,"column":12},"end":{"line":46,"column":50}},"31":{"start":{"line":49,"column":12},"end":{"line":49,"column":31}},"32":{"start":{"line":51,"column":8},"end":{"line":51,"column":29}},"33":{"start":{"line":54,"column":25},"end":{"line":102,"column":5}},"34":{"start":{"line":55,"column":8},"end":{"line":55,"column":31}},"35":{"start":{"line":56,"column":8},"end":{"line":59,"column":9}},"36":{"start":{"line":57,"column":12},"end":{"line":57,"column":44}},"37":{"start":{"line":58,"column":12},"end":{"line":58,"column":19}},"38":{"start":{"line":60,"column":8},"end":{"line":63,"column":9}},"39":{"start":{"line":61,"column":12},"end":{"line":61,"column":37}},"40":{"start":{"line":62,"column":12},"end":{"line":62,"column":19}},"41":{"start":{"line":64,"column":8},"end":{"line":66,"column":9}},"42":{"start":{"line":65,"column":12},"end":{"line":65,"column":30}},"43":{"start":{"line":67,"column":26},"end":{"line":71,"column":9}},"44":{"start":{"line":72,"column":19},"end":{"line":72,"column":47}},"45":{"start":{"line":73,"column":8},"end":{"line":101,"column":11}},"46":{"start":{"line":80,"column":12},"end":{"line":94,"column":13}},"47":{"start":{"line":81,"column":16},"end":{"line":81,"column":43}},"48":{"start":{"line":82,"column":16},"end":{"line":82,"column":37}},"49":{"start":{"line":83,"column":16},"end":{"line":83,"column":41}},"50":{"start":{"line":84,"column":16},"end":{"line":84,"column":37}},"51":{"start":{"line":85,"column":16},"end":{"line":85,"column":52}},"52":{"start":{"line":86,"column":16},"end":{"line":86,"column":35}},"53":{"start":{"line":87,"column":16},"end":{"line":87,"column":39}},"54":{"start":{"line":88,"column":16},"end":{"line":88,"column":34}},"55":{"start":{"line":90,"column":16},"end":{"line":93,"column":20}},"56":{"start":{"line":91,"column":20},"end":{"line":91,"column":39}},"57":{"start":{"line":92,"column":20},"end":{"line":92,"column":54}},"58":{"start":{"line":97,"column":12},"end":{"line":97,"column":30}},"59":{"start":{"line":100,"column":12},"end":{"line":100,"column":31}},"60":{"start":{"line":104,"column":4},"end":{"line":173,"column":6}},"61":{"start":{"line":115,"column":146},"end":{"line":115,"column":173}},"62":{"start":{"line":119,"column":115},"end":{"line":119,"column":139}},"63":{"start":{"line":123,"column":116},"end":{"line":123,"column":142}},"64":{"start":{"line":127,"column":114},"end":{"line":127,"column":138}},"65":{"start":{"line":130,"column":107},"end":{"line":130,"column":127}},"66":{"start":{"line":130,"column":128},"end":{"line":130,"column":147}},"67":{"start":{"line":143,"column":117},"end":{"line":143,"column":140}},"68":{"start":{"line":147,"column":128},"end":{"line":147,"column":162}},"69":{"start":{"line":150,"column":103},"end":{"line":150,"column":123}},"70":{"start":{"line":150,"column":124},"end":{"line":150,"column":143}},"71":{"start":{"line":150,"column":144},"end":{"line":150,"column":167}},"72":{"start":{"line":162,"column":126},"end":{"line":162,"column":143}},"73":{"start":{"line":164,"column":24},"end":{"line":164,"column":43}},"74":{"start":{"line":165,"column":24},"end":{"line":165,"column":46}}},"fnMap":{"0":{"name":"MyAccount","decl":{"start":{"line":5,"column":9},"end":{"line":5,"column":18}},"loc":{"start":{"line":5,"column":21},"end":{"line":174,"column":1}},"line":5},"1":{"name":"(anonymous_1)","decl":{"start":{"line":21,"column":14},"end":{"line":21,"column":15}},"loc":{"start":{"line":21,"column":20},"end":{"line":52,"column":5}},"line":21},"2":{"name":"(anonymous_2)","decl":{"start":{"line":28,"column":14},"end":{"line":28,"column":15}},"loc":{"start":{"line":28,"column":21},"end":{"line":35,"column":9}},"line":28},"3":{"name":"(anonymous_3)","decl":{"start":{"line":36,"column":14},"end":{"line":36,"column":15}},"loc":{"start":{"line":36,"column":22},"end":{"line":47,"column":9}},"line":36},"4":{"name":"(anonymous_4)","decl":{"start":{"line":48,"column":15},"end":{"line":48,"column":16}},"loc":{"start":{"line":48,"column":24},"end":{"line":50,"column":9}},"line":48},"5":{"name":"(anonymous_5)","decl":{"start":{"line":54,"column":25},"end":{"line":54,"column":26}},"loc":{"start":{"line":54,"column":36},"end":{"line":102,"column":5}},"line":54},"6":{"name":"(anonymous_6)","decl":{"start":{"line":79,"column":14},"end":{"line":79,"column":15}},"loc":{"start":{"line":79,"column":21},"end":{"line":95,"column":9}},"line":79},"7":{"name":"(anonymous_7)","decl":{"start":{"line":90,"column":32},"end":{"line":90,"column":33}},"loc":{"start":{"line":90,"column":40},"end":{"line":93,"column":18}},"line":90},"8":{"name":"(anonymous_8)","decl":{"start":{"line":96,"column":14},"end":{"line":96,"column":15}},"loc":{"start":{"line":96,"column":22},"end":{"line":98,"column":9}},"line":96},"9":{"name":"(anonymous_9)","decl":{"start":{"line":99,"column":15},"end":{"line":99,"column":16}},"loc":{"start":{"line":99,"column":24},"end":{"line":101,"column":9}},"line":99},"10":{"name":"(anonymous_10)","decl":{"start":{"line":115,"column":141},"end":{"line":115,"column":142}},"loc":{"start":{"line":115,"column":146},"end":{"line":115,"column":173}},"line":115},"11":{"name":"(anonymous_11)","decl":{"start":{"line":119,"column":110},"end":{"line":119,"column":111}},"loc":{"start":{"line":119,"column":115},"end":{"line":119,"column":139}},"line":119},"12":{"name":"(anonymous_12)","decl":{"start":{"line":123,"column":111},"end":{"line":123,"column":112}},"loc":{"start":{"line":123,"column":116},"end":{"line":123,"column":142}},"line":123},"13":{"name":"(anonymous_13)","decl":{"start":{"line":127,"column":109},"end":{"line":127,"column":110}},"loc":{"start":{"line":127,"column":114},"end":{"line":127,"column":138}},"line":127},"14":{"name":"(anonymous_14)","decl":{"start":{"line":130,"column":100},"end":{"line":130,"column":101}},"loc":{"start":{"line":130,"column":106},"end":{"line":130,"column":148}},"line":130},"15":{"name":"(anonymous_15)","decl":{"start":{"line":143,"column":112},"end":{"line":143,"column":113}},"loc":{"start":{"line":143,"column":117},"end":{"line":143,"column":140}},"line":143},"16":{"name":"(anonymous_16)","decl":{"start":{"line":147,"column":123},"end":{"line":147,"column":124}},"loc":{"start":{"line":147,"column":128},"end":{"line":147,"column":162}},"line":147},"17":{"name":"(anonymous_17)","decl":{"start":{"line":150,"column":96},"end":{"line":150,"column":97}},"loc":{"start":{"line":150,"column":102},"end":{"line":150,"column":168}},"line":150},"18":{"name":"(anonymous_18)","decl":{"start":{"line":162,"column":120},"end":{"line":162,"column":121}},"loc":{"start":{"line":162,"column":126},"end":{"line":162,"column":143}},"line":162},"19":{"name":"(anonymous_19)","decl":{"start":{"line":163,"column":104},"end":{"line":163,"column":105}},"loc":{"start":{"line":163,"column":110},"end":{"line":166,"column":25}},"line":163}},"branchMap":{"0":{"loc":{"start":{"line":29,"column":12},"end":{"line":34,"column":13}},"type":"if","locations":[{"start":{"line":29,"column":12},"end":{"line":34,"column":13}},{"start":{"line":31,"column":19},"end":{"line":34,"column":13}}],"line":29},"1":{"loc":{"start":{"line":56,"column":8},"end":{"line":59,"column":9}},"type":"if","locations":[{"start":{"line":56,"column":8},"end":{"line":59,"column":9}},{"start":{},"end":{}}],"line":56},"2":{"loc":{"start":{"line":60,"column":8},"end":{"line":63,"column":9}},"type":"if","locations":[{"start":{"line":60,"column":8},"end":{"line":63,"column":9}},{"start":{},"end":{}}],"line":60},"3":{"loc":{"start":{"line":60,"column":12},"end":{"line":60,"column":136}},"type":"binary-expr","locations":[{"start":{"line":60,"column":12},"end":{"line":60,"column":38}},{"start":{"line":60,"column":42},"end":{"line":60,"column":62}},{"start":{"line":60,"column":66},"end":{"line":60,"column":90}},{"start":{"line":60,"column":94},"end":{"line":60,"column":114}},{"start":{"line":60,"column":118},"end":{"line":60,"column":136}}],"line":60},"4":{"loc":{"start":{"line":64,"column":8},"end":{"line":66,"column":9}},"type":"if","locations":[{"start":{"line":64,"column":8},"end":{"line":66,"column":9}},{"start":{},"end":{}}],"line":64},"5":{"loc":{"start":{"line":64,"column":13},"end":{"line":64,"column":63}},"type":"binary-expr","locations":[{"start":{"line":64,"column":13},"end":{"line":64,"column":31}},{"start":{"line":64,"column":35},"end":{"line":64,"column":46}},{"start":{"line":64,"column":50},"end":{"line":64,"column":63}}],"line":64},"6":{"loc":{"start":{"line":80,"column":12},"end":{"line":94,"column":13}},"type":"if","locations":[{"start":{"line":80,"column":12},"end":{"line":94,"column":13}},{"start":{"line":89,"column":19},"end":{"line":94,"column":13}}],"line":80},"7":{"loc":{"start":{"line":107,"column":13},"end":{"line":170,"column":13}},"type":"cond-expr","locations":[{"start":{"line":108,"column":12},"end":{"line":134,"column":15}},{"start":{"line":135,"column":16},"end":{"line":170,"column":13}}],"line":107},"8":{"loc":{"start":{"line":107,"column":13},"end":{"line":107,"column":38}},"type":"binary-expr","locations":[{"start":{"line":107,"column":13},"end":{"line":107,"column":21}},{"start":{"line":107,"column":25},"end":{"line":107,"column":38}}],"line":107},"9":{"loc":{"start":{"line":135,"column":16},"end":{"line":170,"column":13}},"type":"cond-expr","locations":[{"start":{"line":136,"column":12},"end":{"line":153,"column":15}},{"start":{"line":155,"column":16},"end":{"line":168,"column":22}}],"line":135},"10":{"loc":{"start":{"line":135,"column":16},"end":{"line":135,"column":41}},"type":"binary-expr","locations":[{"start":{"line":135,"column":16},"end":{"line":135,"column":28}},{"start":{"line":135,"column":32},"end":{"line":135,"column":41}}],"line":135}},"s":{"0":6,"1":5,"2":5,"3":5,"4":5,"5":5,"6":5,"7":5,"8":5,"9":5,"10":5,"11":5,"12":5,"13":5,"14":5,"15":3,"16":3,"17":0,"18":0,"19":0,"20":0,"21":0,"22":0,"23":0,"24":0,"25":0,"26":0,"27":0,"28":0,"29":0,"30":0,"31":0,"32":3,"33":5,"34":0,"35":0,"36":0,"37":0,"38":0,"39":0,"40":0,"41":0,"42":0,"43":0,"44":0,"45":0,"46":0,"47":0,"48":0,"49":0,"50":0,"51":0,"52":0,"53":0,"54":0,"55":0,"56":0,"57":0,"58":0,"59":0,"60":5,"61":1,"62":0,"63":0,"64":0,"65":0,"66":0,"67":0,"68":0,"69":0,"70":0,"71":0,"72":1,"73":0,"74":0},"f":{"0":6,"1":3,"2":0,"3":0,"4":0,"5":0,"6":0,"7":0,"8":0,"9":0,"10":1,"11":0,"12":0,"13":0,"14":0,"15":0,"16":0,"17":0,"18":1,"19":0},"b":{"0":[0,0],"1":[0,0],"2":[0,0],"3":[0,0,0,0,0],"4":[0,0],"5":[0,0,0],"6":[0,0],"7":[2,3],"8":[5,2],"9":[0,3],"10":[3,0]},"_coverageSchema":"1a1c01bbd47fc00a2c39e90264f33305004495a9","hash":"f455d4ee481357c9d281089689d920b14b56134d"}
,"/Users/constantinoslambrou/sh15-main/brewdog_project/frontend/src/components/MyResults.js": {"path":"/Users/constantinoslambrou/sh15-main/brewdog_project/frontend/src/components/MyResults.js","statementMap":{"0":{"start":{"line":4,"column":18},"end":{"line":34,"column":1}},"1":{"start":{"line":5,"column":21},"end":{"line":5,"column":34}},"2":{"start":{"line":6,"column":34},"end":{"line":6,"column":46}},"3":{"start":{"line":8,"column":4},"end":{"line":24,"column":11}},"4":{"start":{"line":9,"column":8},"end":{"line":9,"column":40}},"5":{"start":{"line":10,"column":8},"end":{"line":23,"column":11}},"6":{"start":{"line":15,"column":26},"end":{"line":15,"column":41}},"7":{"start":{"line":17,"column":12},"end":{"line":17,"column":29}},"8":{"start":{"line":18,"column":12},"end":{"line":18,"column":30}},"9":{"start":{"line":22,"column":12},"end":{"line":22,"column":31}},"10":{"start":{"line":27,"column":4},"end":{"line":32,"column":6}}},"fnMap":{"0":{"name":"(anonymous_0)","decl":{"start":{"line":4,"column":18},"end":{"line":4,"column":19}},"loc":{"start":{"line":4,"column":24},"end":{"line":34,"column":1}},"line":4},"1":{"name":"(anonymous_1)","decl":{"start":{"line":8,"column":15},"end":{"line":8,"column":16}},"loc":{"start":{"line":8,"column":21},"end":{"line":24,"column":5}},"line":8},"2":{"name":"(anonymous_2)","decl":{"start":{"line":15,"column":14},"end":{"line":15,"column":15}},"loc":{"start":{"line":15,"column":26},"end":{"line":15,"column":41}},"line":15},"3":{"name":"(anonymous_3)","decl":{"start":{"line":16,"column":14},"end":{"line":16,"column":15}},"loc":{"start":{"line":16,"column":22},"end":{"line":19,"column":9}},"line":16},"4":{"name":"(anonymous_4)","decl":{"start":{"line":20,"column":15},"end":{"line":20,"column":16}},"loc":{"start":{"line":20,"column":24},"end":{"line":23,"column":9}},"line":20}},"branchMap":{},"s":{"0":1,"1":0,"2":0,"3":0,"4":0,"5":0,"6":0,"7":0,"8":0,"9":0,"10":0},"f":{"0":0,"1":0,"2":0,"3":0,"4":0},"b":{},"_coverageSchema":"1a1c01bbd47fc00a2c39e90264f33305004495a9","hash":"d74291f018869dca85c04adeb60424a8c8926254"}
,"/Users/constantinoslambrou/sh15-main/brewdog_project/frontend/src/components/NavBar.js": {"path":"/Users/constantinoslambrou/sh15-main/brewdog_project/frontend/src/components/NavBar.js","statementMap":{"0":{"start":{"line":9,"column":36},"end":{"line":9,"column":56}},"1":{"start":{"line":10,"column":38},"end":{"line":10,"column":58}},"2":{"start":{"line":13,"column":8},"end":{"line":13,"column":82}},"3":{"start":{"line":13,"column":48},"end":{"line":13,"column":81}},"4":{"start":{"line":15,"column":29},"end":{"line":15,"column":47}},"5":{"start":{"line":18,"column":8},"end":{"line":18,"column":26}},"6":{"start":{"line":19,"column":8},"end":{"line":19,"column":40}},"7":{"start":{"line":23,"column":8},"end":{"line":23,"column":26}},"8":{"start":{"line":24,"column":8},"end":{"line":24,"column":41}},"9":{"start":{"line":28,"column":8},"end":{"line":28,"column":26}},"10":{"start":{"line":29,"column":8},"end":{"line":29,"column":41}},"11":{"start":{"line":30,"column":8},"end":{"line":30,"column":35}},"12":{"start":{"line":34,"column":8},"end":{"line":34,"column":26}},"13":{"start":{"line":35,"column":8},"end":{"line":35,"column":44}},"14":{"start":{"line":39,"column":8},"end":{"line":39,"column":27}},"15":{"start":{"line":40,"column":8},"end":{"line":40,"column":51}},"16":{"start":{"line":44,"column":8},"end":{"line":44,"column":27}},"17":{"start":{"line":45,"column":8},"end":{"line":45,"column":44}},"18":{"start":{"line":48,"column":29},"end":{"line":52,"column":5}},"19":{"start":{"line":55,"column":8},"end":{"line":56,"column":30}},"20":{"start":{"line":55,"column":32},"end":{"line":55,"column":44}},"21":{"start":{"line":56,"column":15},"end":{"line":56,"column":28}},"22":{"start":{"line":59,"column":4},"end":{"line":123,"column":6}}},"fnMap":{"0":{"name":"NavBar","decl":{"start":{"line":8,"column":24},"end":{"line":8,"column":30}},"loc":{"start":{"line":8,"column":33},"end":{"line":124,"column":1}},"line":8},"1":{"name":"handleClick","decl":{"start":{"line":12,"column":13},"end":{"line":12,"column":24}},"loc":{"start":{"line":12,"column":32},"end":{"line":14,"column":5}},"line":12},"2":{"name":"handleClose","decl":{"start":{"line":15,"column":13},"end":{"line":15,"column":24}},"loc":{"start":{"line":15,"column":27},"end":{"line":15,"column":49}},"line":15},"3":{"name":"handleLoginClick","decl":{"start":{"line":17,"column":13},"end":{"line":17,"column":29}},"loc":{"start":{"line":17,"column":32},"end":{"line":20,"column":5}},"line":17},"4":{"name":"handleSignUpClick","decl":{"start":{"line":22,"column":13},"end":{"line":22,"column":30}},"loc":{"start":{"line":22,"column":33},"end":{"line":25,"column":5}},"line":22},"5":{"name":"handleLogOutClick","decl":{"start":{"line":27,"column":13},"end":{"line":27,"column":30}},"loc":{"start":{"line":27,"column":33},"end":{"line":31,"column":5}},"line":27},"6":{"name":"handleMyAccountClick","decl":{"start":{"line":33,"column":13},"end":{"line":33,"column":33}},"loc":{"start":{"line":33,"column":36},"end":{"line":36,"column":5}},"line":33},"7":{"name":"handleCarbonCalculatorClick","decl":{"start":{"line":38,"column":13},"end":{"line":38,"column":40}},"loc":{"start":{"line":38,"column":43},"end":{"line":41,"column":5}},"line":38},"8":{"name":"handleMyResultsClick","decl":{"start":{"line":43,"column":13},"end":{"line":43,"column":33}},"loc":{"start":{"line":43,"column":36},"end":{"line":46,"column":5}},"line":43},"9":{"name":"isAuth","decl":{"start":{"line":54,"column":13},"end":{"line":54,"column":19}},"loc":{"start":{"line":54,"column":21},"end":{"line":57,"column":5}},"line":54}},"branchMap":{"0":{"loc":{"start":{"line":13,"column":8},"end":{"line":13,"column":82}},"type":"if","locations":[{"start":{"line":13,"column":8},"end":{"line":13,"column":82}},{"start":{},"end":{}}],"line":13},"1":{"loc":{"start":{"line":55,"column":8},"end":{"line":56,"column":30}},"type":"if","locations":[{"start":{"line":55,"column":8},"end":{"line":56,"column":30}},{"start":{"line":56,"column":13},"end":{"line":56,"column":30}}],"line":55},"2":{"loc":{"start":{"line":77,"column":31},"end":{"line":77,"column":67}},"type":"cond-expr","locations":[{"start":{"line":77,"column":42},"end":{"line":77,"column":55}},{"start":{"line":77,"column":58},"end":{"line":77,"column":67}}],"line":77},"3":{"loc":{"start":{"line":90,"column":31},"end":{"line":90,"column":67}},"type":"cond-expr","locations":[{"start":{"line":90,"column":42},"end":{"line":90,"column":55}},{"start":{"line":90,"column":58},"end":{"line":90,"column":67}}],"line":90},"4":{"loc":{"start":{"line":109,"column":24},"end":{"line":114,"column":111}},"type":"cond-expr","locations":[{"start":{"line":110,"column":26},"end":{"line":112,"column":109}},{"start":{"line":113,"column":28},"end":{"line":114,"column":109}}],"line":109}},"s":{"0":5,"1":5,"2":2,"3":2,"4":0,"5":0,"6":0,"7":0,"8":0,"9":0,"10":0,"11":0,"12":0,"13":0,"14":0,"15":0,"16":0,"17":0,"18":5,"19":5,"20":2,"21":3,"22":5},"f":{"0":5,"1":2,"2":0,"3":0,"4":0,"5":0,"6":0,"7":0,"8":0,"9":5},"b":{"0":[2,0],"1":[2,3],"2":[2,3],"3":[2,3],"4":[2,3]},"_coverageSchema":"1a1c01bbd47fc00a2c39e90264f33305004495a9","hash":"6a1a6cdd6faa69ad6d8315ff48d27c010b3edf65"}
,"/Users/constantinoslambrou/sh15-main/brewdog_project/frontend/src/components/ProtectedRoutes.js": {"path":"/Users/constantinoslambrou/sh15-main/brewdog_project/frontend/src/components/ProtectedRoutes.js","statementMap":{"0":{"start":{"line":4,"column":16},"end":{"line":7,"column":1}},"1":{"start":{"line":5,"column":4},"end":{"line":6,"column":26}},"2":{"start":{"line":5,"column":28},"end":{"line":5,"column":40}},"3":{"start":{"line":6,"column":11},"end":{"line":6,"column":24}},"4":{"start":{"line":9,"column":22},"end":{"line":12,"column":1}},"5":{"start":{"line":10,"column":19},"end":{"line":10,"column":28}},"6":{"start":{"line":11,"column":4},"end":{"line":11,"column":58}}},"fnMap":{"0":{"name":"(anonymous_0)","decl":{"start":{"line":4,"column":16},"end":{"line":4,"column":17}},"loc":{"start":{"line":4,"column":22},"end":{"line":7,"column":1}},"line":4},"1":{"name":"(anonymous_1)","decl":{"start":{"line":9,"column":22},"end":{"line":9,"column":23}},"loc":{"start":{"line":9,"column":28},"end":{"line":12,"column":1}},"line":9}},"branchMap":{"0":{"loc":{"start":{"line":5,"column":4},"end":{"line":6,"column":26}},"type":"if","locations":[{"start":{"line":5,"column":4},"end":{"line":6,"column":26}},{"start":{"line":6,"column":9},"end":{"line":6,"column":26}}],"line":5},"1":{"loc":{"start":{"line":11,"column":11},"end":{"line":11,"column":57}},"type":"cond-expr","locations":[{"start":{"line":11,"column":20},"end":{"line":11,"column":30}},{"start":{"line":11,"column":33},"end":{"line":11,"column":57}}],"line":11}},"s":{"0":1,"1":0,"2":0,"3":0,"4":1,"5":0,"6":0},"f":{"0":0,"1":0},"b":{"0":[0,0],"1":[0,0]},"_coverageSchema":"1a1c01bbd47fc00a2c39e90264f33305004495a9","hash":"15f812b6f51040547e373427841c5ca01eeaa0e4"}
,"/Users/constantinoslambrou/sh15-main/brewdog_project/frontend/src/components/SignUp.js": {"path":"/Users/constantinoslambrou/sh15-main/brewdog_project/frontend/src/components/SignUp.js","statementMap":{"0":{"start":{"line":8,"column":15},"end":{"line":83,"column":1}},"1":{"start":{"line":9,"column":21},"end":{"line":9,"column":34}},"2":{"start":{"line":11,"column":25},"end":{"line":35,"column":5}},"3":{"start":{"line":12,"column":8},"end":{"line":12,"column":31}},"4":{"start":{"line":13,"column":21},"end":{"line":13,"column":47}},"5":{"start":{"line":15,"column":8},"end":{"line":18,"column":9}},"6":{"start":{"line":16,"column":12},"end":{"line":16,"column":51}},"7":{"start":{"line":17,"column":12},"end":{"line":17,"column":19}},"8":{"start":{"line":20,"column":8},"end":{"line":34,"column":11}},"9":{"start":{"line":25,"column":12},"end":{"line":31,"column":13}},"10":{"start":{"line":26,"column":16},"end":{"line":26,"column":35}},"11":{"start":{"line":28,"column":16},"end":{"line":30,"column":47}},"12":{"start":{"line":29,"column":20},"end":{"line":29,"column":39}},"13":{"start":{"line":30,"column":20},"end":{"line":30,"column":42}},"14":{"start":{"line":33,"column":12},"end":{"line":33,"column":44}},"15":{"start":{"line":38,"column":4},"end":{"line":82,"column":6}}},"fnMap":{"0":{"name":"(anonymous_0)","decl":{"start":{"line":8,"column":15},"end":{"line":8,"column":16}},"loc":{"start":{"line":8,"column":21},"end":{"line":83,"column":1}},"line":8},"1":{"name":"(anonymous_1)","decl":{"start":{"line":11,"column":25},"end":{"line":11,"column":26}},"loc":{"start":{"line":11,"column":36},"end":{"line":35,"column":5}},"line":11},"2":{"name":"(anonymous_2)","decl":{"start":{"line":24,"column":16},"end":{"line":24,"column":17}},"loc":{"start":{"line":24,"column":28},"end":{"line":32,"column":9}},"line":24},"3":{"name":"(anonymous_3)","decl":{"start":{"line":28,"column":38},"end":{"line":28,"column":39}},"loc":{"start":{"line":28,"column":46},"end":{"line":30,"column":45}},"line":28},"4":{"name":"(anonymous_4)","decl":{"start":{"line":32,"column":18},"end":{"line":32,"column":19}},"loc":{"start":{"line":32,"column":27},"end":{"line":34,"column":9}},"line":32}},"branchMap":{"0":{"loc":{"start":{"line":15,"column":8},"end":{"line":18,"column":9}},"type":"if","locations":[{"start":{"line":15,"column":8},"end":{"line":18,"column":9}},{"start":{},"end":{}}],"line":15},"1":{"loc":{"start":{"line":25,"column":12},"end":{"line":31,"column":13}},"type":"if","locations":[{"start":{"line":25,"column":12},"end":{"line":31,"column":13}},{"start":{"line":27,"column":19},"end":{"line":31,"column":13}}],"line":25}},"s":{"0":2,"1":4,"2":4,"3":1,"4":1,"5":1,"6":1,"7":1,"8":0,"9":0,"10":0,"11":0,"12":0,"13":0,"14":0,"15":4},"f":{"0":4,"1":1,"2":0,"3":0,"4":0},"b":{"0":[1,0],"1":[0,0]},"_coverageSchema":"1a1c01bbd47fc00a2c39e90264f33305004495a9","hash":"3f8b76d7f066838626ad6997f582979698c2cea5"}
,"/Users/constantinoslambrou/sh15-main/brewdog_project/frontend/src/components/csrftoken.js": {"path":"/Users/constantinoslambrou/sh15-main/brewdog_project/frontend/src/components/csrftoken.js","statementMap":{"0":{"start":{"line":3,"column":16},"end":{"line":3,"column":38}},"1":{"start":{"line":5,"column":18},"end":{"line":9,"column":1}},"2":{"start":{"line":6,"column":4},"end":{"line":8,"column":6}}},"fnMap":{"0":{"name":"(anonymous_0)","decl":{"start":{"line":5,"column":18},"end":{"line":5,"column":19}},"loc":{"start":{"line":5,"column":24},"end":{"line":9,"column":1}},"line":5}},"branchMap":{},"s":{"0":0,"1":0,"2":0},"f":{"0":0},"b":{}}
}
