TN:
SF:src/index.js
FNF:0
FNH:0
DA:8,0
DA:9,0
LF:2
LH:0
BRF:0
BRH:0
end_of_record
TN:
SF:src/components/App.js
FN:17,(anonymous_0)
FNF:1
FNH:0
FNDA:0,(anonymous_0)
DA:17,0
DA:19,0
LF:2
LH:0
BRF:0
BRH:0
end_of_record
TN:
SF:src/components/Blog.js
FN:3,(anonymous_0)
FNF:1
FNH:0
FNDA:0,(anonymous_0)
DA:3,0
DA:4,0
LF:2
LH:0
BRF:0
BRH:0
end_of_record
TN:
SF:src/components/CarbonCalculator.js
FN:7,(anonymous_0)
FN:129,(anonymous_1)
FN:134,(anonymous_2)
FN:135,(anonymous_3)
FN:139,(anonymous_4)
FN:143,isAuth
FN:154,(anonymous_6)
FN:159,(anonymous_7)
FN:166,(anonymous_8)
FN:173,(anonymous_9)
FN:178,(anonymous_10)
FN:185,(anonymous_11)
FN:192,(anonymous_12)
FN:196,(anonymous_13)
FN:208,(anonymous_14)
FN:212,(anonymous_15)
FN:222,(anonymous_16)
FN:240,(anonymous_17)
FN:262,(anonymous_18)
FN:274,(anonymous_19)
FN:279,(anonymous_20)
FN:323,(anonymous_21)
FN:336,(anonymous_22)
FN:350,(anonymous_23)
FN:366,(anonymous_24)
FN:382,(anonymous_25)
FN:398,(anonymous_26)
FN:409,(anonymous_27)
FN:426,(anonymous_28)
FN:440,(anonymous_29)
FN:454,(anonymous_30)
FN:471,(anonymous_31)
FN:485,(anonymous_32)
FN:499,(anonymous_33)
FN:513,(anonymous_34)
FN:527,(anonymous_35)
FN:580,(anonymous_36)
FN:598,(anonymous_37)
FN:614,(anonymous_38)
FN:630,(anonymous_39)
FN:646,(anonymous_40)
FN:662,(anonymous_41)
FN:678,(anonymous_42)
FN:694,(anonymous_43)
FN:710,(anonymous_44)
FN:726,(anonymous_45)
FN:742,(anonymous_46)
FN:758,(anonymous_47)
FN:774,(anonymous_48)
FN:790,(anonymous_49)
FN:806,(anonymous_50)
FN:822,(anonymous_51)
FN:838,(anonymous_52)
FN:854,(anonymous_53)
FN:869,(anonymous_54)
FN:917,(anonymous_55)
FN:935,(anonymous_56)
FN:951,(anonymous_57)
FN:967,(anonymous_58)
FN:983,(anonymous_59)
FN:999,(anonymous_60)
FN:1018,(anonymous_61)
FN:1034,(anonymous_62)
FN:1050,(anonymous_63)
FN:1066,(anonymous_64)
FN:1082,(anonymous_65)
FN:1098,(anonymous_66)
FN:1113,(anonymous_67)
FNF:68
FNH:63
FNDA:146,(anonymous_0)
FNDA:13,(anonymous_1)
FNDA:13,(anonymous_2)
FNDA:13,(anonymous_3)
FNDA:0,(anonymous_4)
FNDA:13,isAuth
FNDA:30,(anonymous_6)
FNDA:30,(anonymous_7)
FNDA:31,(anonymous_8)
FNDA:31,(anonymous_9)
FNDA:25,(anonymous_10)
FNDA:25,(anonymous_11)
FNDA:7,(anonymous_12)
FNDA:112,(anonymous_13)
FNDA:4,(anonymous_14)
FNDA:76,(anonymous_15)
FNDA:1,(anonymous_16)
FNDA:0,(anonymous_17)
FNDA:0,(anonymous_18)
FNDA:0,(anonymous_19)
FNDA:0,(anonymous_20)
FNDA:3,(anonymous_21)
FNDA:1,(anonymous_22)
FNDA:1,(anonymous_23)
FNDA:1,(anonymous_24)
FNDA:1,(anonymous_25)
FNDA:1,(anonymous_26)
FNDA:1,(anonymous_27)
FNDA:1,(anonymous_28)
FNDA:1,(anonymous_29)
FNDA:1,(anonymous_30)
FNDA:1,(anonymous_31)
FNDA:1,(anonymous_32)
FNDA:1,(anonymous_33)
FNDA:1,(anonymous_34)
FNDA:1,(anonymous_35)
FNDA:1,(anonymous_36)
FNDA:1,(anonymous_37)
FNDA:1,(anonymous_38)
FNDA:1,(anonymous_39)
FNDA:1,(anonymous_40)
FNDA:1,(anonymous_41)
FNDA:1,(anonymous_42)
FNDA:1,(anonymous_43)
FNDA:1,(anonymous_44)
FNDA:1,(anonymous_45)
FNDA:1,(anonymous_46)
FNDA:1,(anonymous_47)
FNDA:1,(anonymous_48)
FNDA:1,(anonymous_49)
FNDA:1,(anonymous_50)
FNDA:1,(anonymous_51)
FNDA:1,(anonymous_52)
FNDA:1,(anonymous_53)
FNDA:1,(anonymous_54)
FNDA:1,(anonymous_55)
FNDA:1,(anonymous_56)
FNDA:1,(anonymous_57)
FNDA:1,(anonymous_58)
FNDA:1,(anonymous_59)
FNDA:1,(anonymous_60)
FNDA:1,(anonymous_61)
FNDA:1,(anonymous_62)
FNDA:1,(anonymous_63)
FNDA:1,(anonymous_64)
FNDA:1,(anonymous_65)
FNDA:1,(anonymous_66)
FNDA:1,(anonymous_67)
DA:7,1
DA:8,146
DA:11,146
DA:14,146
DA:17,146
DA:18,146
DA:19,146
DA:22,146
DA:23,146
DA:26,146
DA:27,146
DA:28,146
DA:31,146
DA:32,146
DA:33,146
DA:34,146
DA:35,146
DA:36,146
DA:37,146
DA:38,146
DA:39,146
DA:40,146
DA:41,146
DA:42,146
DA:43,146
DA:44,146
DA:45,146
DA:47,146
DA:48,146
DA:49,146
DA:50,146
DA:51,146
DA:52,146
DA:53,146
DA:54,146
DA:55,146
DA:56,146
DA:57,146
DA:58,146
DA:59,146
DA:60,146
DA:61,146
DA:62,146
DA:63,146
DA:64,146
DA:65,146
DA:66,146
DA:67,146
DA:68,146
DA:69,146
DA:70,146
DA:71,146
DA:72,146
DA:73,146
DA:74,146
DA:75,146
DA:76,146
DA:79,146
DA:80,146
DA:81,146
DA:82,146
DA:83,146
DA:84,146
DA:85,146
DA:86,146
DA:87,146
DA:88,146
DA:89,146
DA:90,146
DA:91,146
DA:92,146
DA:93,146
DA:95,146
DA:96,146
DA:97,146
DA:98,146
DA:99,146
DA:100,146
DA:101,146
DA:102,146
DA:103,146
DA:104,146
DA:105,146
DA:106,146
DA:107,146
DA:108,146
DA:109,146
DA:110,146
DA:111,146
DA:112,146
DA:113,146
DA:114,146
DA:115,146
DA:116,146
DA:117,146
DA:118,146
DA:119,146
DA:120,146
DA:121,146
DA:122,146
DA:123,146
DA:124,146
DA:129,146
DA:130,13
DA:134,13
DA:136,13
DA:137,13
DA:140,0
DA:141,0
DA:144,13
DA:145,13
DA:147,0
DA:150,13
DA:154,146
DA:155,30
DA:159,146
DA:160,30
DA:166,146
DA:167,31
DA:173,146
DA:174,31
DA:178,146
DA:179,25
DA:185,146
DA:186,25
DA:192,146
DA:193,7
DA:194,7
DA:195,7
DA:196,7
DA:197,112
DA:199,7
DA:200,7
DA:201,7
DA:202,7
DA:208,146
DA:209,4
DA:210,4
DA:211,4
DA:212,4
DA:213,76
DA:215,4
DA:216,4
DA:217,4
DA:218,4
DA:222,146
DA:223,1
DA:226,1
DA:227,1
DA:228,1
DA:232,0
DA:233,0
DA:235,0
DA:237,0
DA:239,0
DA:240,0
DA:241,0
DA:245,0
DA:246,0
DA:250,0
DA:251,0
DA:255,0
DA:257,0
DA:263,0
DA:264,0
DA:265,0
DA:266,0
DA:268,0
DA:269,0
DA:270,0
DA:271,0
DA:275,0
DA:276,0
DA:277,0
DA:280,0
DA:281,0
DA:285,146
DA:323,3
DA:336,1
DA:350,1
DA:366,1
DA:382,1
DA:398,1
DA:409,1
DA:426,1
DA:440,1
DA:454,1
DA:471,1
DA:485,1
DA:499,1
DA:513,1
DA:527,1
DA:580,1
DA:598,1
DA:614,1
DA:630,1
DA:646,1
DA:662,1
DA:678,1
DA:694,1
DA:710,1
DA:726,1
DA:742,1
DA:758,1
DA:774,1
DA:790,1
DA:806,1
DA:822,1
DA:838,1
DA:854,1
DA:870,1
DA:871,1
DA:872,1
DA:917,1
DA:935,1
DA:951,1
DA:967,1
DA:983,1
DA:999,1
DA:1018,1
DA:1034,1
DA:1050,1
DA:1066,1
DA:1082,1
DA:1098,1
DA:1114,1
DA:1115,1
DA:1116,1
LF:228
LH:199
BRDA:144,0,0,13
BRDA:144,0,1,0
BRDA:226,1,0,1
BRDA:226,1,1,0
BRDA:226,2,0,1
BRDA:226,2,1,1
BRDA:226,2,2,1
BRDA:232,3,0,0
BRDA:232,3,1,0
BRDA:263,4,0,0
BRDA:263,4,1,0
BRDA:289,5,0,61
BRDA:289,5,1,85
BRDA:289,6,0,146
BRDA:289,6,1,133
BRDA:545,7,0,44
BRDA:545,7,1,41
BRDA:882,8,0,28
BRDA:882,8,1,13
BRF:19
BRH:13
end_of_record
TN:
SF:src/components/HideIfLoggedInRoutes.js
FN:4,(anonymous_0)
FN:9,(anonymous_1)
FNF:2
FNH:0
FNDA:0,(anonymous_0)
FNDA:0,(anonymous_1)
DA:4,0
DA:5,0
DA:6,0
DA:9,0
DA:10,0
DA:11,0
DA:12,0
LF:7
LH:0
BRDA:5,0,0,0
BRDA:5,0,1,0
BRDA:12,1,0,0
BRDA:12,1,1,0
BRF:4
BRH:0
end_of_record
TN:
SF:src/components/HomePage.js
FN:9,(anonymous_0)
FNF:1
FNH:1
FNDA:2,(anonymous_0)
DA:9,1
DA:11,2
LF:2
LH:2
BRF:0
BRH:0
end_of_record
TN:
SF:src/components/HowItWorks.js
FN:12,(anonymous_0)
FNF:1
FNH:1
FNDA:2,(anonymous_0)
DA:12,1
DA:14,2
LF:2
LH:2
BRF:0
BRH:0
end_of_record
TN:
SF:src/components/IndividualResult.js
FN:9,(anonymous_0)
FN:20,(anonymous_1)
FN:26,(anonymous_2)
FN:27,(anonymous_3)
FN:31,(anonymous_4)
FN:36,(anonymous_5)
FN:40,(anonymous_6)
FN:82,(anonymous_7)
FN:93,(anonymous_8)
FN:101,(anonymous_9)
FN:117,(anonymous_10)
FN:121,(anonymous_11)
FN:156,(anonymous_12)
FNF:13
FNH:7
FNDA:16,(anonymous_0)
FNDA:4,(anonymous_1)
FNDA:4,(anonymous_2)
FNDA:4,(anonymous_3)
FNDA:0,(anonymous_4)
FNDA:8,(anonymous_5)
FNDA:8,(anonymous_6)
FNDA:0,(anonymous_7)
FNDA:0,(anonymous_8)
FNDA:0,(anonymous_9)
FNDA:0,(anonymous_10)
FNDA:0,(anonymous_11)
FNDA:96,(anonymous_12)
DA:9,1
DA:10,16
DA:12,16
DA:13,16
DA:14,16
DA:15,16
DA:16,16
DA:17,16
DA:18,16
DA:20,16
DA:21,4
DA:26,4
DA:28,4
DA:29,4
DA:32,0
DA:36,16
DA:37,8
DA:40,16
DA:41,8
DA:49,8
DA:50,8
DA:51,8
DA:52,8
DA:53,8
DA:54,8
DA:57,16
DA:78,16
DA:80,16
DA:82,16
DA:83,0
DA:84,0
DA:85,0
DA:86,0
DA:93,16
DA:94,0
DA:95,0
DA:96,0
DA:97,0
DA:101,16
DA:102,0
DA:103,0
DA:104,0
DA:105,0
DA:109,16
DA:117,0
DA:121,0
DA:156,96
LF:47
LH:32
BRDA:87,0,0,0
BRDA:87,0,1,0
BRDA:95,1,0,0
BRDA:95,1,1,0
BRDA:103,2,0,0
BRDA:103,2,1,0
BRF:6
BRH:0
end_of_record
TN:
SF:src/components/Login.js
FN:7,(anonymous_0)
FN:12,(anonymous_1)
FN:20,(anonymous_2)
FN:25,(anonymous_3)
FN:31,(anonymous_4)
FN:38,(anonymous_5)
FN:52,(anonymous_6)
FN:57,(anonymous_7)
FNF:8
FNH:6
FNDA:11,(anonymous_0)
FNDA:1,(anonymous_1)
FNDA:1,(anonymous_2)
FNDA:0,(anonymous_3)
FNDA:1,(anonymous_4)
FNDA:0,(anonymous_5)
FNDA:4,(anonymous_6)
FNDA:2,(anonymous_7)
DA:7,1
DA:8,11
DA:9,11
DA:10,11
DA:12,11
DA:13,1
DA:14,1
DA:21,1
DA:22,1
DA:23,1
DA:25,0
DA:26,0
DA:27,0
DA:32,1
DA:33,1
DA:34,1
DA:35,1
DA:36,1
DA:39,0
DA:43,11
DA:52,4
DA:57,2
LF:22
LH:18
BRDA:21,0,0,1
BRDA:21,0,1,0
BRF:2
BRH:1
end_of_record
TN:
SF:src/components/MyAccount.js
FN:5,MyAccount
FN:21,(anonymous_1)
FN:28,(anonymous_2)
FN:36,(anonymous_3)
FN:48,(anonymous_4)
FN:54,(anonymous_5)
FN:79,(anonymous_6)
FN:90,(anonymous_7)
FN:96,(anonymous_8)
FN:99,(anonymous_9)
FN:115,(anonymous_10)
FN:119,(anonymous_11)
FN:123,(anonymous_12)
FN:127,(anonymous_13)
FN:130,(anonymous_14)
FN:143,(anonymous_15)
FN:147,(anonymous_16)
FN:150,(anonymous_17)
FN:162,(anonymous_18)
FN:163,(anonymous_19)
FNF:20
FNH:17
FNDA:127,MyAccount
FNDA:13,(anonymous_1)
FNDA:13,(anonymous_2)
FNDA:13,(anonymous_3)
FNDA:0,(anonymous_4)
FNDA:7,(anonymous_5)
FNDA:3,(anonymous_6)
FNDA:0,(anonymous_7)
FNDA:3,(anonymous_8)
FNDA:0,(anonymous_9)
FNDA:1,(anonymous_10)
FNDA:2,(anonymous_11)
FNDA:1,(anonymous_12)
FNDA:1,(anonymous_13)
FNDA:1,(anonymous_14)
FNDA:2,(anonymous_15)
FNDA:2,(anonymous_16)
FNDA:1,(anonymous_17)
FNDA:4,(anonymous_18)
FNDA:3,(anonymous_19)
DA:6,127
DA:7,126
DA:8,126
DA:9,126
DA:10,126
DA:11,126
DA:12,126
DA:13,126
DA:14,126
DA:15,126
DA:16,126
DA:17,126
DA:18,126
DA:19,126
DA:21,126
DA:22,13
DA:23,13
DA:29,13
DA:30,13
DA:32,0
DA:33,0
DA:37,13
DA:38,13
DA:39,13
DA:40,13
DA:41,13
DA:42,13
DA:43,13
DA:44,13
DA:45,13
DA:46,13
DA:49,0
DA:51,13
DA:54,126
DA:55,7
DA:56,7
DA:57,1
DA:58,1
DA:60,6
DA:61,3
DA:62,3
DA:64,3
DA:65,1
DA:67,3
DA:72,3
DA:73,3
DA:80,3
DA:81,3
DA:82,3
DA:83,3
DA:84,3
DA:85,3
DA:86,3
DA:87,3
DA:88,3
DA:90,0
DA:91,0
DA:92,0
DA:97,3
DA:100,0
DA:104,126
DA:115,1
DA:119,2
DA:123,1
DA:127,1
DA:130,1
DA:143,2
DA:147,2
DA:150,1
DA:162,4
DA:164,3
DA:165,3
LF:72
LH:65
BRDA:29,0,0,13
BRDA:29,0,1,0
BRDA:56,1,0,1
BRDA:56,1,1,6
BRDA:60,2,0,3
BRDA:60,2,1,3
BRDA:60,3,0,6
BRDA:60,3,1,5
BRDA:60,3,2,4
BRDA:60,3,3,4
BRDA:60,3,4,4
BRDA:64,4,0,1
BRDA:64,4,1,2
BRDA:64,5,0,3
BRDA:64,5,1,1
BRDA:64,5,2,1
BRDA:80,6,0,3
BRDA:80,6,1,0
BRDA:107,7,0,16
BRDA:107,7,1,110
BRDA:107,8,0,126
BRDA:107,8,1,16
BRDA:135,9,0,9
BRDA:135,9,1,101
BRDA:135,10,0,110
BRDA:135,10,1,9
BRF:26
BRH:24
end_of_record
TN:
SF:src/components/MyResults.js
FN:9,(anonymous_0)
FN:14,(anonymous_1)
FN:20,(anonymous_2)
FN:21,(anonymous_3)
FN:25,(anonymous_4)
FN:30,(anonymous_5)
FN:39,(anonymous_6)
FN:55,(anonymous_7)
FN:85,(anonymous_8)
FN:92,(anonymous_9)
FN:95,(anonymous_10)
FN:99,(anonymous_11)
FNF:12
FNH:9
FNDA:11,(anonymous_0)
FNDA:4,(anonymous_1)
FNDA:4,(anonymous_2)
FNDA:4,(anonymous_3)
FNDA:0,(anonymous_4)
FNDA:0,(anonymous_5)
FNDA:24,(anonymous_6)
FNDA:12,(anonymous_7)
FNDA:12,(anonymous_8)
FNDA:0,(anonymous_9)
FNDA:2,(anonymous_10)
FNDA:72,(anonymous_11)
DA:9,1
DA:10,11
DA:11,10
DA:13,10
DA:14,10
DA:15,4
DA:20,4
DA:22,4
DA:23,4
DA:26,0
DA:30,10
DA:31,0
DA:32,0
DA:33,0
DA:35,0
DA:39,10
DA:40,24
DA:48,24
DA:49,24
DA:50,144
DA:52,24
DA:55,10
DA:56,12
DA:57,12
DA:64,10
DA:86,12
DA:87,12
DA:92,0
DA:95,2
DA:100,72
LF:30
LH:24
BRDA:32,0,0,0
BRDA:32,0,1,0
BRDA:69,1,0,6
BRDA:69,1,1,4
BRF:4
BRH:2
end_of_record
TN:
SF:src/components/NavBar.js
FN:8,NavBar
FN:12,handleClick
FN:15,handleClose
FN:17,handleLoginClick
FN:22,handleSignUpClick
FN:27,handleLogOutClick
FN:33,handleMyAccountClick
FN:38,handleCarbonCalculatorClick
FN:43,handleMyResultsClick
FN:54,isAuth
FNF:10
FNH:3
FNDA:4,NavBar
FNDA:2,handleClick
FNDA:0,handleClose
FNDA:0,handleLoginClick
FNDA:0,handleSignUpClick
FNDA:0,handleLogOutClick
FNDA:0,handleMyAccountClick
FNDA:0,handleCarbonCalculatorClick
FNDA:0,handleMyResultsClick
FNDA:4,isAuth
DA:9,4
DA:10,4
DA:13,2
DA:15,0
DA:18,0
DA:19,0
DA:23,0
DA:24,0
DA:28,0
DA:29,0
DA:30,0
DA:34,0
DA:35,0
DA:39,0
DA:40,0
DA:44,0
DA:45,0
DA:48,4
DA:55,4
DA:56,2
DA:59,4
LF:21
LH:7
BRDA:13,0,0,2
BRDA:13,0,1,0
BRDA:55,1,0,2
BRDA:55,1,1,2
BRDA:77,2,0,2
BRDA:77,2,1,2
BRDA:90,3,0,2
BRDA:90,3,1,2
BRDA:109,4,0,2
BRDA:109,4,1,2
BRF:10
BRH:9
end_of_record
TN:
SF:src/components/ProtectedRoutes.js
FN:4,(anonymous_0)
FN:9,(anonymous_1)
FNF:2
FNH:0
FNDA:0,(anonymous_0)
FNDA:0,(anonymous_1)
DA:4,0
DA:5,0
DA:6,0
DA:9,0
DA:10,0
DA:11,0
LF:6
LH:0
BRDA:5,0,0,0
BRDA:5,0,1,0
BRDA:11,1,0,0
BRDA:11,1,1,0
BRF:4
BRH:0
end_of_record
TN:
SF:src/components/SignUp.js
FN:8,(anonymous_0)
FN:11,(anonymous_1)
FN:25,(anonymous_2)
FN:29,(anonymous_3)
FN:33,(anonymous_4)
FNF:5
FNH:3
FNDA:6,(anonymous_0)
FNDA:2,(anonymous_1)
FNDA:1,(anonymous_2)
FNDA:0,(anonymous_3)
FNDA:0,(anonymous_4)
DA:8,1
DA:9,6
DA:11,6
DA:12,2
DA:13,2
DA:15,2
DA:16,1
DA:17,1
DA:20,1
DA:26,1
DA:27,1
DA:29,0
DA:30,0
DA:31,0
DA:34,0
DA:39,6
LF:16
LH:12
BRDA:15,0,0,1
BRDA:15,0,1,1
BRDA:26,1,0,1
BRDA:26,1,1,0
BRF:4
BRH:3
end_of_record
TN:
SF:src/components/csrftoken.js
FN:5,(anonymous_0)
FNF:1
FNH:0
FNDA:0,(anonymous_0)
DA:3,0
DA:5,0
DA:6,0
LF:3
LH:0
BRF:0
BRH:0
end_of_record
