TN:
SF:src/index.js
FNF:0
FNH:0
DA:8,0
DA:9,0
LF:2
LH:0
BRF:0
BRH:0
end_of_record
TN:
SF:src/components/App.js
FN:18,(anonymous_0)
FN:22,(anonymous_1)
FNF:2
FNH:2
FNDA:1,(anonymous_0)
FNDA:1,(anonymous_1)
DA:19,1
DA:23,1
LF:2
LH:2
BRF:0
BRH:0
end_of_record
TN:
SF:src/components/Blog.js
FN:4,(anonymous_0)
FN:8,(anonymous_1)
FNF:2
FNH:2
FNDA:1,(anonymous_0)
FNDA:1,(anonymous_1)
DA:5,1
DA:9,1
LF:2
LH:2
BRF:0
BRH:0
end_of_record
TN:
SF:src/components/CarbonCalculator.js
FN:7,(anonymous_0)
FN:129,(anonymous_1)
FN:131,(anonymous_2)
FN:132,(anonymous_3)
FN:136,(anonymous_4)
FN:140,isAuth
FN:151,(anonymous_6)
FN:156,(anonymous_7)
FN:163,(anonymous_8)
FN:170,(anonymous_9)
FN:175,(anonymous_10)
FN:182,(anonymous_11)
FN:189,(anonymous_12)
FN:193,(anonymous_13)
FN:205,(anonymous_14)
FN:209,(anonymous_15)
FN:219,(anonymous_16)
FN:237,(anonymous_17)
FN:259,(anonymous_18)
FN:271,(anonymous_19)
FN:276,(anonymous_20)
FN:320,(anonymous_21)
FN:333,(anonymous_22)
FN:347,(anonymous_23)
FN:363,(anonymous_24)
FN:379,(anonymous_25)
FN:395,(anonymous_26)
FN:406,(anonymous_27)
FN:423,(anonymous_28)
FN:437,(anonymous_29)
FN:451,(anonymous_30)
FN:468,(anonymous_31)
FN:482,(anonymous_32)
FN:496,(anonymous_33)
FN:510,(anonymous_34)
FN:524,(anonymous_35)
FN:577,(anonymous_36)
FN:595,(anonymous_37)
FN:611,(anonymous_38)
FN:627,(anonymous_39)
FN:643,(anonymous_40)
FN:659,(anonymous_41)
FN:675,(anonymous_42)
FN:691,(anonymous_43)
FN:707,(anonymous_44)
FN:723,(anonymous_45)
FN:739,(anonymous_46)
FN:755,(anonymous_47)
FN:771,(anonymous_48)
FN:787,(anonymous_49)
FN:803,(anonymous_50)
FN:819,(anonymous_51)
FN:835,(anonymous_52)
FN:851,(anonymous_53)
FN:866,(anonymous_54)
FN:914,(anonymous_55)
FN:932,(anonymous_56)
FN:948,(anonymous_57)
FN:964,(anonymous_58)
FN:980,(anonymous_59)
FN:996,(anonymous_60)
FN:1015,(anonymous_61)
FN:1031,(anonymous_62)
FN:1047,(anonymous_63)
FN:1063,(anonymous_64)
FN:1079,(anonymous_65)
FN:1095,(anonymous_66)
FN:1110,(anonymous_67)
FNF:68
FNH:63
FNDA:146,(anonymous_0)
FNDA:13,(anonymous_1)
FNDA:13,(anonymous_2)
FNDA:13,(anonymous_3)
FNDA:0,(anonymous_4)
FNDA:13,isAuth
FNDA:30,(anonymous_6)
FNDA:30,(anonymous_7)
FNDA:31,(anonymous_8)
FNDA:31,(anonymous_9)
FNDA:25,(anonymous_10)
FNDA:25,(anonymous_11)
FNDA:7,(anonymous_12)
FNDA:112,(anonymous_13)
FNDA:4,(anonymous_14)
FNDA:76,(anonymous_15)
FNDA:1,(anonymous_16)
FNDA:0,(anonymous_17)
FNDA:0,(anonymous_18)
FNDA:0,(anonymous_19)
FNDA:0,(anonymous_20)
FNDA:3,(anonymous_21)
FNDA:1,(anonymous_22)
FNDA:1,(anonymous_23)
FNDA:1,(anonymous_24)
FNDA:1,(anonymous_25)
FNDA:1,(anonymous_26)
FNDA:1,(anonymous_27)
FNDA:1,(anonymous_28)
FNDA:1,(anonymous_29)
FNDA:1,(anonymous_30)
FNDA:1,(anonymous_31)
FNDA:1,(anonymous_32)
FNDA:1,(anonymous_33)
FNDA:1,(anonymous_34)
FNDA:1,(anonymous_35)
FNDA:1,(anonymous_36)
FNDA:1,(anonymous_37)
FNDA:1,(anonymous_38)
FNDA:1,(anonymous_39)
FNDA:1,(anonymous_40)
FNDA:1,(anonymous_41)
FNDA:1,(anonymous_42)
FNDA:1,(anonymous_43)
FNDA:1,(anonymous_44)
FNDA:1,(anonymous_45)
FNDA:1,(anonymous_46)
FNDA:1,(anonymous_47)
FNDA:1,(anonymous_48)
FNDA:1,(anonymous_49)
FNDA:1,(anonymous_50)
FNDA:1,(anonymous_51)
FNDA:1,(anonymous_52)
FNDA:1,(anonymous_53)
FNDA:1,(anonymous_54)
FNDA:1,(anonymous_55)
FNDA:1,(anonymous_56)
FNDA:1,(anonymous_57)
FNDA:1,(anonymous_58)
FNDA:1,(anonymous_59)
FNDA:1,(anonymous_60)
FNDA:1,(anonymous_61)
FNDA:1,(anonymous_62)
FNDA:1,(anonymous_63)
FNDA:1,(anonymous_64)
FNDA:1,(anonymous_65)
FNDA:1,(anonymous_66)
FNDA:1,(anonymous_67)
DA:7,2
DA:8,146
DA:11,146
DA:14,146
DA:17,146
DA:18,146
DA:19,146
DA:22,146
DA:23,146
DA:26,146
DA:27,146
DA:28,146
DA:31,146
DA:32,146
DA:33,146
DA:34,146
DA:35,146
DA:36,146
DA:37,146
DA:38,146
DA:39,146
DA:40,146
DA:41,146
DA:42,146
DA:43,146
DA:44,146
DA:45,146
DA:47,146
DA:48,146
DA:49,146
DA:50,146
DA:51,146
DA:52,146
DA:53,146
DA:54,146
DA:55,146
DA:56,146
DA:57,146
DA:58,146
DA:59,146
DA:60,146
DA:61,146
DA:62,146
DA:63,146
DA:64,146
DA:65,146
DA:66,146
DA:67,146
DA:68,146
DA:69,146
DA:70,146
DA:71,146
DA:72,146
DA:73,146
DA:74,146
DA:75,146
DA:76,146
DA:79,146
DA:80,146
DA:81,146
DA:82,146
DA:83,146
DA:84,146
DA:85,146
DA:86,146
DA:87,146
DA:88,146
DA:89,146
DA:90,146
DA:91,146
DA:92,146
DA:93,146
DA:95,146
DA:96,146
DA:97,146
DA:98,146
DA:99,146
DA:100,146
DA:101,146
DA:102,146
DA:103,146
DA:104,146
DA:105,146
DA:106,146
DA:107,146
DA:108,146
DA:109,146
DA:110,146
DA:111,146
DA:112,146
DA:113,146
DA:114,146
DA:115,146
DA:116,146
DA:117,146
DA:118,146
DA:119,146
DA:120,146
DA:121,146
DA:122,146
DA:123,146
DA:124,146
DA:129,146
DA:130,13
DA:131,13
DA:133,13
DA:134,13
DA:137,0
DA:138,0
DA:141,13
DA:142,13
DA:144,0
DA:147,13
DA:151,146
DA:152,30
DA:156,146
DA:157,30
DA:163,146
DA:164,31
DA:170,146
DA:171,31
DA:175,146
DA:176,25
DA:182,146
DA:183,25
DA:189,146
DA:190,7
DA:191,7
DA:192,7
DA:193,7
DA:194,112
DA:196,7
DA:197,7
DA:198,7
DA:199,7
DA:205,146
DA:206,4
DA:207,4
DA:208,4
DA:209,4
DA:210,76
DA:212,4
DA:213,4
DA:214,4
DA:215,4
DA:219,146
DA:220,1
DA:223,1
DA:224,1
DA:225,1
DA:229,0
DA:230,0
DA:232,0
DA:234,0
DA:236,0
DA:237,0
DA:238,0
DA:242,0
DA:243,0
DA:247,0
DA:248,0
DA:252,0
DA:254,0
DA:260,0
DA:261,0
DA:262,0
DA:263,0
DA:265,0
DA:266,0
DA:267,0
DA:268,0
DA:272,0
DA:273,0
DA:274,0
DA:277,0
DA:278,0
DA:282,146
DA:320,3
DA:333,1
DA:347,1
DA:363,1
DA:379,1
DA:395,1
DA:406,1
DA:423,1
DA:437,1
DA:451,1
DA:468,1
DA:482,1
DA:496,1
DA:510,1
DA:524,1
DA:577,1
DA:595,1
DA:611,1
DA:627,1
DA:643,1
DA:659,1
DA:675,1
DA:691,1
DA:707,1
DA:723,1
DA:739,1
DA:755,1
DA:771,1
DA:787,1
DA:803,1
DA:819,1
DA:835,1
DA:851,1
DA:867,1
DA:868,1
DA:869,1
DA:914,1
DA:932,1
DA:948,1
DA:964,1
DA:980,1
DA:996,1
DA:1015,1
DA:1031,1
DA:1047,1
DA:1063,1
DA:1079,1
DA:1095,1
DA:1111,1
DA:1112,1
DA:1113,1
LF:228
LH:199
BRDA:141,0,0,13
BRDA:141,0,1,0
BRDA:223,1,0,1
BRDA:223,1,1,0
BRDA:223,2,0,1
BRDA:223,2,1,1
BRDA:223,2,2,1
BRDA:229,3,0,0
BRDA:229,3,1,0
BRDA:260,4,0,0
BRDA:260,4,1,0
BRDA:286,5,0,61
BRDA:286,5,1,85
BRDA:286,6,0,146
BRDA:286,6,1,133
BRDA:542,7,0,44
BRDA:542,7,1,41
BRDA:879,8,0,28
BRDA:879,8,1,13
BRF:19
BRH:13
end_of_record
TN:
SF:src/components/HideIfLoggedInRoutes.js
FN:4,(anonymous_0)
FN:9,(anonymous_1)
FNF:2
FNH:0
FNDA:0,(anonymous_0)
FNDA:0,(anonymous_1)
DA:4,1
DA:5,0
DA:6,0
DA:9,1
DA:10,0
DA:11,0
DA:12,0
LF:7
LH:2
BRDA:5,0,0,0
BRDA:5,0,1,0
BRDA:12,1,0,0
BRDA:12,1,1,0
BRF:4
BRH:0
end_of_record
TN:
SF:src/components/HomePage.js
FN:10,(anonymous_0)
FN:14,(anonymous_1)
FNF:2
FNH:2
FNDA:3,(anonymous_0)
FNDA:3,(anonymous_1)
DA:11,3
DA:15,3
LF:2
LH:2
BRF:0
BRH:0
end_of_record
TN:
SF:src/components/HowItWorks.js
FN:13,(anonymous_0)
FN:17,(anonymous_1)
FNF:2
FNH:2
FNDA:2,(anonymous_0)
FNDA:2,(anonymous_1)
DA:14,2
DA:18,2
LF:2
LH:2
BRF:0
BRH:0
end_of_record
TN:
SF:src/components/IndividualResult.js
FN:6,(anonymous_0)
FN:17,(anonymous_1)
FN:23,(anonymous_2)
FN:24,(anonymous_3)
FN:28,(anonymous_4)
FN:33,(anonymous_5)
FN:37,(anonymous_6)
FN:79,(anonymous_7)
FN:190,(anonymous_8)
FNF:9
FNH:8
FNDA:16,(anonymous_0)
FNDA:4,(anonymous_1)
FNDA:4,(anonymous_2)
FNDA:4,(anonymous_3)
FNDA:0,(anonymous_4)
FNDA:8,(anonymous_5)
FNDA:8,(anonymous_6)
FNDA:24,(anonymous_7)
FNDA:96,(anonymous_8)
DA:6,2
DA:7,16
DA:9,16
DA:10,16
DA:11,16
DA:12,16
DA:13,16
DA:14,16
DA:15,16
DA:17,16
DA:18,4
DA:23,4
DA:25,4
DA:26,4
DA:29,0
DA:33,16
DA:34,8
DA:37,16
DA:38,8
DA:46,8
DA:47,8
DA:48,8
DA:49,8
DA:50,8
DA:51,8
DA:54,16
DA:75,16
DA:77,16
DA:79,16
DA:80,24
DA:81,24
DA:82,24
DA:83,24
DA:90,16
DA:190,96
LF:35
LH:34
BRDA:84,0,0,12
BRDA:84,0,1,12
BRF:2
BRH:2
end_of_record
TN:
SF:src/components/Login.js
FN:7,(anonymous_0)
FN:12,(anonymous_1)
FN:20,(anonymous_2)
FN:25,(anonymous_3)
FN:31,(anonymous_4)
FN:38,(anonymous_5)
FN:52,(anonymous_6)
FN:57,(anonymous_7)
FNF:8
FNH:6
FNDA:11,(anonymous_0)
FNDA:1,(anonymous_1)
FNDA:1,(anonymous_2)
FNDA:0,(anonymous_3)
FNDA:1,(anonymous_4)
FNDA:0,(anonymous_5)
FNDA:4,(anonymous_6)
FNDA:2,(anonymous_7)
DA:7,2
DA:8,11
DA:9,11
DA:10,11
DA:12,11
DA:13,1
DA:14,1
DA:21,1
DA:22,1
DA:23,1
DA:25,0
DA:26,0
DA:27,0
DA:32,1
DA:33,1
DA:34,1
DA:35,1
DA:36,1
DA:39,0
DA:43,11
DA:52,4
DA:57,2
LF:22
LH:18
BRDA:21,0,0,1
BRDA:21,0,1,0
BRF:2
BRH:1
end_of_record
TN:
SF:src/components/MyAccount.js
FN:5,MyAccount
FN:21,(anonymous_1)
FN:28,(anonymous_2)
FN:36,(anonymous_3)
FN:48,(anonymous_4)
FN:54,(anonymous_5)
FN:79,(anonymous_6)
FN:90,(anonymous_7)
FN:96,(anonymous_8)
FN:99,(anonymous_9)
FN:115,(anonymous_10)
FN:119,(anonymous_11)
FN:123,(anonymous_12)
FN:127,(anonymous_13)
FN:130,(anonymous_14)
FN:143,(anonymous_15)
FN:147,(anonymous_16)
FN:150,(anonymous_17)
FN:162,(anonymous_18)
FN:163,(anonymous_19)
FNF:20
FNH:17
FNDA:117,MyAccount
FNDA:12,(anonymous_1)
FNDA:12,(anonymous_2)
FNDA:12,(anonymous_3)
FNDA:0,(anonymous_4)
FNDA:7,(anonymous_5)
FNDA:3,(anonymous_6)
FNDA:0,(anonymous_7)
FNDA:3,(anonymous_8)
FNDA:0,(anonymous_9)
FNDA:1,(anonymous_10)
FNDA:2,(anonymous_11)
FNDA:1,(anonymous_12)
FNDA:1,(anonymous_13)
FNDA:1,(anonymous_14)
FNDA:2,(anonymous_15)
FNDA:2,(anonymous_16)
FNDA:1,(anonymous_17)
FNDA:4,(anonymous_18)
FNDA:3,(anonymous_19)
DA:6,117
DA:7,116
DA:8,116
DA:9,116
DA:10,116
DA:11,116
DA:12,116
DA:13,116
DA:14,116
DA:15,116
DA:16,116
DA:17,116
DA:18,116
DA:19,116
DA:21,116
DA:22,12
DA:23,12
DA:29,12
DA:30,12
DA:32,0
DA:33,0
DA:37,12
DA:38,12
DA:39,12
DA:40,12
DA:41,12
DA:42,12
DA:43,12
DA:44,12
DA:45,12
DA:46,12
DA:49,0
DA:51,12
DA:54,116
DA:55,7
DA:56,7
DA:57,1
DA:58,1
DA:60,6
DA:61,3
DA:62,3
DA:64,3
DA:65,1
DA:67,3
DA:72,3
DA:73,3
DA:80,3
DA:81,3
DA:82,3
DA:83,3
DA:84,3
DA:85,3
DA:86,3
DA:87,3
DA:88,3
DA:90,0
DA:91,0
DA:92,0
DA:97,3
DA:100,0
DA:104,116
DA:115,1
DA:119,2
DA:123,1
DA:127,1
DA:130,1
DA:143,2
DA:147,2
DA:150,1
DA:162,4
DA:164,3
DA:165,3
LF:72
LH:65
BRDA:29,0,0,12
BRDA:29,0,1,0
BRDA:56,1,0,1
BRDA:56,1,1,6
BRDA:60,2,0,3
BRDA:60,2,1,3
BRDA:60,3,0,6
BRDA:60,3,1,5
BRDA:60,3,2,4
BRDA:60,3,3,4
BRDA:60,3,4,4
BRDA:64,4,0,1
BRDA:64,4,1,2
BRDA:64,5,0,3
BRDA:64,5,1,1
BRDA:64,5,2,1
BRDA:80,6,0,3
BRDA:80,6,1,0
BRDA:107,7,0,16
BRDA:107,7,1,100
BRDA:107,8,0,116
BRDA:107,8,1,16
BRDA:135,9,0,9
BRDA:135,9,1,91
BRDA:135,10,0,100
BRDA:135,10,1,9
BRF:26
BRH:24
end_of_record
TN:
SF:src/components/MyResults.js
FN:9,(anonymous_0)
FN:14,(anonymous_1)
FN:20,(anonymous_2)
FN:21,(anonymous_3)
FN:25,(anonymous_4)
FN:30,(anonymous_5)
FN:39,(anonymous_6)
FN:55,(anonymous_7)
FN:85,(anonymous_8)
FN:92,(anonymous_9)
FN:95,(anonymous_10)
FN:99,(anonymous_11)
FNF:12
FNH:9
FNDA:8,(anonymous_0)
FNDA:3,(anonymous_1)
FNDA:3,(anonymous_2)
FNDA:3,(anonymous_3)
FNDA:0,(anonymous_4)
FNDA:0,(anonymous_5)
FNDA:16,(anonymous_6)
FNDA:8,(anonymous_7)
FNDA:8,(anonymous_8)
FNDA:0,(anonymous_9)
FNDA:1,(anonymous_10)
FNDA:48,(anonymous_11)
DA:9,2
DA:10,8
DA:11,7
DA:13,7
DA:14,7
DA:15,3
DA:20,3
DA:22,3
DA:23,3
DA:26,0
DA:30,7
DA:31,0
DA:32,0
DA:33,0
DA:35,0
DA:39,7
DA:40,16
DA:48,16
DA:49,16
DA:50,96
DA:52,16
DA:55,7
DA:56,8
DA:57,8
DA:64,7
DA:86,8
DA:87,8
DA:92,0
DA:95,1
DA:100,48
LF:30
LH:24
BRDA:32,0,0,0
BRDA:32,0,1,0
BRDA:69,1,0,4
BRDA:69,1,1,3
BRF:4
BRH:2
end_of_record
TN:
SF:src/components/NavBar.js
FN:8,NavBar
FN:12,handleClick
FN:15,handleClose
FN:17,handleLoginClick
FN:22,handleSignUpClick
FN:27,handleLogOutClick
FN:33,handleMyAccountClick
FN:38,handleCarbonCalculatorClick
FN:43,handleMyResultsClick
FN:54,isAuth
FNF:10
FNH:3
FNDA:6,NavBar
FNDA:2,handleClick
FNDA:0,handleClose
FNDA:0,handleLoginClick
FNDA:0,handleSignUpClick
FNDA:0,handleLogOutClick
FNDA:0,handleMyAccountClick
FNDA:0,handleCarbonCalculatorClick
FNDA:0,handleMyResultsClick
FNDA:6,isAuth
DA:9,6
DA:10,6
DA:13,2
DA:15,0
DA:18,0
DA:19,0
DA:23,0
DA:24,0
DA:28,0
DA:29,0
DA:30,0
DA:34,0
DA:35,0
DA:39,0
DA:40,0
DA:44,0
DA:45,0
DA:48,6
DA:55,6
DA:56,3
DA:59,6
LF:21
LH:7
BRDA:13,0,0,2
BRDA:13,0,1,0
BRDA:55,1,0,3
BRDA:55,1,1,3
BRDA:77,2,0,2
BRDA:77,2,1,4
BRDA:90,3,0,2
BRDA:90,3,1,4
BRDA:109,4,0,3
BRDA:109,4,1,3
BRF:10
BRH:9
end_of_record
TN:
SF:src/components/ProtectedRoutes.js
FN:4,(anonymous_0)
FN:9,(anonymous_1)
FNF:2
FNH:0
FNDA:0,(anonymous_0)
FNDA:0,(anonymous_1)
DA:4,1
DA:5,0
DA:6,0
DA:9,1
DA:10,0
DA:11,0
LF:6
LH:2
BRDA:5,0,0,0
BRDA:5,0,1,0
BRDA:11,1,0,0
BRDA:11,1,1,0
BRF:4
BRH:0
end_of_record
TN:
SF:src/components/SignUp.js
FN:8,(anonymous_0)
FN:11,(anonymous_1)
FN:24,(anonymous_2)
FN:28,(anonymous_3)
FN:32,(anonymous_4)
FNF:5
FNH:3
FNDA:6,(anonymous_0)
FNDA:2,(anonymous_1)
FNDA:1,(anonymous_2)
FNDA:0,(anonymous_3)
FNDA:0,(anonymous_4)
DA:8,2
DA:9,6
DA:11,6
DA:12,2
DA:13,2
DA:15,2
DA:16,1
DA:17,1
DA:20,1
DA:25,1
DA:26,1
DA:28,0
DA:29,0
DA:30,0
DA:33,0
DA:38,6
LF:16
LH:12
BRDA:15,0,0,1
BRDA:15,0,1,1
BRDA:25,1,0,1
BRDA:25,1,1,0
BRF:4
BRH:3
end_of_record
TN:
SF:src/components/csrftoken.js
FN:5,(anonymous_0)
FNF:1
FNH:0
FNDA:0,(anonymous_0)
DA:3,0
DA:5,0
DA:6,0
LF:3
LH:0
BRF:0
BRH:0
end_of_record
